==============================================
BraTS 2D U-Net FEDERATED (70/30)
Job ID:    21320346
Node(s):   gpu-q-12
Workdir:   /home/bk489/federated/federated-thesis
Script:    /home/bk489/federated/federated-thesis/federated_unet/unet/unet_flower_train_70_30.py
Partitions:/home/bk489/federated/federated-thesis/data/partitions/federated_clients_2_70_30/client_data
Out base:  /home/bk489/federated/federated-thesis/results/federated/clients_2_70_30
Strategy:  fedavg (mu=0.1)
Rounds:    20 | LocalEpochs: 3
Batch:     4 | LR: 1e-3 | Seed: 42
Python:    /home/bk489/.conda/envs/fed/bin/python
Python 3.9.16 | packaged by conda-forge | (main, Feb  1 2023, 21:39:03) 
[GCC 11.3.0]
PyTorch 2.8.0+cu128 CUDA: 12.8 CUDA available: True Device count: 1
Flower 1.23.0
Tue Jan 27 01:32:12 2026       
+-----------------------------------------------------------------------------------------+
| NVIDIA-SMI 570.195.03             Driver Version: 570.195.03     CUDA Version: 12.8     |
|-----------------------------------------+------------------------+----------------------+
| GPU  Name                 Persistence-M | Bus-Id          Disp.A | Volatile Uncorr. ECC |
| Fan  Temp   Perf          Pwr:Usage/Cap |           Memory-Usage | GPU-Util  Compute M. |
|                                         |                        |               MIG M. |
|=========================================+========================+======================|
|   0  NVIDIA A100-SXM4-80GB          On  |   00000000:C1:00.0 Off |                    0 |
| N/A   34C    P0             65W /  500W |       0MiB /  81920MiB |      0%      Default |
|                                         |                        |             Disabled |
+-----------------------------------------+------------------------+----------------------+
                                                                                         
+-----------------------------------------------------------------------------------------+
| Processes:                                                                              |
|  GPU   GI   CI              PID   Type   Process name                        GPU Memory |
|        ID   ID                                                               Usage      |
|=========================================================================================|
|  No running processes found                                                             |
+-----------------------------------------------------------------------------------------+
==============================================
Client partition sanity check:
  client_0: train=2729 val=1122 test=1188
  client_1: train=1938 val=1122 test=1188
Starting federated training...
[Round 0] Client0 Mean=0.0219 | Client1 Mean=0.0219 | Pooled Mean=0.0219
[36m(ClientAppActor pid=741268)[0m   [Client 1] Epoch 1/3: loss=0.9511, dice=0.1788
[36m(ClientAppActor pid=741268)[0m   [Client 1] Epoch 2/3: loss=0.6693, dice=0.3731
[36m(ClientAppActor pid=741268)[0m   [Client 1] Epoch 3/3: loss=0.5946, dice=0.4436
[36m(ClientAppActor pid=741268)[0m   [Client 0] Epoch 1/3: loss=0.8713, dice=0.2328
[36m(ClientAppActor pid=741268)[0m   [Client 0] Epoch 2/3: loss=0.6527, dice=0.3881
[36m(ClientAppActor pid=741268)[0m   [Client 0] Epoch 3/3: loss=0.5931, dice=0.4450
[Round 1] Client0 Mean=0.0009 | Client1 Mean=0.0009 | Pooled Mean=0.0009
[36m(ClientAppActor pid=741268)[0m   [Client 1] Epoch 1/3: loss=0.5717, dice=0.4643
[36m(ClientAppActor pid=741268)[0m   [Client 1] Epoch 2/3: loss=0.5676, dice=0.4693
[36m(ClientAppActor pid=741268)[0m   [Client 1] Epoch 3/3: loss=0.5402, dice=0.4931
[36m(ClientAppActor pid=741268)[0m   [Client 0] Epoch 1/3: loss=0.5779, dice=0.4584
[36m(ClientAppActor pid=741268)[0m   [Client 0] Epoch 2/3: loss=0.5503, dice=0.4846
[36m(ClientAppActor pid=741268)[0m   [Client 0] Epoch 3/3: loss=0.5208, dice=0.5107
[Round 2] Client0 Mean=0.2166 | Client1 Mean=0.2166 | Pooled Mean=0.2166
[36m(ClientAppActor pid=741268)[0m   [Client 1] Epoch 1/3: loss=0.4895, dice=0.5408
[36m(ClientAppActor pid=741268)[0m   [Client 1] Epoch 2/3: loss=0.4833, dice=0.5453
[36m(ClientAppActor pid=741268)[0m   [Client 1] Epoch 3/3: loss=0.4574, dice=0.5699
[36m(ClientAppActor pid=741268)[0m   [Client 0] Epoch 1/3: loss=0.5091, dice=0.5213
[36m(ClientAppActor pid=741268)[0m   [Client 0] Epoch 2/3: loss=0.4991, dice=0.5311
[36m(ClientAppActor pid=741268)[0m   [Client 0] Epoch 3/3: loss=0.4768, dice=0.5508
[Round 3] Client0 Mean=0.2988 | Client1 Mean=0.2988 | Pooled Mean=0.2988
[36m(ClientAppActor pid=741268)[0m   [Client 0] Epoch 1/3: loss=0.4514, dice=0.5740
[36m(ClientAppActor pid=741268)[0m   [Client 0] Epoch 2/3: loss=0.4321, dice=0.5923
[36m(ClientAppActor pid=741268)[0m   [Client 0] Epoch 3/3: loss=0.4223, dice=0.6010
[36m(ClientAppActor pid=741268)[0m   [Client 1] Epoch 1/3: loss=0.4255, dice=0.5991
[36m(ClientAppActor pid=741268)[0m   [Client 1] Epoch 2/3: loss=0.4323, dice=0.5920
[36m(ClientAppActor pid=741268)[0m   [Client 1] Epoch 3/3: loss=0.4080, dice=0.6153
[Round 4] Client0 Mean=0.2000 | Client1 Mean=0.2000 | Pooled Mean=0.2000
