Loading rhel8/default-amp
  Loading requirement: libpciaccess/0.16/gcc-9.4.0-6fonbj6
    libiconv/1.16/gcc-9.4.0-ahebbov libxml2/2.9.12/gcc-9.4.0-gnknt5e
    ncurses/6.2/gcc-9.4.0-aiirok7 hwloc/2.5.0/gcc-9.4.0-7sqomga
    libevent/2.1.12/gcc-9.4.0-hgny7cm numactl/2.0.14/gcc-9.4.0-52dwc6n
    cuda/11.4.0/gcc-9.4.0-3hnxhjt gdrcopy/2.2/gcc-9.4.0-e4igtfp
    knem/1.1.4/gcc-9.4.0-bpbxgva libnl/3.3.0/gcc-9.4.0-whwhrwb
    rdma-core/34.0/gcc-9.4.0-5eo5n2u ucx/1.11.1/gcc-9.4.0-lktqyl4
    openmpi/4.1.1/gcc-9.4.0-epagguv

A module that was compiled using NumPy 1.x cannot be run in
NumPy 2.0.2 as it may crash. To support both 1.x and 2.x
versions of NumPy, modules must be compiled with NumPy 2.0.
Some module may need to rebuild instead e.g. with 'pybind11>=2.12'.

If you are a user of the module, the easiest solution will be to
downgrade to 'numpy<2' or try to upgrade the affected module.
We expect that some modules will need time to support NumPy 2.

Traceback (most recent call last):  File "/home/bk489/.conda/envs/fed/lib/python3.9/threading.py", line 937, in _bootstrap
    self._bootstrap_inner()
  File "/home/bk489/.conda/envs/fed/lib/python3.9/threading.py", line 980, in _bootstrap_inner
    self.run()
  File "/home/bk489/.conda/envs/fed/lib/python3.9/threading.py", line 917, in run
    self._target(*self._args, **self._kwargs)
  File "/home/bk489/.conda/envs/fed/lib/python3.9/site-packages/nvflare/private/fed/app/simulator/simulator_runner.py", line 570, in start_server_app
    server_app_runner.start_server_app(
  File "/home/bk489/.conda/envs/fed/lib/python3.9/site-packages/nvflare/private/fed/server/server_app_runner.py", line 76, in start_server_app
    conf.configure()
  File "/home/bk489/.conda/envs/fed/lib/python3.9/site-packages/nvflare/private/json_configer.py", line 147, in configure
    self._do_configure()
  File "/home/bk489/.conda/envs/fed/lib/python3.9/site-packages/nvflare/private/json_configer.py", line 140, in _do_configure
    self.json_scanner.scan(self)
  File "/home/bk489/.conda/envs/fed/lib/python3.9/site-packages/nvflare/fuel/utils/json_scanner.py", line 159, in scan
    self._do_scan(node)
  File "/home/bk489/.conda/envs/fed/lib/python3.9/site-packages/nvflare/fuel/utils/json_scanner.py", line 129, in _do_scan
    self._do_scan(_child_node(node, k, 0, v))
  File "/home/bk489/.conda/envs/fed/lib/python3.9/site-packages/nvflare/fuel/utils/json_scanner.py", line 132, in _do_scan
    self._do_scan(_child_node(node, node.key, i + 1, element[i]))
  File "/home/bk489/.conda/envs/fed/lib/python3.9/site-packages/nvflare/fuel/utils/json_scanner.py", line 99, in _do_scan
    node.processor.process_element(node)
  File "/home/bk489/.conda/envs/fed/lib/python3.9/site-packages/nvflare/private/json_configer.py", line 153, in process_element
    self.process_config_element(self.config_ctx, node)
  File "/home/bk489/.conda/envs/fed/lib/python3.9/site-packages/nvflare/private/fed/server/server_json_config.py", line 108, in process_config_element
    FedJsonConfigurator.process_config_element(self, config_ctx, node)
  File "/home/bk489/.conda/envs/fed/lib/python3.9/site-packages/nvflare/private/fed_json_config.py", line 91, in process_config_element
    c = self.authorize_and_build_component(element, config_ctx, node)
  File "/home/bk489/.conda/envs/fed/lib/python3.9/site-packages/nvflare/private/json_configer.py", line 106, in authorize_and_build_component
    return self.build_component(config_dict)
  File "/home/bk489/.conda/envs/fed/lib/python3.9/site-packages/nvflare/private/fed/server/server_json_config.py", line 166, in build_component
    t = super().build_component(config_dict)
  File "/home/bk489/.conda/envs/fed/lib/python3.9/site-packages/nvflare/fuel/utils/component_builder.py", line 74, in build_component
    t = self.build_component(v)
  File "/home/bk489/.conda/envs/fed/lib/python3.9/site-packages/nvflare/private/fed/server/server_json_config.py", line 166, in build_component
    t = super().build_component(config_dict)
  File "/home/bk489/.conda/envs/fed/lib/python3.9/site-packages/nvflare/fuel/utils/component_builder.py", line 86, in build_component
    return instantiate_class(class_path, class_args)
  File "/home/bk489/.conda/envs/fed/lib/python3.9/site-packages/nvflare/fuel/utils/class_utils.py", line 43, in instantiate_class
    instance = c()
  File "/home/bk489/federated/federated-thesis/workspace/mnist_fedavg/server/simulate_job/app_server/custom/model.py", line 30, in __init__
    self.linear = nn.Linear(input_dim, num_classes)
  File "/home/bk489/.conda/envs/fed/lib/python3.9/site-packages/torch/nn/modules/linear.py", line 96, in __init__
    self.weight = Parameter(torch.empty((out_features, in_features), **factory_kwargs))
/home/bk489/.conda/envs/fed/lib/python3.9/site-packages/torch/nn/modules/linear.py:96: UserWarning: Failed to initialize NumPy: _ARRAY_API not found (Triggered internally at /opt/conda/conda-bld/pytorch_1670525495809/work/torch/csrc/utils/tensor_numpy.cpp:77.)
  self.weight = Parameter(torch.empty((out_features, in_features), **factory_kwargs))
