==============================================
Flower MNIST 2-Digit - FedAvg
==============================================
Job ID: 21034048
Node: gpu-q-5
Strategy: FedAvg
Rounds: 30
Clients: 10
Local Epochs: 1
Learning Rate: 0.01
Seed: 42
==============================================
Python: /home/bk489/.conda/envs/fed/bin/python
Python version: 3.9.16 | packaged by conda-forge | (main, Feb  1 2023, 21:39:03) 
[GCC 11.3.0]
PyTorch: 2.8.0+cu128 CUDA: True
Flower: 1.23.0
NVIDIA A100-SXM4-80GB, 81920 MiB
==============================================

Starting FedAvg experiment at Fri Jan 23 11:26:16 GMT 2026


============================================================
Flower MNIST 2-Digit Federated Learning Experiment
============================================================
Strategy: FEDAVG
Proximal mu: N/A (FedAvg)
Clients: 10
Rounds: 30
Local epochs: 1
Learning rate: 0.01
Device: cuda
Output dir: /home/bk489/federated/federated-thesis/results/flower_mnist_2digits
Run name: fedavg_r30_e1_lr0.01_s42
============================================================

  [Round 0] Global Test - Loss: 2.3029, Accuracy: 0.0888
  [Round 1] Global Test - Loss: 1.8978, Accuracy: 0.3279
  [Round 2] Global Test - Loss: 1.4184, Accuracy: 0.6306
  [Round 3] Global Test - Loss: 1.1900, Accuracy: 0.6436
  [Round 4] Global Test - Loss: 1.0600, Accuracy: 0.6698
  [Round 5] Global Test - Loss: 0.9822, Accuracy: 0.6835
  [Round 6] Global Test - Loss: 0.9034, Accuracy: 0.7016
  [Round 7] Global Test - Loss: 0.8565, Accuracy: 0.7268
  [Round 8] Global Test - Loss: 0.8110, Accuracy: 0.7313
  [Round 9] Global Test - Loss: 0.7649, Accuracy: 0.7438
  [Round 10] Global Test - Loss: 0.7173, Accuracy: 0.7652
  [Round 11] Global Test - Loss: 0.6776, Accuracy: 0.7758
  [Round 12] Global Test - Loss: 0.6304, Accuracy: 0.7937
  [Round 13] Global Test - Loss: 0.6191, Accuracy: 0.7963
  [Round 14] Global Test - Loss: 0.5777, Accuracy: 0.8130
  [Round 15] Global Test - Loss: 0.5600, Accuracy: 0.8194
  [Round 16] Global Test - Loss: 0.5228, Accuracy: 0.8353
  [Round 17] Global Test - Loss: 0.5047, Accuracy: 0.8412
  [Round 18] Global Test - Loss: 0.4772, Accuracy: 0.8528
  [Round 19] Global Test - Loss: 0.4587, Accuracy: 0.8619
  [Round 20] Global Test - Loss: 0.4481, Accuracy: 0.8626
  [Round 21] Global Test - Loss: 0.4297, Accuracy: 0.8693
  [Round 22] Global Test - Loss: 0.4084, Accuracy: 0.8771
  [Round 23] Global Test - Loss: 0.3916, Accuracy: 0.8816
  [Round 24] Global Test - Loss: 0.3834, Accuracy: 0.8831
  [Round 25] Global Test - Loss: 0.3774, Accuracy: 0.8839
  [Round 26] Global Test - Loss: 0.3612, Accuracy: 0.8917
  [Round 27] Global Test - Loss: 0.3526, Accuracy: 0.8941
  [Round 28] Global Test - Loss: 0.3481, Accuracy: 0.8948
  [Round 29] Global Test - Loss: 0.3312, Accuracy: 0.9004
  [Round 30] Global Test - Loss: 0.3228, Accuracy: 0.9029

Results saved to: /home/bk489/federated/federated-thesis/results/flower_mnist_2digits/fedavg_r30_e1_lr0.01_s42_results.json

============================================================
EXPERIMENT SUMMARY
============================================================
Strategy: FEDAVG

--- Accuracy & Loss ---
Final Accuracy: 0.9029
Best Accuracy:  0.9029
Final Loss:     0.3228
Best Loss:      0.3228

--- Convergence (rounds to reach threshold, -1 if never) ---
Rounds to 90% accuracy: -1
Rounds to 95% accuracy: -1
Rounds to 98% accuracy: -1

--- Stability (accuracy) ---
Variance:       0.029030
Max Oscillation:0.3027
Smoothness:     0.9736

--- Timing ---
Total Time:     469.79s
Avg per Round:  15.66s
============================================================

Client digit pairs (train):
  client 0: digits=(0, 5)
  client 1: digits=(1, 6)
  client 2: digits=(2, 7)
  client 3: digits=(3, 8)
  client 4: digits=(4, 9)
  client 5: digits=(5, 0)
  client 6: digits=(6, 1)
  client 7: digits=(7, 2)
  client 8: digits=(8, 3)
  client 9: digits=(9, 4)

==============================================
FedAvg Experiment Complete!
==============================================
End time: Fri Jan 23 11:34:29 GMT 2026
Results saved in: /home/bk489/federated/federated-thesis/results/flower_mnist_2digits

