==============================================
Flower MNIST 2-Digit - FedProx
==============================================
Job ID: 21035597
Node: gpu-q-5
Strategy: FedProx (mu=0.01)
Rounds: 30
Clients: 10
Local Epochs: 1
Learning Rate: 0.01
Seed: 42
==============================================
Python: /home/bk489/.conda/envs/fed/bin/python
Python version: 3.9.16 | packaged by conda-forge | (main, Feb  1 2023, 21:39:03) 
[GCC 11.3.0]
PyTorch: 2.8.0+cu128 CUDA: True
Flower: 1.23.0
NVIDIA A100-SXM4-80GB, 81920 MiB
==============================================

Starting FedProx experiment at Fri Jan 23 12:28:43 GMT 2026


============================================================
Flower MNIST 2-Digit Federated Learning Experiment
============================================================
Strategy: FEDPROX
Proximal mu: 0.01
Clients: 10
Rounds: 30
Local epochs: 1
Learning rate: 0.01
Device: cuda
Output dir: /home/bk489/federated/federated-thesis/results/flower_mnist_2digits
Run name: fedprox_r30_mu0.01_e1_lr0.01_s42
============================================================

  [Round 0] Global Test - Loss: 2.3129, Accuracy: 0.0645
  [Round 1] Global Test - Loss: 1.9405, Accuracy: 0.2749
  [Round 2] Global Test - Loss: 1.4617, Accuracy: 0.6476
  [Round 3] Global Test - Loss: 1.2245, Accuracy: 0.6625
  [Round 4] Global Test - Loss: 1.0829, Accuracy: 0.6826
  [Round 5] Global Test - Loss: 1.0170, Accuracy: 0.6928
  [Round 6] Global Test - Loss: 0.9237, Accuracy: 0.7118
  [Round 7] Global Test - Loss: 0.8374, Accuracy: 0.7306
  [Round 8] Global Test - Loss: 0.7913, Accuracy: 0.7453
  [Round 9] Global Test - Loss: 0.7494, Accuracy: 0.7584
  [Round 10] Global Test - Loss: 0.7096, Accuracy: 0.7742
  [Round 11] Global Test - Loss: 0.6470, Accuracy: 0.7980
  [Round 12] Global Test - Loss: 0.6198, Accuracy: 0.8026
  [Round 13] Global Test - Loss: 0.5855, Accuracy: 0.8169
  [Round 14] Global Test - Loss: 0.5566, Accuracy: 0.8279
  [Round 15] Global Test - Loss: 0.5307, Accuracy: 0.8355
  [Round 16] Global Test - Loss: 0.5087, Accuracy: 0.8407
  [Round 17] Global Test - Loss: 0.4826, Accuracy: 0.8517
  [Round 18] Global Test - Loss: 0.4622, Accuracy: 0.8569
  [Round 19] Global Test - Loss: 0.4476, Accuracy: 0.8674
  [Round 20] Global Test - Loss: 0.4279, Accuracy: 0.8692
  [Round 21] Global Test - Loss: 0.4227, Accuracy: 0.8713
  [Round 22] Global Test - Loss: 0.4108, Accuracy: 0.8714
  [Round 23] Global Test - Loss: 0.3838, Accuracy: 0.8861
  [Round 24] Global Test - Loss: 0.3807, Accuracy: 0.8859
  [Round 25] Global Test - Loss: 0.3602, Accuracy: 0.8957
  [Round 26] Global Test - Loss: 0.3523, Accuracy: 0.8967
  [Round 27] Global Test - Loss: 0.3451, Accuracy: 0.8979
  [Round 28] Global Test - Loss: 0.3298, Accuracy: 0.9032
  [Round 29] Global Test - Loss: 0.3156, Accuracy: 0.9085
  [Round 30] Global Test - Loss: 0.3101, Accuracy: 0.9100

Results saved to: /home/bk489/federated/federated-thesis/results/flower_mnist_2digits/fedprox_r30_mu0.01_e1_lr0.01_s42_results.json

============================================================
EXPERIMENT SUMMARY
============================================================
Strategy: FEDPROX (mu=0.01)

--- Accuracy & Loss ---
Final Accuracy: 0.9100
Best Accuracy:  0.9100
Final Loss:     0.3101
Best Loss:      0.3101

--- Convergence (rounds to reach threshold, -1 if never) ---
Rounds to 90% accuracy: 28
Rounds to 95% accuracy: -1
Rounds to 98% accuracy: -1

--- Stability (accuracy) ---
Variance:        0.031942
Max Oscillation: 0.3727
Smoothness:      0.9726

--- Timing ---
Total Time:     518.04s
Avg per Round:  17.27s
============================================================

Client digit pairs (train):
  client 0: digits=(0, 5)
  client 1: digits=(1, 6)
  client 2: digits=(2, 7)
  client 3: digits=(3, 8)
  client 4: digits=(4, 9)
  client 5: digits=(5, 0)
  client 6: digits=(6, 1)
  client 7: digits=(7, 2)
  client 8: digits=(8, 3)
  client 9: digits=(9, 4)

==============================================
FedProx Experiment Complete!
==============================================
End time: Fri Jan 23 12:37:39 GMT 2026
Results saved in: /home/bk489/federated/federated-thesis/results/flower_mnist_2digits

