Loading rhel8/default-amp
  Loading requirement: libpciaccess/0.16/gcc-9.4.0-6fonbj6
    libiconv/1.16/gcc-9.4.0-ahebbov libxml2/2.9.12/gcc-9.4.0-gnknt5e
    ncurses/6.2/gcc-9.4.0-aiirok7 hwloc/2.5.0/gcc-9.4.0-7sqomga
    libevent/2.1.12/gcc-9.4.0-hgny7cm numactl/2.0.14/gcc-9.4.0-52dwc6n
    cuda/11.4.0/gcc-9.4.0-3hnxhjt gdrcopy/2.2/gcc-9.4.0-e4igtfp
    knem/1.1.4/gcc-9.4.0-bpbxgva libnl/3.3.0/gcc-9.4.0-whwhrwb
    rdma-core/34.0/gcc-9.4.0-5eo5n2u ucx/1.11.1/gcc-9.4.0-lktqyl4
    openmpi/4.1.1/gcc-9.4.0-epagguv
Traceback (most recent call last):
  File "<stdin>", line 1, in <module>
  File "/home/bk489/federated/federated-thesis/fed/lib/python3.9/site-packages/torch/__init__.py", line 416, in <module>
    from torch._C import *  # noqa: F403
ImportError: /usr/local/software/spack/develop-290617/spack/opt/spack/linux-rhel7-x86_64/gcc-4.8.5/gcc-5.4.0-fis24ggupugiobii56fesif2y3qulpdr/lib64/libstdc++.so.6: version `CXXABI_1.3.11' not found (required by /home/bk489/federated/federated-thesis/fed/lib/python3.9/site-packages/torch/lib/libtorch_python.so)
Traceback (most recent call last):
  File "/home/bk489/federated/federated-thesis/src/local_baseline.py", line 23, in <module>
    import torch
  File "/home/bk489/federated/federated-thesis/fed/lib/python3.9/site-packages/torch/__init__.py", line 416, in <module>
    from torch._C import *  # noqa: F403
ImportError: /usr/local/software/spack/develop-290617/spack/opt/spack/linux-rhel7-x86_64/gcc-4.8.5/gcc-5.4.0-fis24ggupugiobii56fesif2y3qulpdr/lib64/libstdc++.so.6: version `CXXABI_1.3.11' not found (required by /home/bk489/federated/federated-thesis/fed/lib/python3.9/site-packages/torch/lib/libtorch_python.so)
