==============================================
BraTS2020 2D U-Net (Train/Val/Test)
Job ID: 21185516
Node(s): gpu-q-11
Project: /home/bk489/federated/federated-thesis
Script:  /home/bk489/federated/federated-thesis/unet/train_unet_brats2d.py
Data:    /home/bk489/Downloads/BraTS2020_2D_png_split
Python:  /home/bk489/.conda/envs/fed/bin/python
PyTorch 2.8.0+cu128 | CUDA available: True
CUDA: 12.8
Sun Jan 25 01:12:02 2026       
+-----------------------------------------------------------------------------------------+
| NVIDIA-SMI 570.195.03             Driver Version: 570.195.03     CUDA Version: 12.8     |
|-----------------------------------------+------------------------+----------------------+
| GPU  Name                 Persistence-M | Bus-Id          Disp.A | Volatile Uncorr. ECC |
| Fan  Temp   Perf          Pwr:Usage/Cap |           Memory-Usage | GPU-Util  Compute M. |
|                                         |                        |               MIG M. |
|=========================================+========================+======================|
|   0  NVIDIA A100-SXM4-80GB          On  |   00000000:81:00.0 Off |                    0 |
| N/A   37C    P0             67W /  500W |       0MiB /  81920MiB |      0%      Default |
|                                         |                        |             Disabled |
+-----------------------------------------+------------------------+----------------------+
                                                                                         
+-----------------------------------------------------------------------------------------+
| Processes:                                                                              |
|  GPU   GI   CI              PID   Type   Process name                        GPU Memory |
|        ID   ID                                                               Usage      |
|=========================================================================================|
|  No running processes found                                                             |
+-----------------------------------------------------------------------------------------+
==============================================
Starting BraTS 2D U-Net training...
BraTS 2D U-Net job completed!
