Loading rhel8/default-amp
  Loading requirement: libpciaccess/0.16/gcc-9.4.0-6fonbj6
    libiconv/1.16/gcc-9.4.0-ahebbov libxml2/2.9.12/gcc-9.4.0-gnknt5e
    ncurses/6.2/gcc-9.4.0-aiirok7 hwloc/2.5.0/gcc-9.4.0-7sqomga
    libevent/2.1.12/gcc-9.4.0-hgny7cm numactl/2.0.14/gcc-9.4.0-52dwc6n
    cuda/11.4.0/gcc-9.4.0-3hnxhjt gdrcopy/2.2/gcc-9.4.0-e4igtfp
    knem/1.1.4/gcc-9.4.0-bpbxgva libnl/3.3.0/gcc-9.4.0-whwhrwb
    rdma-core/34.0/gcc-9.4.0-5eo5n2u ucx/1.11.1/gcc-9.4.0-lktqyl4
    openmpi/4.1.1/gcc-9.4.0-epagguv
[93mWARNING [0m:   DEPRECATED FEATURE: flwr.simulation.start_simulation() is deprecated.
	Instead, use the `flwr run` CLI command to start a local simulation in your Flower app, as shown for example below:

		$ flwr new  # Create a new Flower app from a template

		$ flwr run  # Run the Flower app in Simulation Mode

	Using `start_simulation()` is deprecated.

            This is a deprecated feature. It will be removed
            entirely in future versions of Flower.
        
[92mINFO [0m:      Starting Flower simulation, config: num_rounds=10, no round_timeout
2026-01-26 22:23:47,635	INFO worker.py:1771 -- Started a local Ray instance.
[92mINFO [0m:      Flower VCE: Ray initialized with resources: {'accelerator_type:A100': 1.0, 'node:__internal_head__': 1.0, 'node:10.43.74.24': 1.0, 'CPU': 128.0, 'memory': 804162296832.0, 'object_store_memory': 200000000000.0, 'GPU': 1.0}
[92mINFO [0m:      Optimize your simulation with Flower VCE: https://flower.ai/docs/framework/how-to-run-simulations.html
[92mINFO [0m:      Flower VCE: Resources for each Virtual Client: {'num_cpus': 1, 'num_gpus': 1}
[92mINFO [0m:      Flower VCE: Creating VirtualClientEngineActorPool with 1 actors
[92mINFO [0m:      [INIT]
[92mINFO [0m:      Requesting initial parameters from one random client
[36m(ClientAppActor pid=972065)[0m [93mWARNING [0m:   DEPRECATED FEATURE: `client_fn` now expects a signature `def client_fn(context: Context)`.The provided `client_fn` has signature: {'cid': <Parameter "cid: str">}. You can import the `Context` like this: `from flwr.common import Context`
[36m(ClientAppActor pid=972065)[0m 
[36m(ClientAppActor pid=972065)[0m             This is a deprecated feature. It will be removed
[36m(ClientAppActor pid=972065)[0m             entirely in future versions of Flower.
[36m(ClientAppActor pid=972065)[0m         
[92mINFO [0m:      Received initial parameters from one random client
[92mINFO [0m:      Starting evaluation of initial global parameters
[36m(ClientAppActor pid=972065)[0m [93mWARNING [0m:   Deprecation Warning: The `client_fn` function must return an instance of `Client`, but an instance of `NumpyClient` was returned. Please use `NumPyClient.to_client()` method to convert it to `Client`.
[92mINFO [0m:      initial parameters (loss, other metrics): 1.6104802250862122, {'client0_meanDice': 0.03757236525416374, 'client0_WT': 0.0687328353524208, 'client0_TC': 0.027870148420333862, 'client0_ET': 0.016114111989736557, 'client1_meanDice': 0.04900364577770233, 'client1_WT': 0.07978540658950806, 'client1_TC': 0.046879928559064865, 'client1_ET': 0.020345598459243774, 'global_meanDice': 0.0417843721807003, 'global_WT': 0.0732700452208519, 'global_TC': 0.03515077382326126, 'global_ET': 0.016932295635342598}
[92mINFO [0m:      
[92mINFO [0m:      [ROUND 1]
[92mINFO [0m:      configure_fit: strategy sampled 2 clients (out of 2)
[36m(ClientAppActor pid=972065)[0m [93mWARNING [0m:   DEPRECATED FEATURE: `client_fn` now expects a signature `def client_fn(context: Context)`.The provided `client_fn` has signature: {'cid': <Parameter "cid: str">}. You can import the `Context` like this: `from flwr.common import Context`
[36m(ClientAppActor pid=972065)[0m 
[36m(ClientAppActor pid=972065)[0m             This is a deprecated feature. It will be removed
[36m(ClientAppActor pid=972065)[0m             entirely in future versions of Flower.
[36m(ClientAppActor pid=972065)[0m         
[36m(ClientAppActor pid=972065)[0m [93mWARNING [0m:   Deprecation Warning: The `client_fn` function must return an instance of `Client`, but an instance of `NumpyClient` was returned. Please use `NumPyClient.to_client()` method to convert it to `Client`.
[36m(ClientAppActor pid=972065)[0m [93mWARNING [0m:   DEPRECATED FEATURE: `client_fn` now expects a signature `def client_fn(context: Context)`.The provided `client_fn` has signature: {'cid': <Parameter "cid: str">}. You can import the `Context` like this: `from flwr.common import Context`
[36m(ClientAppActor pid=972065)[0m 
[36m(ClientAppActor pid=972065)[0m             This is a deprecated feature. It will be removed
[36m(ClientAppActor pid=972065)[0m             entirely in future versions of Flower.
[36m(ClientAppActor pid=972065)[0m         
[36m(ClientAppActor pid=972065)[0m [93mWARNING [0m:   Deprecation Warning: The `client_fn` function must return an instance of `Client`, but an instance of `NumpyClient` was returned. Please use `NumPyClient.to_client()` method to convert it to `Client`.
[92mINFO [0m:      aggregate_fit: received 2 results and 0 failures
[93mWARNING [0m:   No fit_metrics_aggregation_fn provided
[92mINFO [0m:      fit progress: (1, 0.9488368630409241, {'client0_meanDice': 0.20494018495082855, 'client0_WT': 0.35668161511421204, 'client0_TC': 0.1587817668914795, 'client0_ET': 0.09935719519853592, 'client1_meanDice': 0.2477223128080368, 'client1_WT': 0.38984599709510803, 'client1_TC': 0.23549248278141022, 'client1_ET': 0.11782839894294739, 'global_meanDice': 0.22095145285129547, 'global_WT': 0.37149864435195923, 'global_TC': 0.18896910548210144, 'global_ET': 0.10238666832447052}, 213.7849610259873)
[92mINFO [0m:      configure_evaluate: strategy sampled 2 clients (out of 2)
[36m(ClientAppActor pid=972065)[0m [93mWARNING [0m:   DEPRECATED FEATURE: `client_fn` now expects a signature `def client_fn(context: Context)`.The provided `client_fn` has signature: {'cid': <Parameter "cid: str">}. You can import the `Context` like this: `from flwr.common import Context`
[36m(ClientAppActor pid=972065)[0m 
[36m(ClientAppActor pid=972065)[0m             This is a deprecated feature. It will be removed
[36m(ClientAppActor pid=972065)[0m             entirely in future versions of Flower.
[36m(ClientAppActor pid=972065)[0m         
[36m(ClientAppActor pid=972065)[0m [93mWARNING [0m:   Deprecation Warning: The `client_fn` function must return an instance of `Client`, but an instance of `NumpyClient` was returned. Please use `NumPyClient.to_client()` method to convert it to `Client`.
[36m(ClientAppActor pid=972065)[0m [93mWARNING [0m:   DEPRECATED FEATURE: `client_fn` now expects a signature `def client_fn(context: Context)`.The provided `client_fn` has signature: {'cid': <Parameter "cid: str">}. You can import the `Context` like this: `from flwr.common import Context`
[36m(ClientAppActor pid=972065)[0m 
[36m(ClientAppActor pid=972065)[0m             This is a deprecated feature. It will be removed
[36m(ClientAppActor pid=972065)[0m             entirely in future versions of Flower.
[36m(ClientAppActor pid=972065)[0m         
[36m(ClientAppActor pid=972065)[0m [93mWARNING [0m:   Deprecation Warning: The `client_fn` function must return an instance of `Client`, but an instance of `NumpyClient` was returned. Please use `NumPyClient.to_client()` method to convert it to `Client`.
[92mINFO [0m:      aggregate_evaluate: received 2 results and 0 failures
[93mWARNING [0m:   No evaluate_metrics_aggregation_fn provided
[92mINFO [0m:      
[92mINFO [0m:      [ROUND 2]
[92mINFO [0m:      configure_fit: strategy sampled 2 clients (out of 2)
[36m(ClientAppActor pid=972065)[0m [93mWARNING [0m:   DEPRECATED FEATURE: `client_fn` now expects a signature `def client_fn(context: Context)`.The provided `client_fn` has signature: {'cid': <Parameter "cid: str">}. You can import the `Context` like this: `from flwr.common import Context`
[36m(ClientAppActor pid=972065)[0m 
[36m(ClientAppActor pid=972065)[0m             This is a deprecated feature. It will be removed
[36m(ClientAppActor pid=972065)[0m             entirely in future versions of Flower.
[36m(ClientAppActor pid=972065)[0m         
[36m(ClientAppActor pid=972065)[0m [93mWARNING [0m:   Deprecation Warning: The `client_fn` function must return an instance of `Client`, but an instance of `NumpyClient` was returned. Please use `NumPyClient.to_client()` method to convert it to `Client`.
[36m(ClientAppActor pid=972065)[0m [93mWARNING [0m:   DEPRECATED FEATURE: `client_fn` now expects a signature `def client_fn(context: Context)`.The provided `client_fn` has signature: {'cid': <Parameter "cid: str">}. You can import the `Context` like this: `from flwr.common import Context`
[36m(ClientAppActor pid=972065)[0m 
[36m(ClientAppActor pid=972065)[0m             This is a deprecated feature. It will be removed
[36m(ClientAppActor pid=972065)[0m             entirely in future versions of Flower.
[36m(ClientAppActor pid=972065)[0m         
[36m(ClientAppActor pid=972065)[0m [93mWARNING [0m:   Deprecation Warning: The `client_fn` function must return an instance of `Client`, but an instance of `NumpyClient` was returned. Please use `NumPyClient.to_client()` method to convert it to `Client`.
[92mINFO [0m:      aggregate_fit: received 2 results and 0 failures
[92mINFO [0m:      fit progress: (2, 0.36921579837799073, {'client0_meanDice': 0.6525211334228516, 'client0_WT': 0.7858707308769226, 'client0_TC': 0.5499456524848938, 'client0_ET': 0.6217470169067383, 'client1_meanDice': 0.688789427280426, 'client1_WT': 0.8121334910392761, 'client1_TC': 0.6423544883728027, 'client1_ET': 0.6118803024291992, 'global_meanDice': 0.6621932983398438, 'global_WT': 0.7961881160736084, 'global_TC': 0.5890240669250488, 'global_ET': 0.6013676524162292}, 415.11965802899795)
[92mINFO [0m:      configure_evaluate: strategy sampled 2 clients (out of 2)
[36m(ClientAppActor pid=972065)[0m [93mWARNING [0m:   DEPRECATED FEATURE: `client_fn` now expects a signature `def client_fn(context: Context)`.The provided `client_fn` has signature: {'cid': <Parameter "cid: str">}. You can import the `Context` like this: `from flwr.common import Context`
[36m(ClientAppActor pid=972065)[0m 
[36m(ClientAppActor pid=972065)[0m             This is a deprecated feature. It will be removed
[36m(ClientAppActor pid=972065)[0m             entirely in future versions of Flower.
[36m(ClientAppActor pid=972065)[0m         
[36m(ClientAppActor pid=972065)[0m [93mWARNING [0m:   Deprecation Warning: The `client_fn` function must return an instance of `Client`, but an instance of `NumpyClient` was returned. Please use `NumPyClient.to_client()` method to convert it to `Client`.
[36m(ClientAppActor pid=972065)[0m [93mWARNING [0m:   DEPRECATED FEATURE: `client_fn` now expects a signature `def client_fn(context: Context)`.The provided `client_fn` has signature: {'cid': <Parameter "cid: str">}. You can import the `Context` like this: `from flwr.common import Context`
[36m(ClientAppActor pid=972065)[0m 
[36m(ClientAppActor pid=972065)[0m             This is a deprecated feature. It will be removed
[36m(ClientAppActor pid=972065)[0m             entirely in future versions of Flower.
[36m(ClientAppActor pid=972065)[0m         
[36m(ClientAppActor pid=972065)[0m [93mWARNING [0m:   Deprecation Warning: The `client_fn` function must return an instance of `Client`, but an instance of `NumpyClient` was returned. Please use `NumPyClient.to_client()` method to convert it to `Client`.
[92mINFO [0m:      aggregate_evaluate: received 2 results and 0 failures
[92mINFO [0m:      
[92mINFO [0m:      [ROUND 3]
[92mINFO [0m:      configure_fit: strategy sampled 2 clients (out of 2)
[36m(ClientAppActor pid=972065)[0m [93mWARNING [0m:   DEPRECATED FEATURE: `client_fn` now expects a signature `def client_fn(context: Context)`.The provided `client_fn` has signature: {'cid': <Parameter "cid: str">}. You can import the `Context` like this: `from flwr.common import Context`
[36m(ClientAppActor pid=972065)[0m 
[36m(ClientAppActor pid=972065)[0m             This is a deprecated feature. It will be removed
[36m(ClientAppActor pid=972065)[0m             entirely in future versions of Flower.
[36m(ClientAppActor pid=972065)[0m         
[36m(ClientAppActor pid=972065)[0m [93mWARNING [0m:   Deprecation Warning: The `client_fn` function must return an instance of `Client`, but an instance of `NumpyClient` was returned. Please use `NumPyClient.to_client()` method to convert it to `Client`.
[36m(ClientAppActor pid=972065)[0m [93mWARNING [0m:   DEPRECATED FEATURE: `client_fn` now expects a signature `def client_fn(context: Context)`.The provided `client_fn` has signature: {'cid': <Parameter "cid: str">}. You can import the `Context` like this: `from flwr.common import Context`
[36m(ClientAppActor pid=972065)[0m 
[36m(ClientAppActor pid=972065)[0m             This is a deprecated feature. It will be removed
[36m(ClientAppActor pid=972065)[0m             entirely in future versions of Flower.
[36m(ClientAppActor pid=972065)[0m         
[36m(ClientAppActor pid=972065)[0m [93mWARNING [0m:   Deprecation Warning: The `client_fn` function must return an instance of `Client`, but an instance of `NumpyClient` was returned. Please use `NumPyClient.to_client()` method to convert it to `Client`.
[92mINFO [0m:      aggregate_fit: received 2 results and 0 failures
[92mINFO [0m:      fit progress: (3, 0.19178982302546502, {'client0_meanDice': 0.8582435250282288, 'client0_WT': 0.8972285389900208, 'client0_TC': 0.8485006093978882, 'client0_ET': 0.8290013670921326, 'client1_meanDice': 0.8264613747596741, 'client1_WT': 0.909953773021698, 'client1_TC': 0.8209522366523743, 'client1_ET': 0.74847811460495, 'global_meanDice': 0.8307103514671326, 'global_WT': 0.8998963236808777, 'global_TC': 0.8244071006774902, 'global_ET': 0.7678275108337402}, 594.6908815620118)
[92mINFO [0m:      configure_evaluate: strategy sampled 2 clients (out of 2)
[36m(ClientAppActor pid=972065)[0m [93mWARNING [0m:   DEPRECATED FEATURE: `client_fn` now expects a signature `def client_fn(context: Context)`.The provided `client_fn` has signature: {'cid': <Parameter "cid: str">}. You can import the `Context` like this: `from flwr.common import Context`
[36m(ClientAppActor pid=972065)[0m 
[36m(ClientAppActor pid=972065)[0m             This is a deprecated feature. It will be removed
[36m(ClientAppActor pid=972065)[0m             entirely in future versions of Flower.
[36m(ClientAppActor pid=972065)[0m         
[36m(ClientAppActor pid=972065)[0m [93mWARNING [0m:   Deprecation Warning: The `client_fn` function must return an instance of `Client`, but an instance of `NumpyClient` was returned. Please use `NumPyClient.to_client()` method to convert it to `Client`.
[36m(ClientAppActor pid=972065)[0m [93mWARNING [0m:   DEPRECATED FEATURE: `client_fn` now expects a signature `def client_fn(context: Context)`.The provided `client_fn` has signature: {'cid': <Parameter "cid: str">}. You can import the `Context` like this: `from flwr.common import Context`
[36m(ClientAppActor pid=972065)[0m 
[36m(ClientAppActor pid=972065)[0m             This is a deprecated feature. It will be removed
[36m(ClientAppActor pid=972065)[0m             entirely in future versions of Flower.
[36m(ClientAppActor pid=972065)[0m         
[36m(ClientAppActor pid=972065)[0m [93mWARNING [0m:   Deprecation Warning: The `client_fn` function must return an instance of `Client`, but an instance of `NumpyClient` was returned. Please use `NumPyClient.to_client()` method to convert it to `Client`.
[92mINFO [0m:      aggregate_evaluate: received 2 results and 0 failures
[92mINFO [0m:      
[92mINFO [0m:      [ROUND 4]
[92mINFO [0m:      configure_fit: strategy sampled 2 clients (out of 2)
[36m(ClientAppActor pid=972065)[0m [93mWARNING [0m:   DEPRECATED FEATURE: `client_fn` now expects a signature `def client_fn(context: Context)`.The provided `client_fn` has signature: {'cid': <Parameter "cid: str">}. You can import the `Context` like this: `from flwr.common import Context`
[36m(ClientAppActor pid=972065)[0m 
[36m(ClientAppActor pid=972065)[0m             This is a deprecated feature. It will be removed
[36m(ClientAppActor pid=972065)[0m             entirely in future versions of Flower.
[36m(ClientAppActor pid=972065)[0m         
[36m(ClientAppActor pid=972065)[0m [93mWARNING [0m:   Deprecation Warning: The `client_fn` function must return an instance of `Client`, but an instance of `NumpyClient` was returned. Please use `NumPyClient.to_client()` method to convert it to `Client`.
[36m(ClientAppActor pid=972065)[0m [93mWARNING [0m:   DEPRECATED FEATURE: `client_fn` now expects a signature `def client_fn(context: Context)`.The provided `client_fn` has signature: {'cid': <Parameter "cid: str">}. You can import the `Context` like this: `from flwr.common import Context`
[36m(ClientAppActor pid=972065)[0m 
[36m(ClientAppActor pid=972065)[0m             This is a deprecated feature. It will be removed
[36m(ClientAppActor pid=972065)[0m             entirely in future versions of Flower.
[36m(ClientAppActor pid=972065)[0m         
[36m(ClientAppActor pid=972065)[0m [93mWARNING [0m:   Deprecation Warning: The `client_fn` function must return an instance of `Client`, but an instance of `NumpyClient` was returned. Please use `NumPyClient.to_client()` method to convert it to `Client`.
[92mINFO [0m:      aggregate_fit: received 2 results and 0 failures
[92mINFO [0m:      fit progress: (4, 0.14864755012094974, {'client0_meanDice': 0.9078511595726013, 'client0_WT': 0.923369824886322, 'client0_TC': 0.9178003668785095, 'client0_ET': 0.8823831677436829, 'client1_meanDice': 0.8419138789176941, 'client1_WT': 0.9176170825958252, 'client1_TC': 0.7893317341804504, 'client1_ET': 0.8187928795814514, 'global_meanDice': 0.8703927397727966, 'global_WT': 0.9208361506462097, 'global_TC': 0.8544403910636902, 'global_ET': 0.8359015583992004}, 732.0287295309827)
[92mINFO [0m:      configure_evaluate: strategy sampled 2 clients (out of 2)
[36m(ClientAppActor pid=972065)[0m [93mWARNING [0m:   DEPRECATED FEATURE: `client_fn` now expects a signature `def client_fn(context: Context)`.The provided `client_fn` has signature: {'cid': <Parameter "cid: str">}. You can import the `Context` like this: `from flwr.common import Context`
[36m(ClientAppActor pid=972065)[0m 
[36m(ClientAppActor pid=972065)[0m             This is a deprecated feature. It will be removed
[36m(ClientAppActor pid=972065)[0m             entirely in future versions of Flower.
[36m(ClientAppActor pid=972065)[0m         
[36m(ClientAppActor pid=972065)[0m [93mWARNING [0m:   Deprecation Warning: The `client_fn` function must return an instance of `Client`, but an instance of `NumpyClient` was returned. Please use `NumPyClient.to_client()` method to convert it to `Client`.
[36m(ClientAppActor pid=972065)[0m [93mWARNING [0m:   DEPRECATED FEATURE: `client_fn` now expects a signature `def client_fn(context: Context)`.The provided `client_fn` has signature: {'cid': <Parameter "cid: str">}. You can import the `Context` like this: `from flwr.common import Context`
[36m(ClientAppActor pid=972065)[0m 
[36m(ClientAppActor pid=972065)[0m             This is a deprecated feature. It will be removed
[36m(ClientAppActor pid=972065)[0m             entirely in future versions of Flower.
[36m(ClientAppActor pid=972065)[0m         
[36m(ClientAppActor pid=972065)[0m [93mWARNING [0m:   Deprecation Warning: The `client_fn` function must return an instance of `Client`, but an instance of `NumpyClient` was returned. Please use `NumPyClient.to_client()` method to convert it to `Client`.
[92mINFO [0m:      aggregate_evaluate: received 2 results and 0 failures
[92mINFO [0m:      
[92mINFO [0m:      [ROUND 5]
[92mINFO [0m:      configure_fit: strategy sampled 2 clients (out of 2)
[36m(ClientAppActor pid=972065)[0m [93mWARNING [0m:   DEPRECATED FEATURE: `client_fn` now expects a signature `def client_fn(context: Context)`.The provided `client_fn` has signature: {'cid': <Parameter "cid: str">}. You can import the `Context` like this: `from flwr.common import Context`
[36m(ClientAppActor pid=972065)[0m 
[36m(ClientAppActor pid=972065)[0m             This is a deprecated feature. It will be removed
[36m(ClientAppActor pid=972065)[0m             entirely in future versions of Flower.
[36m(ClientAppActor pid=972065)[0m         
[36m(ClientAppActor pid=972065)[0m [93mWARNING [0m:   Deprecation Warning: The `client_fn` function must return an instance of `Client`, but an instance of `NumpyClient` was returned. Please use `NumPyClient.to_client()` method to convert it to `Client`.
[36m(ClientAppActor pid=972065)[0m [93mWARNING [0m:   DEPRECATED FEATURE: `client_fn` now expects a signature `def client_fn(context: Context)`.The provided `client_fn` has signature: {'cid': <Parameter "cid: str">}. You can import the `Context` like this: `from flwr.common import Context`
[36m(ClientAppActor pid=972065)[0m 
[36m(ClientAppActor pid=972065)[0m             This is a deprecated feature. It will be removed
[36m(ClientAppActor pid=972065)[0m             entirely in future versions of Flower.
[36m(ClientAppActor pid=972065)[0m         
[36m(ClientAppActor pid=972065)[0m [93mWARNING [0m:   Deprecation Warning: The `client_fn` function must return an instance of `Client`, but an instance of `NumpyClient` was returned. Please use `NumPyClient.to_client()` method to convert it to `Client`.
[92mINFO [0m:      aggregate_fit: received 2 results and 0 failures
[92mINFO [0m:      fit progress: (5, 0.14638814963400365, {'client0_meanDice': 0.9003705382347107, 'client0_WT': 0.901397168636322, 'client0_TC': 0.9081202745437622, 'client0_ET': 0.8915942311286926, 'client1_meanDice': 0.8641834855079651, 'client1_WT': 0.9166246056556702, 'client1_TC': 0.8293206095695496, 'client1_ET': 0.8466053009033203, 'global_meanDice': 0.8745894432067871, 'global_WT': 0.9052573442459106, 'global_TC': 0.8624665141105652, 'global_ET': 0.8560446500778198}, 900.6827744059847)
[92mINFO [0m:      configure_evaluate: strategy sampled 2 clients (out of 2)
[36m(ClientAppActor pid=972065)[0m [93mWARNING [0m:   DEPRECATED FEATURE: `client_fn` now expects a signature `def client_fn(context: Context)`.The provided `client_fn` has signature: {'cid': <Parameter "cid: str">}. You can import the `Context` like this: `from flwr.common import Context`
[36m(ClientAppActor pid=972065)[0m 
[36m(ClientAppActor pid=972065)[0m             This is a deprecated feature. It will be removed
[36m(ClientAppActor pid=972065)[0m             entirely in future versions of Flower.
[36m(ClientAppActor pid=972065)[0m         
[36m(ClientAppActor pid=972065)[0m [93mWARNING [0m:   Deprecation Warning: The `client_fn` function must return an instance of `Client`, but an instance of `NumpyClient` was returned. Please use `NumPyClient.to_client()` method to convert it to `Client`.
[36m(ClientAppActor pid=972065)[0m [93mWARNING [0m:   DEPRECATED FEATURE: `client_fn` now expects a signature `def client_fn(context: Context)`.The provided `client_fn` has signature: {'cid': <Parameter "cid: str">}. You can import the `Context` like this: `from flwr.common import Context`
[36m(ClientAppActor pid=972065)[0m 
[36m(ClientAppActor pid=972065)[0m             This is a deprecated feature. It will be removed
[36m(ClientAppActor pid=972065)[0m             entirely in future versions of Flower.
[36m(ClientAppActor pid=972065)[0m         
[36m(ClientAppActor pid=972065)[0m [93mWARNING [0m:   Deprecation Warning: The `client_fn` function must return an instance of `Client`, but an instance of `NumpyClient` was returned. Please use `NumPyClient.to_client()` method to convert it to `Client`.
[92mINFO [0m:      aggregate_evaluate: received 2 results and 0 failures
[92mINFO [0m:      
[92mINFO [0m:      [ROUND 6]
[92mINFO [0m:      configure_fit: strategy sampled 2 clients (out of 2)
[36m(ClientAppActor pid=972065)[0m [93mWARNING [0m:   DEPRECATED FEATURE: `client_fn` now expects a signature `def client_fn(context: Context)`.The provided `client_fn` has signature: {'cid': <Parameter "cid: str">}. You can import the `Context` like this: `from flwr.common import Context`
[36m(ClientAppActor pid=972065)[0m 
[36m(ClientAppActor pid=972065)[0m             This is a deprecated feature. It will be removed
[36m(ClientAppActor pid=972065)[0m             entirely in future versions of Flower.
[36m(ClientAppActor pid=972065)[0m         
[36m(ClientAppActor pid=972065)[0m [93mWARNING [0m:   Deprecation Warning: The `client_fn` function must return an instance of `Client`, but an instance of `NumpyClient` was returned. Please use `NumPyClient.to_client()` method to convert it to `Client`.
[36m(ClientAppActor pid=972065)[0m [93mWARNING [0m:   DEPRECATED FEATURE: `client_fn` now expects a signature `def client_fn(context: Context)`.The provided `client_fn` has signature: {'cid': <Parameter "cid: str">}. You can import the `Context` like this: `from flwr.common import Context`
[36m(ClientAppActor pid=972065)[0m 
[36m(ClientAppActor pid=972065)[0m             This is a deprecated feature. It will be removed
[36m(ClientAppActor pid=972065)[0m             entirely in future versions of Flower.
[36m(ClientAppActor pid=972065)[0m         
[36m(ClientAppActor pid=972065)[0m [93mWARNING [0m:   Deprecation Warning: The `client_fn` function must return an instance of `Client`, but an instance of `NumpyClient` was returned. Please use `NumPyClient.to_client()` method to convert it to `Client`.
[92mINFO [0m:      aggregate_fit: received 2 results and 0 failures
[92mINFO [0m:      fit progress: (6, 0.13987375795841217, {'client0_meanDice': 0.9002634882926941, 'client0_WT': 0.9185511469841003, 'client0_TC': 0.9110239744186401, 'client0_ET': 0.871215283870697, 'client1_meanDice': 0.8647880554199219, 'client1_WT': 0.9241641163825989, 'client1_TC': 0.8421265482902527, 'client1_ET': 0.8280735611915588, 'global_meanDice': 0.880077600479126, 'global_WT': 0.9197202920913696, 'global_TC': 0.8700770139694214, 'global_ET': 0.8504354357719421}, 1048.1314484670293)
[92mINFO [0m:      configure_evaluate: strategy sampled 2 clients (out of 2)
[36m(ClientAppActor pid=972065)[0m [93mWARNING [0m:   DEPRECATED FEATURE: `client_fn` now expects a signature `def client_fn(context: Context)`.The provided `client_fn` has signature: {'cid': <Parameter "cid: str">}. You can import the `Context` like this: `from flwr.common import Context`
[36m(ClientAppActor pid=972065)[0m 
[36m(ClientAppActor pid=972065)[0m             This is a deprecated feature. It will be removed
[36m(ClientAppActor pid=972065)[0m             entirely in future versions of Flower.
[36m(ClientAppActor pid=972065)[0m         
[36m(ClientAppActor pid=972065)[0m [93mWARNING [0m:   Deprecation Warning: The `client_fn` function must return an instance of `Client`, but an instance of `NumpyClient` was returned. Please use `NumPyClient.to_client()` method to convert it to `Client`.
[36m(ClientAppActor pid=972065)[0m [93mWARNING [0m:   DEPRECATED FEATURE: `client_fn` now expects a signature `def client_fn(context: Context)`.The provided `client_fn` has signature: {'cid': <Parameter "cid: str">}. You can import the `Context` like this: `from flwr.common import Context`
[36m(ClientAppActor pid=972065)[0m 
[36m(ClientAppActor pid=972065)[0m             This is a deprecated feature. It will be removed
[36m(ClientAppActor pid=972065)[0m             entirely in future versions of Flower.
[36m(ClientAppActor pid=972065)[0m         
[36m(ClientAppActor pid=972065)[0m [93mWARNING [0m:   Deprecation Warning: The `client_fn` function must return an instance of `Client`, but an instance of `NumpyClient` was returned. Please use `NumPyClient.to_client()` method to convert it to `Client`.
[92mINFO [0m:      aggregate_evaluate: received 2 results and 0 failures
[92mINFO [0m:      
[92mINFO [0m:      [ROUND 7]
[92mINFO [0m:      configure_fit: strategy sampled 2 clients (out of 2)
[36m(ClientAppActor pid=972065)[0m [93mWARNING [0m:   DEPRECATED FEATURE: `client_fn` now expects a signature `def client_fn(context: Context)`.The provided `client_fn` has signature: {'cid': <Parameter "cid: str">}. You can import the `Context` like this: `from flwr.common import Context`
[36m(ClientAppActor pid=972065)[0m 
[36m(ClientAppActor pid=972065)[0m             This is a deprecated feature. It will be removed
[36m(ClientAppActor pid=972065)[0m             entirely in future versions of Flower.
[36m(ClientAppActor pid=972065)[0m         
[36m(ClientAppActor pid=972065)[0m [93mWARNING [0m:   Deprecation Warning: The `client_fn` function must return an instance of `Client`, but an instance of `NumpyClient` was returned. Please use `NumPyClient.to_client()` method to convert it to `Client`.
[36m(ClientAppActor pid=972065)[0m [93mWARNING [0m:   DEPRECATED FEATURE: `client_fn` now expects a signature `def client_fn(context: Context)`.The provided `client_fn` has signature: {'cid': <Parameter "cid: str">}. You can import the `Context` like this: `from flwr.common import Context`
[36m(ClientAppActor pid=972065)[0m 
[36m(ClientAppActor pid=972065)[0m             This is a deprecated feature. It will be removed
[36m(ClientAppActor pid=972065)[0m             entirely in future versions of Flower.
[36m(ClientAppActor pid=972065)[0m         
[36m(ClientAppActor pid=972065)[0m [93mWARNING [0m:   Deprecation Warning: The `client_fn` function must return an instance of `Client`, but an instance of `NumpyClient` was returned. Please use `NumPyClient.to_client()` method to convert it to `Client`.
[92mINFO [0m:      aggregate_fit: received 2 results and 0 failures
[92mINFO [0m:      fit progress: (7, 0.127125346660614, {'client0_meanDice': 0.9039886593818665, 'client0_WT': 0.9172174334526062, 'client0_TC': 0.9013273119926453, 'client0_ET': 0.8934212923049927, 'client1_meanDice': 0.8884528279304504, 'client1_WT': 0.9243847727775574, 'client1_TC': 0.876632034778595, 'client1_ET': 0.8643417358398438, 'global_meanDice': 0.8912500739097595, 'global_WT': 0.9185658693313599, 'global_TC': 0.882189929485321, 'global_ET': 0.8729944229125977}, 1177.5860919120023)
[92mINFO [0m:      configure_evaluate: strategy sampled 2 clients (out of 2)
[36m(ClientAppActor pid=972065)[0m [93mWARNING [0m:   DEPRECATED FEATURE: `client_fn` now expects a signature `def client_fn(context: Context)`.The provided `client_fn` has signature: {'cid': <Parameter "cid: str">}. You can import the `Context` like this: `from flwr.common import Context`
[36m(ClientAppActor pid=972065)[0m 
[36m(ClientAppActor pid=972065)[0m             This is a deprecated feature. It will be removed
[36m(ClientAppActor pid=972065)[0m             entirely in future versions of Flower.
[36m(ClientAppActor pid=972065)[0m         
[36m(ClientAppActor pid=972065)[0m [93mWARNING [0m:   Deprecation Warning: The `client_fn` function must return an instance of `Client`, but an instance of `NumpyClient` was returned. Please use `NumPyClient.to_client()` method to convert it to `Client`.
[36m(ClientAppActor pid=972065)[0m [93mWARNING [0m:   DEPRECATED FEATURE: `client_fn` now expects a signature `def client_fn(context: Context)`.The provided `client_fn` has signature: {'cid': <Parameter "cid: str">}. You can import the `Context` like this: `from flwr.common import Context`
[36m(ClientAppActor pid=972065)[0m 
[36m(ClientAppActor pid=972065)[0m             This is a deprecated feature. It will be removed
[36m(ClientAppActor pid=972065)[0m             entirely in future versions of Flower.
[36m(ClientAppActor pid=972065)[0m         
[36m(ClientAppActor pid=972065)[0m [93mWARNING [0m:   Deprecation Warning: The `client_fn` function must return an instance of `Client`, but an instance of `NumpyClient` was returned. Please use `NumPyClient.to_client()` method to convert it to `Client`.
[92mINFO [0m:      aggregate_evaluate: received 2 results and 0 failures
[92mINFO [0m:      
[92mINFO [0m:      [ROUND 8]
[92mINFO [0m:      configure_fit: strategy sampled 2 clients (out of 2)
[36m(ClientAppActor pid=972065)[0m [93mWARNING [0m:   DEPRECATED FEATURE: `client_fn` now expects a signature `def client_fn(context: Context)`.The provided `client_fn` has signature: {'cid': <Parameter "cid: str">}. You can import the `Context` like this: `from flwr.common import Context`
[36m(ClientAppActor pid=972065)[0m 
[36m(ClientAppActor pid=972065)[0m             This is a deprecated feature. It will be removed
[36m(ClientAppActor pid=972065)[0m             entirely in future versions of Flower.
[36m(ClientAppActor pid=972065)[0m         
[36m(ClientAppActor pid=972065)[0m [93mWARNING [0m:   Deprecation Warning: The `client_fn` function must return an instance of `Client`, but an instance of `NumpyClient` was returned. Please use `NumPyClient.to_client()` method to convert it to `Client`.
[36m(ClientAppActor pid=972065)[0m [93mWARNING [0m:   DEPRECATED FEATURE: `client_fn` now expects a signature `def client_fn(context: Context)`.The provided `client_fn` has signature: {'cid': <Parameter "cid: str">}. You can import the `Context` like this: `from flwr.common import Context`
[36m(ClientAppActor pid=972065)[0m 
[36m(ClientAppActor pid=972065)[0m             This is a deprecated feature. It will be removed
[36m(ClientAppActor pid=972065)[0m             entirely in future versions of Flower.
[36m(ClientAppActor pid=972065)[0m         
[36m(ClientAppActor pid=972065)[0m [93mWARNING [0m:   Deprecation Warning: The `client_fn` function must return an instance of `Client`, but an instance of `NumpyClient` was returned. Please use `NumPyClient.to_client()` method to convert it to `Client`.
[92mINFO [0m:      aggregate_fit: received 2 results and 0 failures
[92mINFO [0m:      fit progress: (8, 0.12157813087105751, {'client0_meanDice': 0.9112527370452881, 'client0_WT': 0.9340147972106934, 'client0_TC': 0.9115843176841736, 'client0_ET': 0.8881590962409973, 'client1_meanDice': 0.8895542025566101, 'client1_WT': 0.9338887333869934, 'client1_TC': 0.8655905723571777, 'client1_ET': 0.869183361530304, 'global_meanDice': 0.8966270089149475, 'global_WT': 0.9321994781494141, 'global_TC': 0.8816331624984741, 'global_ET': 0.8760483860969543}, 1341.3895016090246)
[92mINFO [0m:      configure_evaluate: strategy sampled 2 clients (out of 2)
[36m(ClientAppActor pid=972065)[0m [93mWARNING [0m:   DEPRECATED FEATURE: `client_fn` now expects a signature `def client_fn(context: Context)`.The provided `client_fn` has signature: {'cid': <Parameter "cid: str">}. You can import the `Context` like this: `from flwr.common import Context`
[36m(ClientAppActor pid=972065)[0m 
[36m(ClientAppActor pid=972065)[0m             This is a deprecated feature. It will be removed
[36m(ClientAppActor pid=972065)[0m             entirely in future versions of Flower.
[36m(ClientAppActor pid=972065)[0m         
[36m(ClientAppActor pid=972065)[0m [93mWARNING [0m:   Deprecation Warning: The `client_fn` function must return an instance of `Client`, but an instance of `NumpyClient` was returned. Please use `NumPyClient.to_client()` method to convert it to `Client`.
[36m(ClientAppActor pid=972065)[0m [93mWARNING [0m:   DEPRECATED FEATURE: `client_fn` now expects a signature `def client_fn(context: Context)`.The provided `client_fn` has signature: {'cid': <Parameter "cid: str">}. You can import the `Context` like this: `from flwr.common import Context`
[36m(ClientAppActor pid=972065)[0m 
[36m(ClientAppActor pid=972065)[0m             This is a deprecated feature. It will be removed
[36m(ClientAppActor pid=972065)[0m             entirely in future versions of Flower.
[36m(ClientAppActor pid=972065)[0m         
[36m(ClientAppActor pid=972065)[0m [93mWARNING [0m:   Deprecation Warning: The `client_fn` function must return an instance of `Client`, but an instance of `NumpyClient` was returned. Please use `NumPyClient.to_client()` method to convert it to `Client`.
[92mINFO [0m:      aggregate_evaluate: received 2 results and 0 failures
[92mINFO [0m:      
[92mINFO [0m:      [ROUND 9]
[92mINFO [0m:      configure_fit: strategy sampled 2 clients (out of 2)
[36m(ClientAppActor pid=972065)[0m [93mWARNING [0m:   DEPRECATED FEATURE: `client_fn` now expects a signature `def client_fn(context: Context)`.The provided `client_fn` has signature: {'cid': <Parameter "cid: str">}. You can import the `Context` like this: `from flwr.common import Context`
[36m(ClientAppActor pid=972065)[0m 
[36m(ClientAppActor pid=972065)[0m             This is a deprecated feature. It will be removed
[36m(ClientAppActor pid=972065)[0m             entirely in future versions of Flower.
[36m(ClientAppActor pid=972065)[0m         
[36m(ClientAppActor pid=972065)[0m [93mWARNING [0m:   Deprecation Warning: The `client_fn` function must return an instance of `Client`, but an instance of `NumpyClient` was returned. Please use `NumPyClient.to_client()` method to convert it to `Client`.
[36m(ClientAppActor pid=972065)[0m [93mWARNING [0m:   DEPRECATED FEATURE: `client_fn` now expects a signature `def client_fn(context: Context)`.The provided `client_fn` has signature: {'cid': <Parameter "cid: str">}. You can import the `Context` like this: `from flwr.common import Context`
[36m(ClientAppActor pid=972065)[0m 
[36m(ClientAppActor pid=972065)[0m             This is a deprecated feature. It will be removed
[36m(ClientAppActor pid=972065)[0m             entirely in future versions of Flower.
[36m(ClientAppActor pid=972065)[0m         
[36m(ClientAppActor pid=972065)[0m [93mWARNING [0m:   Deprecation Warning: The `client_fn` function must return an instance of `Client`, but an instance of `NumpyClient` was returned. Please use `NumPyClient.to_client()` method to convert it to `Client`.
[92mINFO [0m:      aggregate_fit: received 2 results and 0 failures
[92mINFO [0m:      fit progress: (9, 0.13446434922516345, {'client0_meanDice': 0.9063407778739929, 'client0_WT': 0.923777163028717, 'client0_TC': 0.905180037021637, 'client0_ET': 0.8900650143623352, 'client1_meanDice': 0.8817195296287537, 'client1_WT': 0.9264056086540222, 'client1_TC': 0.8646869659423828, 'client1_ET': 0.8540659546852112, 'global_meanDice': 0.8861160278320312, 'global_WT': 0.9233872294425964, 'global_TC': 0.8740849494934082, 'global_ET': 0.8608759045600891}, 1517.142341008992)
[92mINFO [0m:      configure_evaluate: strategy sampled 2 clients (out of 2)
[36m(ClientAppActor pid=972065)[0m [93mWARNING [0m:   DEPRECATED FEATURE: `client_fn` now expects a signature `def client_fn(context: Context)`.The provided `client_fn` has signature: {'cid': <Parameter "cid: str">}. You can import the `Context` like this: `from flwr.common import Context`
[36m(ClientAppActor pid=972065)[0m 
[36m(ClientAppActor pid=972065)[0m             This is a deprecated feature. It will be removed
[36m(ClientAppActor pid=972065)[0m             entirely in future versions of Flower.
[36m(ClientAppActor pid=972065)[0m         
[36m(ClientAppActor pid=972065)[0m [93mWARNING [0m:   Deprecation Warning: The `client_fn` function must return an instance of `Client`, but an instance of `NumpyClient` was returned. Please use `NumPyClient.to_client()` method to convert it to `Client`.
[36m(ClientAppActor pid=972065)[0m [93mWARNING [0m:   DEPRECATED FEATURE: `client_fn` now expects a signature `def client_fn(context: Context)`.The provided `client_fn` has signature: {'cid': <Parameter "cid: str">}. You can import the `Context` like this: `from flwr.common import Context`
[36m(ClientAppActor pid=972065)[0m 
[36m(ClientAppActor pid=972065)[0m             This is a deprecated feature. It will be removed
[36m(ClientAppActor pid=972065)[0m             entirely in future versions of Flower.
[36m(ClientAppActor pid=972065)[0m         
[36m(ClientAppActor pid=972065)[0m [93mWARNING [0m:   Deprecation Warning: The `client_fn` function must return an instance of `Client`, but an instance of `NumpyClient` was returned. Please use `NumPyClient.to_client()` method to convert it to `Client`.
[92mINFO [0m:      aggregate_evaluate: received 2 results and 0 failures
[92mINFO [0m:      
[92mINFO [0m:      [ROUND 10]
[92mINFO [0m:      configure_fit: strategy sampled 2 clients (out of 2)
[36m(ClientAppActor pid=972065)[0m [93mWARNING [0m:   DEPRECATED FEATURE: `client_fn` now expects a signature `def client_fn(context: Context)`.The provided `client_fn` has signature: {'cid': <Parameter "cid: str">}. You can import the `Context` like this: `from flwr.common import Context`
[36m(ClientAppActor pid=972065)[0m 
[36m(ClientAppActor pid=972065)[0m             This is a deprecated feature. It will be removed
[36m(ClientAppActor pid=972065)[0m             entirely in future versions of Flower.
[36m(ClientAppActor pid=972065)[0m         
[36m(ClientAppActor pid=972065)[0m [93mWARNING [0m:   Deprecation Warning: The `client_fn` function must return an instance of `Client`, but an instance of `NumpyClient` was returned. Please use `NumPyClient.to_client()` method to convert it to `Client`.
[36m(ClientAppActor pid=972065)[0m [93mWARNING [0m:   DEPRECATED FEATURE: `client_fn` now expects a signature `def client_fn(context: Context)`.The provided `client_fn` has signature: {'cid': <Parameter "cid: str">}. You can import the `Context` like this: `from flwr.common import Context`
[36m(ClientAppActor pid=972065)[0m 
[36m(ClientAppActor pid=972065)[0m             This is a deprecated feature. It will be removed
[36m(ClientAppActor pid=972065)[0m             entirely in future versions of Flower.
[36m(ClientAppActor pid=972065)[0m         
[36m(ClientAppActor pid=972065)[0m [93mWARNING [0m:   Deprecation Warning: The `client_fn` function must return an instance of `Client`, but an instance of `NumpyClient` was returned. Please use `NumPyClient.to_client()` method to convert it to `Client`.
[92mINFO [0m:      aggregate_fit: received 2 results and 0 failures
[92mINFO [0m:      fit progress: (10, 0.1313241206109524, {'client0_meanDice': 0.9148642420768738, 'client0_WT': 0.93226557970047, 'client0_TC': 0.925025999546051, 'client0_ET': 0.8873011469841003, 'client1_meanDice': 0.8759253621101379, 'client1_WT': 0.9342918992042542, 'client1_TC': 0.8348119258880615, 'client1_ET': 0.8586723208427429, 'global_meanDice': 0.8887959122657776, 'global_WT': 0.9310205578804016, 'global_TC': 0.8714083433151245, 'global_ET': 0.8639588356018066}, 1705.7345852809958)
[92mINFO [0m:      configure_evaluate: strategy sampled 2 clients (out of 2)
[36m(ClientAppActor pid=972065)[0m [93mWARNING [0m:   DEPRECATED FEATURE: `client_fn` now expects a signature `def client_fn(context: Context)`.The provided `client_fn` has signature: {'cid': <Parameter "cid: str">}. You can import the `Context` like this: `from flwr.common import Context`
[36m(ClientAppActor pid=972065)[0m 
[36m(ClientAppActor pid=972065)[0m             This is a deprecated feature. It will be removed
[36m(ClientAppActor pid=972065)[0m             entirely in future versions of Flower.
[36m(ClientAppActor pid=972065)[0m         
[36m(ClientAppActor pid=972065)[0m [93mWARNING [0m:   Deprecation Warning: The `client_fn` function must return an instance of `Client`, but an instance of `NumpyClient` was returned. Please use `NumPyClient.to_client()` method to convert it to `Client`.
[36m(ClientAppActor pid=972065)[0m [93mWARNING [0m:   DEPRECATED FEATURE: `client_fn` now expects a signature `def client_fn(context: Context)`.The provided `client_fn` has signature: {'cid': <Parameter "cid: str">}. You can import the `Context` like this: `from flwr.common import Context`
[36m(ClientAppActor pid=972065)[0m 
[36m(ClientAppActor pid=972065)[0m             This is a deprecated feature. It will be removed
[36m(ClientAppActor pid=972065)[0m             entirely in future versions of Flower.
[36m(ClientAppActor pid=972065)[0m         
[36m(ClientAppActor pid=972065)[0m [93mWARNING [0m:   Deprecation Warning: The `client_fn` function must return an instance of `Client`, but an instance of `NumpyClient` was returned. Please use `NumPyClient.to_client()` method to convert it to `Client`.
[92mINFO [0m:      aggregate_evaluate: received 2 results and 0 failures
[92mINFO [0m:      
[92mINFO [0m:      [SUMMARY]
[92mINFO [0m:      Run finished 10 round(s) in 1717.11s
[92mINFO [0m:      	History (loss, distributed):
[92mINFO [0m:      		round 1: 0.9513698220252991
[92mINFO [0m:      		round 2: 0.3677313268184662
[92mINFO [0m:      		round 3: 0.1704129844903946
[92mINFO [0m:      		round 4: 0.12873567529022695
[92mINFO [0m:      		round 5: 0.12938738204538822
[92mINFO [0m:      		round 6: 0.1285521239042282
[92mINFO [0m:      		round 7: 0.11772651821374894
[92mINFO [0m:      		round 8: 0.11180683895945549
[92mINFO [0m:      		round 9: 0.11945975981652737
[92mINFO [0m:      		round 10: 0.11424814760684968
[92mINFO [0m:      	History (loss, centralized):
[92mINFO [0m:      		round 0: 1.6104802250862122
[92mINFO [0m:      		round 1: 0.9488368630409241
[92mINFO [0m:      		round 2: 0.36921579837799073
[92mINFO [0m:      		round 3: 0.19178982302546502
[92mINFO [0m:      		round 4: 0.14864755012094974
[92mINFO [0m:      		round 5: 0.14638814963400365
[92mINFO [0m:      		round 6: 0.13987375795841217
[92mINFO [0m:      		round 7: 0.127125346660614
[92mINFO [0m:      		round 8: 0.12157813087105751
[92mINFO [0m:      		round 9: 0.13446434922516345
[92mINFO [0m:      		round 10: 0.1313241206109524
[92mINFO [0m:      	History (metrics, centralized):
[92mINFO [0m:      	{'client0_ET': [(0, 0.016114111989736557),
[92mINFO [0m:      	                (1, 0.09935719519853592),
[92mINFO [0m:      	                (2, 0.6217470169067383),
[92mINFO [0m:      	                (3, 0.8290013670921326),
[92mINFO [0m:      	                (4, 0.8823831677436829),
[92mINFO [0m:      	                (5, 0.8915942311286926),
[92mINFO [0m:      	                (6, 0.871215283870697),
[92mINFO [0m:      	                (7, 0.8934212923049927),
[92mINFO [0m:      	                (8, 0.8881590962409973),
[92mINFO [0m:      	                (9, 0.8900650143623352),
[92mINFO [0m:      	                (10, 0.8873011469841003)],
[92mINFO [0m:      	 'client0_TC': [(0, 0.027870148420333862),
[92mINFO [0m:      	                (1, 0.1587817668914795),
[92mINFO [0m:      	                (2, 0.5499456524848938),
[92mINFO [0m:      	                (3, 0.8485006093978882),
[92mINFO [0m:      	                (4, 0.9178003668785095),
[92mINFO [0m:      	                (5, 0.9081202745437622),
[92mINFO [0m:      	                (6, 0.9110239744186401),
[92mINFO [0m:      	                (7, 0.9013273119926453),
[92mINFO [0m:      	                (8, 0.9115843176841736),
[92mINFO [0m:      	                (9, 0.905180037021637),
[92mINFO [0m:      	                (10, 0.925025999546051)],
[92mINFO [0m:      	 'client0_WT': [(0, 0.0687328353524208),
[92mINFO [0m:      	                (1, 0.35668161511421204),
[92mINFO [0m:      	                (2, 0.7858707308769226),
[92mINFO [0m:      	                (3, 0.8972285389900208),
[92mINFO [0m:      	                (4, 0.923369824886322),
[92mINFO [0m:      	                (5, 0.901397168636322),
[92mINFO [0m:      	                (6, 0.9185511469841003),
[92mINFO [0m:      	                (7, 0.9172174334526062),
[92mINFO [0m:      	                (8, 0.9340147972106934),
[92mINFO [0m:      	                (9, 0.923777163028717),
[92mINFO [0m:      	                (10, 0.93226557970047)],
[92mINFO [0m:      	 'client0_meanDice': [(0, 0.03757236525416374),
[92mINFO [0m:      	                      (1, 0.20494018495082855),
[92mINFO [0m:      	                      (2, 0.6525211334228516),
[92mINFO [0m:      	                      (3, 0.8582435250282288),
[92mINFO [0m:      	                      (4, 0.9078511595726013),
[92mINFO [0m:      	                      (5, 0.9003705382347107),
[92mINFO [0m:      	                      (6, 0.9002634882926941),
[92mINFO [0m:      	                      (7, 0.9039886593818665),
[92mINFO [0m:      	                      (8, 0.9112527370452881),
[92mINFO [0m:      	                      (9, 0.9063407778739929),
[92mINFO [0m:      	                      (10, 0.9148642420768738)],
[92mINFO [0m:      	 'client1_ET': [(0, 0.020345598459243774),
[92mINFO [0m:      	                (1, 0.11782839894294739),
[92mINFO [0m:      	                (2, 0.6118803024291992),
[92mINFO [0m:      	                (3, 0.74847811460495),
[92mINFO [0m:      	                (4, 0.8187928795814514),
[92mINFO [0m:      	                (5, 0.8466053009033203),
[92mINFO [0m:      	                (6, 0.8280735611915588),
[92mINFO [0m:      	                (7, 0.8643417358398438),
[92mINFO [0m:      	                (8, 0.869183361530304),
[92mINFO [0m:      	                (9, 0.8540659546852112),
[92mINFO [0m:      	                (10, 0.8586723208427429)],
[92mINFO [0m:      	 'client1_TC': [(0, 0.046879928559064865),
[92mINFO [0m:      	                (1, 0.23549248278141022),
[92mINFO [0m:      	                (2, 0.6423544883728027),
[92mINFO [0m:      	                (3, 0.8209522366523743),
[92mINFO [0m:      	                (4, 0.7893317341804504),
[92mINFO [0m:      	                (5, 0.8293206095695496),
[92mINFO [0m:      	                (6, 0.8421265482902527),
[92mINFO [0m:      	                (7, 0.876632034778595),
[92mINFO [0m:      	                (8, 0.8655905723571777),
[92mINFO [0m:      	                (9, 0.8646869659423828),
[92mINFO [0m:      	                (10, 0.8348119258880615)],
[92mINFO [0m:      	 'client1_WT': [(0, 0.07978540658950806),
[92mINFO [0m:      	                (1, 0.38984599709510803),
[92mINFO [0m:      	                (2, 0.8121334910392761),
[92mINFO [0m:      	                (3, 0.909953773021698),
[92mINFO [0m:      	                (4, 0.9176170825958252),
[92mINFO [0m:      	                (5, 0.9166246056556702),
[92mINFO [0m:      	                (6, 0.9241641163825989),
[92mINFO [0m:      	                (7, 0.9243847727775574),
[92mINFO [0m:      	                (8, 0.9338887333869934),
[92mINFO [0m:      	                (9, 0.9264056086540222),
[92mINFO [0m:      	                (10, 0.9342918992042542)],
[92mINFO [0m:      	 'client1_meanDice': [(0, 0.04900364577770233),
[92mINFO [0m:      	                      (1, 0.2477223128080368),
[92mINFO [0m:      	                      (2, 0.688789427280426),
[92mINFO [0m:      	                      (3, 0.8264613747596741),
[92mINFO [0m:      	                      (4, 0.8419138789176941),
[92mINFO [0m:      	                      (5, 0.8641834855079651),
[92mINFO [0m:      	                      (6, 0.8647880554199219),
[92mINFO [0m:      	                      (7, 0.8884528279304504),
[92mINFO [0m:      	                      (8, 0.8895542025566101),
[92mINFO [0m:      	                      (9, 0.8817195296287537),
[92mINFO [0m:      	                      (10, 0.8759253621101379)],
[92mINFO [0m:      	 'global_ET': [(0, 0.016932295635342598),
[92mINFO [0m:      	               (1, 0.10238666832447052),
[92mINFO [0m:      	               (2, 0.6013676524162292),
[92mINFO [0m:      	               (3, 0.7678275108337402),
[92mINFO [0m:      	               (4, 0.8359015583992004),
[92mINFO [0m:      	               (5, 0.8560446500778198),
[92mINFO [0m:      	               (6, 0.8504354357719421),
[92mINFO [0m:      	               (7, 0.8729944229125977),
[92mINFO [0m:      	               (8, 0.8760483860969543),
[92mINFO [0m:      	               (9, 0.8608759045600891),
[92mINFO [0m:      	               (10, 0.8639588356018066)],
[92mINFO [0m:      	 'global_TC': [(0, 0.03515077382326126),
[92mINFO [0m:      	               (1, 0.18896910548210144),
[92mINFO [0m:      	               (2, 0.5890240669250488),
[92mINFO [0m:      	               (3, 0.8244071006774902),
[92mINFO [0m:      	               (4, 0.8544403910636902),
[92mINFO [0m:      	               (5, 0.8624665141105652),
[92mINFO [0m:      	               (6, 0.8700770139694214),
[92mINFO [0m:      	               (7, 0.882189929485321),
[92mINFO [0m:      	               (8, 0.8816331624984741),
[92mINFO [0m:      	               (9, 0.8740849494934082),
[92mINFO [0m:      	               (10, 0.8714083433151245)],
[92mINFO [0m:      	 'global_WT': [(0, 0.0732700452208519),
[92mINFO [0m:      	               (1, 0.37149864435195923),
[92mINFO [0m:      	               (2, 0.7961881160736084),
[92mINFO [0m:      	               (3, 0.8998963236808777),
[92mINFO [0m:      	               (4, 0.9208361506462097),
[92mINFO [0m:      	               (5, 0.9052573442459106),
[92mINFO [0m:      	               (6, 0.9197202920913696),
[92mINFO [0m:      	               (7, 0.9185658693313599),
[92mINFO [0m:      	               (8, 0.9321994781494141),
[92mINFO [0m:      	               (9, 0.9233872294425964),
[92mINFO [0m:      	               (10, 0.9310205578804016)],
[92mINFO [0m:      	 'global_meanDice': [(0, 0.0417843721807003),
[92mINFO [0m:      	                     (1, 0.22095145285129547),
[92mINFO [0m:      	                     (2, 0.6621932983398438),
[92mINFO [0m:      	                     (3, 0.8307103514671326),
[92mINFO [0m:      	                     (4, 0.8703927397727966),
[92mINFO [0m:      	                     (5, 0.8745894432067871),
[92mINFO [0m:      	                     (6, 0.880077600479126),
[92mINFO [0m:      	                     (7, 0.8912500739097595),
[92mINFO [0m:      	                     (8, 0.8966270089149475),
[92mINFO [0m:      	                     (9, 0.8861160278320312),
[92mINFO [0m:      	                     (10, 0.8887959122657776)]}
[92mINFO [0m:      
