Loading rhel8/default-amp
  Loading requirement: singularity/current cuda/11.4
    libpciaccess/0.16/gcc-9.4.0-6fonbj6 libiconv/1.16/gcc-9.4.0-ahebbov
    libxml2/2.9.12/gcc-9.4.0-gnknt5e ncurses/6.2/gcc-9.4.0-aiirok7
    hwloc/2.5.0/gcc-9.4.0-7sqomga libevent/2.1.12/gcc-9.4.0-hgny7cm
    numactl/2.0.14/gcc-9.4.0-52dwc6n cuda/11.4.0/gcc-9.4.0-3hnxhjt
    gdrcopy/2.2/gcc-9.4.0-e4igtfp knem/1.1.4/gcc-9.4.0-bpbxgva
    libnl/3.3.0/gcc-9.4.0-whwhrwb rdma-core/34.0/gcc-9.4.0-5eo5n2u
    ucx/1.11.1/gcc-9.4.0-lktqyl4 openmpi/4.1.1/gcc-9.4.0-epagguv
[93mWARNING [0m:   DEPRECATED FEATURE: flwr.simulation.start_simulation() is deprecated.
	Instead, use the `flwr run` CLI command to start a local simulation in your Flower app, as shown for example below:

		$ flwr new  # Create a new Flower app from a template

		$ flwr run  # Run the Flower app in Simulation Mode

	Using `start_simulation()` is deprecated.

            This is a deprecated feature. It will be removed
            entirely in future versions of Flower.
        
[92mINFO [0m:      Starting Flower simulation, config: num_rounds=10, no round_timeout
2026-01-27 11:24:31,904	INFO worker.py:1771 -- Started a local Ray instance.
[92mINFO [0m:      Flower VCE: Ray initialized with resources: {'accelerator_type:A100': 1.0, 'node:__internal_head__': 1.0, 'CPU': 128.0, 'object_store_memory': 200000000000.0, 'node:10.43.74.39': 1.0, 'memory': 839407778816.0, 'GPU': 1.0}
[92mINFO [0m:      Optimize your simulation with Flower VCE: https://flower.ai/docs/framework/how-to-run-simulations.html
[92mINFO [0m:      Flower VCE: Resources for each Virtual Client: {'num_cpus': 1, 'num_gpus': 1}
[92mINFO [0m:      Flower VCE: Creating VirtualClientEngineActorPool with 1 actors
[92mINFO [0m:      [INIT]
[92mINFO [0m:      Requesting initial parameters from one random client
[36m(ClientAppActor pid=1033814)[0m [93mWARNING [0m:   DEPRECATED FEATURE: `client_fn` now expects a signature `def client_fn(context: Context)`.The provided `client_fn` has signature: {'cid': <Parameter "cid: str">}. You can import the `Context` like this: `from flwr.common import Context`
[36m(ClientAppActor pid=1033814)[0m 
[36m(ClientAppActor pid=1033814)[0m             This is a deprecated feature. It will be removed
[36m(ClientAppActor pid=1033814)[0m             entirely in future versions of Flower.
[36m(ClientAppActor pid=1033814)[0m         
[92mINFO [0m:      Received initial parameters from one random client
[92mINFO [0m:      Starting evaluation of initial global parameters
[36m(ClientAppActor pid=1033814)[0m [93mWARNING [0m:   Deprecation Warning: The `client_fn` function must return an instance of `Client`, but an instance of `NumpyClient` was returned. Please use `NumPyClient.to_client()` method to convert it to `Client`.
[92mINFO [0m:      initial parameters (loss, other metrics): 2.1731394152892265, {'client0_meanDice': 0.026110626757144928, 'client0_WT': 0.030359262600541115, 'client0_TC': 0.0130592230707407, 'client0_ET': 0.03491339460015297, 'client1_meanDice': 0.026110626757144928, 'client1_WT': 0.030359262600541115, 'client1_TC': 0.0130592230707407, 'client1_ET': 0.03491339460015297, 'global_meanDice': 0.02437741495668888, 'global_WT': 0.028897583484649658, 'global_TC': 0.012207096442580223, 'global_ET': 0.03202756494283676}
[92mINFO [0m:      
[92mINFO [0m:      [ROUND 1]
[92mINFO [0m:      configure_fit: strategy sampled 2 clients (out of 2)
[36m(ClientAppActor pid=1033814)[0m [93mWARNING [0m:   DEPRECATED FEATURE: `client_fn` now expects a signature `def client_fn(context: Context)`.The provided `client_fn` has signature: {'cid': <Parameter "cid: str">}. You can import the `Context` like this: `from flwr.common import Context`
[36m(ClientAppActor pid=1033814)[0m 
[36m(ClientAppActor pid=1033814)[0m             This is a deprecated feature. It will be removed
[36m(ClientAppActor pid=1033814)[0m             entirely in future versions of Flower.
[36m(ClientAppActor pid=1033814)[0m         
[36m(ClientAppActor pid=1033814)[0m [93mWARNING [0m:   Deprecation Warning: The `client_fn` function must return an instance of `Client`, but an instance of `NumpyClient` was returned. Please use `NumPyClient.to_client()` method to convert it to `Client`.
[36m(ClientAppActor pid=1033814)[0m [93mWARNING [0m:   DEPRECATED FEATURE: `client_fn` now expects a signature `def client_fn(context: Context)`.The provided `client_fn` has signature: {'cid': <Parameter "cid: str">}. You can import the `Context` like this: `from flwr.common import Context`
[36m(ClientAppActor pid=1033814)[0m 
[36m(ClientAppActor pid=1033814)[0m             This is a deprecated feature. It will be removed
[36m(ClientAppActor pid=1033814)[0m             entirely in future versions of Flower.
[36m(ClientAppActor pid=1033814)[0m         
[36m(ClientAppActor pid=1033814)[0m [93mWARNING [0m:   Deprecation Warning: The `client_fn` function must return an instance of `Client`, but an instance of `NumpyClient` was returned. Please use `NumPyClient.to_client()` method to convert it to `Client`.
[92mINFO [0m:      aggregate_fit: received 2 results and 0 failures
[93mWARNING [0m:   No fit_metrics_aggregation_fn provided
[92mINFO [0m:      fit progress: (1, 1.4352517755408036, {'client0_meanDice': 0.04766671732068062, 'client0_WT': 0.08336286246776581, 'client0_TC': 0.041186220943927765, 'client0_ET': 0.01845107600092888, 'client1_meanDice': 0.04766671732068062, 'client1_WT': 0.08336286246776581, 'client1_TC': 0.041186220943927765, 'client1_ET': 0.01845107600092888, 'global_meanDice': 0.04623403772711754, 'global_WT': 0.08192616701126099, 'global_TC': 0.03970891609787941, 'global_ET': 0.017067033797502518}, 75.51103271800093)
[92mINFO [0m:      configure_evaluate: strategy sampled 2 clients (out of 2)
[36m(ClientAppActor pid=1033814)[0m [93mWARNING [0m:   DEPRECATED FEATURE: `client_fn` now expects a signature `def client_fn(context: Context)`.The provided `client_fn` has signature: {'cid': <Parameter "cid: str">}. You can import the `Context` like this: `from flwr.common import Context`
[36m(ClientAppActor pid=1033814)[0m 
[36m(ClientAppActor pid=1033814)[0m             This is a deprecated feature. It will be removed
[36m(ClientAppActor pid=1033814)[0m             entirely in future versions of Flower.
[36m(ClientAppActor pid=1033814)[0m         
[36m(ClientAppActor pid=1033814)[0m [93mWARNING [0m:   Deprecation Warning: The `client_fn` function must return an instance of `Client`, but an instance of `NumpyClient` was returned. Please use `NumPyClient.to_client()` method to convert it to `Client`.
[36m(ClientAppActor pid=1033814)[0m [93mWARNING [0m:   DEPRECATED FEATURE: `client_fn` now expects a signature `def client_fn(context: Context)`.The provided `client_fn` has signature: {'cid': <Parameter "cid: str">}. You can import the `Context` like this: `from flwr.common import Context`
[36m(ClientAppActor pid=1033814)[0m 
[36m(ClientAppActor pid=1033814)[0m             This is a deprecated feature. It will be removed
[36m(ClientAppActor pid=1033814)[0m             entirely in future versions of Flower.
[36m(ClientAppActor pid=1033814)[0m         
[36m(ClientAppActor pid=1033814)[0m [93mWARNING [0m:   Deprecation Warning: The `client_fn` function must return an instance of `Client`, but an instance of `NumpyClient` was returned. Please use `NumPyClient.to_client()` method to convert it to `Client`.
[92mINFO [0m:      aggregate_evaluate: received 2 results and 0 failures
[93mWARNING [0m:   No evaluate_metrics_aggregation_fn provided
[92mINFO [0m:      
[92mINFO [0m:      [ROUND 2]
[92mINFO [0m:      configure_fit: strategy sampled 2 clients (out of 2)
[36m(ClientAppActor pid=1033814)[0m [93mWARNING [0m:   DEPRECATED FEATURE: `client_fn` now expects a signature `def client_fn(context: Context)`.The provided `client_fn` has signature: {'cid': <Parameter "cid: str">}. You can import the `Context` like this: `from flwr.common import Context`
[36m(ClientAppActor pid=1033814)[0m 
[36m(ClientAppActor pid=1033814)[0m             This is a deprecated feature. It will be removed
[36m(ClientAppActor pid=1033814)[0m             entirely in future versions of Flower.
[36m(ClientAppActor pid=1033814)[0m         
[36m(ClientAppActor pid=1033814)[0m [93mWARNING [0m:   Deprecation Warning: The `client_fn` function must return an instance of `Client`, but an instance of `NumpyClient` was returned. Please use `NumPyClient.to_client()` method to convert it to `Client`.
[36m(ClientAppActor pid=1033814)[0m [93mWARNING [0m:   DEPRECATED FEATURE: `client_fn` now expects a signature `def client_fn(context: Context)`.The provided `client_fn` has signature: {'cid': <Parameter "cid: str">}. You can import the `Context` like this: `from flwr.common import Context`
[36m(ClientAppActor pid=1033814)[0m 
[36m(ClientAppActor pid=1033814)[0m             This is a deprecated feature. It will be removed
[36m(ClientAppActor pid=1033814)[0m             entirely in future versions of Flower.
[36m(ClientAppActor pid=1033814)[0m         
[36m(ClientAppActor pid=1033814)[0m [93mWARNING [0m:   Deprecation Warning: The `client_fn` function must return an instance of `Client`, but an instance of `NumpyClient` was returned. Please use `NumPyClient.to_client()` method to convert it to `Client`.
[92mINFO [0m:      aggregate_fit: received 2 results and 0 failures
[92mINFO [0m:      fit progress: (2, 1.203880837089137, {'client0_meanDice': 0.06840881705284119, 'client0_WT': 0.11967368423938751, 'client0_TC': 0.058556996285915375, 'client0_ET': 0.026995772495865822, 'client1_meanDice': 0.06840881705284119, 'client1_WT': 0.11967368423938751, 'client1_TC': 0.058556996285915375, 'client1_ET': 0.026995772495865822, 'global_meanDice': 0.06652224808931351, 'global_WT': 0.11803975701332092, 'global_TC': 0.05663145333528519, 'global_ET': 0.024895552545785904}, 115.74562383798184)
[92mINFO [0m:      configure_evaluate: strategy sampled 2 clients (out of 2)
[36m(ClientAppActor pid=1033814)[0m [93mWARNING [0m:   DEPRECATED FEATURE: `client_fn` now expects a signature `def client_fn(context: Context)`.The provided `client_fn` has signature: {'cid': <Parameter "cid: str">}. You can import the `Context` like this: `from flwr.common import Context`
[36m(ClientAppActor pid=1033814)[0m 
[36m(ClientAppActor pid=1033814)[0m             This is a deprecated feature. It will be removed
[36m(ClientAppActor pid=1033814)[0m             entirely in future versions of Flower.
[36m(ClientAppActor pid=1033814)[0m         
[36m(ClientAppActor pid=1033814)[0m [93mWARNING [0m:   Deprecation Warning: The `client_fn` function must return an instance of `Client`, but an instance of `NumpyClient` was returned. Please use `NumPyClient.to_client()` method to convert it to `Client`.
[36m(ClientAppActor pid=1033814)[0m [93mWARNING [0m:   DEPRECATED FEATURE: `client_fn` now expects a signature `def client_fn(context: Context)`.The provided `client_fn` has signature: {'cid': <Parameter "cid: str">}. You can import the `Context` like this: `from flwr.common import Context`
[36m(ClientAppActor pid=1033814)[0m 
[36m(ClientAppActor pid=1033814)[0m             This is a deprecated feature. It will be removed
[36m(ClientAppActor pid=1033814)[0m             entirely in future versions of Flower.
[36m(ClientAppActor pid=1033814)[0m         
[36m(ClientAppActor pid=1033814)[0m [93mWARNING [0m:   Deprecation Warning: The `client_fn` function must return an instance of `Client`, but an instance of `NumpyClient` was returned. Please use `NumPyClient.to_client()` method to convert it to `Client`.
[92mINFO [0m:      aggregate_evaluate: received 2 results and 0 failures
[92mINFO [0m:      
[92mINFO [0m:      [ROUND 3]
[92mINFO [0m:      configure_fit: strategy sampled 2 clients (out of 2)
[36m(ClientAppActor pid=1033814)[0m [93mWARNING [0m:   DEPRECATED FEATURE: `client_fn` now expects a signature `def client_fn(context: Context)`.The provided `client_fn` has signature: {'cid': <Parameter "cid: str">}. You can import the `Context` like this: `from flwr.common import Context`
[36m(ClientAppActor pid=1033814)[0m 
[36m(ClientAppActor pid=1033814)[0m             This is a deprecated feature. It will be removed
[36m(ClientAppActor pid=1033814)[0m             entirely in future versions of Flower.
[36m(ClientAppActor pid=1033814)[0m         
[36m(ClientAppActor pid=1033814)[0m [93mWARNING [0m:   Deprecation Warning: The `client_fn` function must return an instance of `Client`, but an instance of `NumpyClient` was returned. Please use `NumPyClient.to_client()` method to convert it to `Client`.
[36m(ClientAppActor pid=1033814)[0m [93mWARNING [0m:   DEPRECATED FEATURE: `client_fn` now expects a signature `def client_fn(context: Context)`.The provided `client_fn` has signature: {'cid': <Parameter "cid: str">}. You can import the `Context` like this: `from flwr.common import Context`
[36m(ClientAppActor pid=1033814)[0m 
[36m(ClientAppActor pid=1033814)[0m             This is a deprecated feature. It will be removed
[36m(ClientAppActor pid=1033814)[0m             entirely in future versions of Flower.
[36m(ClientAppActor pid=1033814)[0m         
[36m(ClientAppActor pid=1033814)[0m [93mWARNING [0m:   Deprecation Warning: The `client_fn` function must return an instance of `Client`, but an instance of `NumpyClient` was returned. Please use `NumPyClient.to_client()` method to convert it to `Client`.
[92mINFO [0m:      aggregate_fit: received 2 results and 0 failures
[92mINFO [0m:      fit progress: (3, 1.027894754158823, {'client0_meanDice': 0.14018957316875458, 'client0_WT': 0.2378627061843872, 'client0_TC': 0.12751317024230957, 'client0_ET': 0.055192846804857254, 'client1_meanDice': 0.14018957316875458, 'client1_WT': 0.2378627061843872, 'client1_TC': 0.12751317024230957, 'client1_ET': 0.055192846804857254, 'global_meanDice': 0.13822625577449799, 'global_WT': 0.23691816627979279, 'global_TC': 0.12542445957660675, 'global_ET': 0.05233614519238472}, 150.22014688199852)
[92mINFO [0m:      configure_evaluate: strategy sampled 2 clients (out of 2)
[36m(ClientAppActor pid=1033814)[0m [93mWARNING [0m:   DEPRECATED FEATURE: `client_fn` now expects a signature `def client_fn(context: Context)`.The provided `client_fn` has signature: {'cid': <Parameter "cid: str">}. You can import the `Context` like this: `from flwr.common import Context`
[36m(ClientAppActor pid=1033814)[0m 
[36m(ClientAppActor pid=1033814)[0m             This is a deprecated feature. It will be removed
[36m(ClientAppActor pid=1033814)[0m             entirely in future versions of Flower.
[36m(ClientAppActor pid=1033814)[0m         
[36m(ClientAppActor pid=1033814)[0m [93mWARNING [0m:   Deprecation Warning: The `client_fn` function must return an instance of `Client`, but an instance of `NumpyClient` was returned. Please use `NumPyClient.to_client()` method to convert it to `Client`.
[36m(ClientAppActor pid=1033814)[0m [93mWARNING [0m:   DEPRECATED FEATURE: `client_fn` now expects a signature `def client_fn(context: Context)`.The provided `client_fn` has signature: {'cid': <Parameter "cid: str">}. You can import the `Context` like this: `from flwr.common import Context`
[36m(ClientAppActor pid=1033814)[0m 
[36m(ClientAppActor pid=1033814)[0m             This is a deprecated feature. It will be removed
[36m(ClientAppActor pid=1033814)[0m             entirely in future versions of Flower.
[36m(ClientAppActor pid=1033814)[0m         
[36m(ClientAppActor pid=1033814)[0m [93mWARNING [0m:   Deprecation Warning: The `client_fn` function must return an instance of `Client`, but an instance of `NumpyClient` was returned. Please use `NumPyClient.to_client()` method to convert it to `Client`.
[92mINFO [0m:      aggregate_evaluate: received 2 results and 0 failures
[92mINFO [0m:      
[92mINFO [0m:      [ROUND 4]
[92mINFO [0m:      configure_fit: strategy sampled 2 clients (out of 2)
[36m(ClientAppActor pid=1033814)[0m [93mWARNING [0m:   DEPRECATED FEATURE: `client_fn` now expects a signature `def client_fn(context: Context)`.The provided `client_fn` has signature: {'cid': <Parameter "cid: str">}. You can import the `Context` like this: `from flwr.common import Context`
[36m(ClientAppActor pid=1033814)[0m 
[36m(ClientAppActor pid=1033814)[0m             This is a deprecated feature. It will be removed
[36m(ClientAppActor pid=1033814)[0m             entirely in future versions of Flower.
[36m(ClientAppActor pid=1033814)[0m         
[36m(ClientAppActor pid=1033814)[0m [93mWARNING [0m:   Deprecation Warning: The `client_fn` function must return an instance of `Client`, but an instance of `NumpyClient` was returned. Please use `NumPyClient.to_client()` method to convert it to `Client`.
[36m(ClientAppActor pid=1033814)[0m [93mWARNING [0m:   DEPRECATED FEATURE: `client_fn` now expects a signature `def client_fn(context: Context)`.The provided `client_fn` has signature: {'cid': <Parameter "cid: str">}. You can import the `Context` like this: `from flwr.common import Context`
[36m(ClientAppActor pid=1033814)[0m 
[36m(ClientAppActor pid=1033814)[0m             This is a deprecated feature. It will be removed
[36m(ClientAppActor pid=1033814)[0m             entirely in future versions of Flower.
[36m(ClientAppActor pid=1033814)[0m         
[36m(ClientAppActor pid=1033814)[0m [93mWARNING [0m:   Deprecation Warning: The `client_fn` function must return an instance of `Client`, but an instance of `NumpyClient` was returned. Please use `NumPyClient.to_client()` method to convert it to `Client`.
[92mINFO [0m:      aggregate_fit: received 2 results and 0 failures
[92mINFO [0m:      fit progress: (4, 0.9547347489156222, {'client0_meanDice': 0.16078485548496246, 'client0_WT': 0.25820255279541016, 'client0_TC': 0.15572571754455566, 'client0_ET': 0.06842631846666336, 'client1_meanDice': 0.16078485548496246, 'client1_WT': 0.25820255279541016, 'client1_TC': 0.15572571754455566, 'client1_ET': 0.06842631846666336, 'global_meanDice': 0.16174976527690887, 'global_WT': 0.2624868154525757, 'global_TC': 0.15617252886295319, 'global_ET': 0.06658998131752014}, 188.60352908202913)
[92mINFO [0m:      configure_evaluate: strategy sampled 2 clients (out of 2)
[36m(ClientAppActor pid=1033814)[0m [93mWARNING [0m:   DEPRECATED FEATURE: `client_fn` now expects a signature `def client_fn(context: Context)`.The provided `client_fn` has signature: {'cid': <Parameter "cid: str">}. You can import the `Context` like this: `from flwr.common import Context`
[36m(ClientAppActor pid=1033814)[0m 
[36m(ClientAppActor pid=1033814)[0m             This is a deprecated feature. It will be removed
[36m(ClientAppActor pid=1033814)[0m             entirely in future versions of Flower.
[36m(ClientAppActor pid=1033814)[0m         
[36m(ClientAppActor pid=1033814)[0m [93mWARNING [0m:   Deprecation Warning: The `client_fn` function must return an instance of `Client`, but an instance of `NumpyClient` was returned. Please use `NumPyClient.to_client()` method to convert it to `Client`.
[36m(ClientAppActor pid=1033814)[0m [93mWARNING [0m:   DEPRECATED FEATURE: `client_fn` now expects a signature `def client_fn(context: Context)`.The provided `client_fn` has signature: {'cid': <Parameter "cid: str">}. You can import the `Context` like this: `from flwr.common import Context`
[36m(ClientAppActor pid=1033814)[0m 
[36m(ClientAppActor pid=1033814)[0m             This is a deprecated feature. It will be removed
[36m(ClientAppActor pid=1033814)[0m             entirely in future versions of Flower.
[36m(ClientAppActor pid=1033814)[0m         
[36m(ClientAppActor pid=1033814)[0m [93mWARNING [0m:   Deprecation Warning: The `client_fn` function must return an instance of `Client`, but an instance of `NumpyClient` was returned. Please use `NumPyClient.to_client()` method to convert it to `Client`.
[92mINFO [0m:      aggregate_evaluate: received 2 results and 0 failures
[92mINFO [0m:      
[92mINFO [0m:      [ROUND 5]
[92mINFO [0m:      configure_fit: strategy sampled 2 clients (out of 2)
[36m(ClientAppActor pid=1033814)[0m [93mWARNING [0m:   DEPRECATED FEATURE: `client_fn` now expects a signature `def client_fn(context: Context)`.The provided `client_fn` has signature: {'cid': <Parameter "cid: str">}. You can import the `Context` like this: `from flwr.common import Context`
[36m(ClientAppActor pid=1033814)[0m 
[36m(ClientAppActor pid=1033814)[0m             This is a deprecated feature. It will be removed
[36m(ClientAppActor pid=1033814)[0m             entirely in future versions of Flower.
[36m(ClientAppActor pid=1033814)[0m         
[36m(ClientAppActor pid=1033814)[0m [93mWARNING [0m:   Deprecation Warning: The `client_fn` function must return an instance of `Client`, but an instance of `NumpyClient` was returned. Please use `NumPyClient.to_client()` method to convert it to `Client`.
[36m(ClientAppActor pid=1033814)[0m [93mWARNING [0m:   DEPRECATED FEATURE: `client_fn` now expects a signature `def client_fn(context: Context)`.The provided `client_fn` has signature: {'cid': <Parameter "cid: str">}. You can import the `Context` like this: `from flwr.common import Context`
[36m(ClientAppActor pid=1033814)[0m 
[36m(ClientAppActor pid=1033814)[0m             This is a deprecated feature. It will be removed
[36m(ClientAppActor pid=1033814)[0m             entirely in future versions of Flower.
[36m(ClientAppActor pid=1033814)[0m         
[36m(ClientAppActor pid=1033814)[0m [93mWARNING [0m:   Deprecation Warning: The `client_fn` function must return an instance of `Client`, but an instance of `NumpyClient` was returned. Please use `NumPyClient.to_client()` method to convert it to `Client`.
[92mINFO [0m:      aggregate_fit: received 2 results and 0 failures
[92mINFO [0m:      fit progress: (5, 0.9600323846465663, {'client0_meanDice': 0.13428276777267456, 'client0_WT': 0.235697939991951, 'client0_TC': 0.11514298617839813, 'client0_ET': 0.05200737714767456, 'client1_meanDice': 0.13428276777267456, 'client1_WT': 0.235697939991951, 'client1_TC': 0.11514298617839813, 'client1_ET': 0.05200737714767456, 'global_meanDice': 0.13968823850154877, 'global_WT': 0.24725759029388428, 'global_TC': 0.11919961124658585, 'global_ET': 0.05260751023888588}, 216.40905011701398)
[92mINFO [0m:      configure_evaluate: strategy sampled 2 clients (out of 2)
[36m(ClientAppActor pid=1033814)[0m [93mWARNING [0m:   DEPRECATED FEATURE: `client_fn` now expects a signature `def client_fn(context: Context)`.The provided `client_fn` has signature: {'cid': <Parameter "cid: str">}. You can import the `Context` like this: `from flwr.common import Context`
[36m(ClientAppActor pid=1033814)[0m 
[36m(ClientAppActor pid=1033814)[0m             This is a deprecated feature. It will be removed
[36m(ClientAppActor pid=1033814)[0m             entirely in future versions of Flower.
[36m(ClientAppActor pid=1033814)[0m         
[36m(ClientAppActor pid=1033814)[0m [93mWARNING [0m:   Deprecation Warning: The `client_fn` function must return an instance of `Client`, but an instance of `NumpyClient` was returned. Please use `NumPyClient.to_client()` method to convert it to `Client`.
[36m(ClientAppActor pid=1033814)[0m [93mWARNING [0m:   DEPRECATED FEATURE: `client_fn` now expects a signature `def client_fn(context: Context)`.The provided `client_fn` has signature: {'cid': <Parameter "cid: str">}. You can import the `Context` like this: `from flwr.common import Context`
[36m(ClientAppActor pid=1033814)[0m 
[36m(ClientAppActor pid=1033814)[0m             This is a deprecated feature. It will be removed
[36m(ClientAppActor pid=1033814)[0m             entirely in future versions of Flower.
[36m(ClientAppActor pid=1033814)[0m         
[36m(ClientAppActor pid=1033814)[0m [93mWARNING [0m:   Deprecation Warning: The `client_fn` function must return an instance of `Client`, but an instance of `NumpyClient` was returned. Please use `NumPyClient.to_client()` method to convert it to `Client`.
[92mINFO [0m:      aggregate_evaluate: received 2 results and 0 failures
[92mINFO [0m:      
[92mINFO [0m:      [ROUND 6]
[92mINFO [0m:      configure_fit: strategy sampled 2 clients (out of 2)
[36m(ClientAppActor pid=1033814)[0m [93mWARNING [0m:   DEPRECATED FEATURE: `client_fn` now expects a signature `def client_fn(context: Context)`.The provided `client_fn` has signature: {'cid': <Parameter "cid: str">}. You can import the `Context` like this: `from flwr.common import Context`
[36m(ClientAppActor pid=1033814)[0m 
[36m(ClientAppActor pid=1033814)[0m             This is a deprecated feature. It will be removed
[36m(ClientAppActor pid=1033814)[0m             entirely in future versions of Flower.
[36m(ClientAppActor pid=1033814)[0m         
[36m(ClientAppActor pid=1033814)[0m [93mWARNING [0m:   Deprecation Warning: The `client_fn` function must return an instance of `Client`, but an instance of `NumpyClient` was returned. Please use `NumPyClient.to_client()` method to convert it to `Client`.
[36m(ClientAppActor pid=1033814)[0m [93mWARNING [0m:   DEPRECATED FEATURE: `client_fn` now expects a signature `def client_fn(context: Context)`.The provided `client_fn` has signature: {'cid': <Parameter "cid: str">}. You can import the `Context` like this: `from flwr.common import Context`
[36m(ClientAppActor pid=1033814)[0m 
[36m(ClientAppActor pid=1033814)[0m             This is a deprecated feature. It will be removed
[36m(ClientAppActor pid=1033814)[0m             entirely in future versions of Flower.
[36m(ClientAppActor pid=1033814)[0m         
[36m(ClientAppActor pid=1033814)[0m [93mWARNING [0m:   Deprecation Warning: The `client_fn` function must return an instance of `Client`, but an instance of `NumpyClient` was returned. Please use `NumPyClient.to_client()` method to convert it to `Client`.
[92mINFO [0m:      aggregate_fit: received 2 results and 0 failures
[92mINFO [0m:      fit progress: (6, 0.9888321035786679, {'client0_meanDice': 0.11762086302042007, 'client0_WT': 0.14880307018756866, 'client0_TC': 0.12964007258415222, 'client0_ET': 0.07441943883895874, 'client1_meanDice': 0.11762086302042007, 'client1_WT': 0.14880307018756866, 'client1_TC': 0.12964007258415222, 'client1_ET': 0.07441943883895874, 'global_meanDice': 0.12232425063848495, 'global_WT': 0.15633699297904968, 'global_TC': 0.13323093950748444, 'global_ET': 0.07740478962659836}, 244.30857271200512)
[92mINFO [0m:      configure_evaluate: strategy sampled 2 clients (out of 2)
[36m(ClientAppActor pid=1033814)[0m [93mWARNING [0m:   DEPRECATED FEATURE: `client_fn` now expects a signature `def client_fn(context: Context)`.The provided `client_fn` has signature: {'cid': <Parameter "cid: str">}. You can import the `Context` like this: `from flwr.common import Context`
[36m(ClientAppActor pid=1033814)[0m 
[36m(ClientAppActor pid=1033814)[0m             This is a deprecated feature. It will be removed
[36m(ClientAppActor pid=1033814)[0m             entirely in future versions of Flower.
[36m(ClientAppActor pid=1033814)[0m         
[36m(ClientAppActor pid=1033814)[0m [93mWARNING [0m:   Deprecation Warning: The `client_fn` function must return an instance of `Client`, but an instance of `NumpyClient` was returned. Please use `NumPyClient.to_client()` method to convert it to `Client`.
[36m(ClientAppActor pid=1033814)[0m [93mWARNING [0m:   DEPRECATED FEATURE: `client_fn` now expects a signature `def client_fn(context: Context)`.The provided `client_fn` has signature: {'cid': <Parameter "cid: str">}. You can import the `Context` like this: `from flwr.common import Context`
[36m(ClientAppActor pid=1033814)[0m 
[36m(ClientAppActor pid=1033814)[0m             This is a deprecated feature. It will be removed
[36m(ClientAppActor pid=1033814)[0m             entirely in future versions of Flower.
[36m(ClientAppActor pid=1033814)[0m         
[36m(ClientAppActor pid=1033814)[0m [93mWARNING [0m:   Deprecation Warning: The `client_fn` function must return an instance of `Client`, but an instance of `NumpyClient` was returned. Please use `NumPyClient.to_client()` method to convert it to `Client`.
[92mINFO [0m:      aggregate_evaluate: received 2 results and 0 failures
[92mINFO [0m:      
[92mINFO [0m:      [ROUND 7]
[92mINFO [0m:      configure_fit: strategy sampled 2 clients (out of 2)
[36m(ClientAppActor pid=1033814)[0m [93mWARNING [0m:   DEPRECATED FEATURE: `client_fn` now expects a signature `def client_fn(context: Context)`.The provided `client_fn` has signature: {'cid': <Parameter "cid: str">}. You can import the `Context` like this: `from flwr.common import Context`
[36m(ClientAppActor pid=1033814)[0m 
[36m(ClientAppActor pid=1033814)[0m             This is a deprecated feature. It will be removed
[36m(ClientAppActor pid=1033814)[0m             entirely in future versions of Flower.
[36m(ClientAppActor pid=1033814)[0m         
[36m(ClientAppActor pid=1033814)[0m [93mWARNING [0m:   Deprecation Warning: The `client_fn` function must return an instance of `Client`, but an instance of `NumpyClient` was returned. Please use `NumPyClient.to_client()` method to convert it to `Client`.
[36m(ClientAppActor pid=1033814)[0m [93mWARNING [0m:   DEPRECATED FEATURE: `client_fn` now expects a signature `def client_fn(context: Context)`.The provided `client_fn` has signature: {'cid': <Parameter "cid: str">}. You can import the `Context` like this: `from flwr.common import Context`
[36m(ClientAppActor pid=1033814)[0m 
[36m(ClientAppActor pid=1033814)[0m             This is a deprecated feature. It will be removed
[36m(ClientAppActor pid=1033814)[0m             entirely in future versions of Flower.
[36m(ClientAppActor pid=1033814)[0m         
[36m(ClientAppActor pid=1033814)[0m [93mWARNING [0m:   Deprecation Warning: The `client_fn` function must return an instance of `Client`, but an instance of `NumpyClient` was returned. Please use `NumPyClient.to_client()` method to convert it to `Client`.
[92mINFO [0m:      aggregate_fit: received 2 results and 0 failures
[92mINFO [0m:      fit progress: (7, 0.621710468279688, {'client0_meanDice': 0.4541633129119873, 'client0_WT': 0.5496913194656372, 'client0_TC': 0.49187612533569336, 'client0_ET': 0.32092246413230896, 'client1_meanDice': 0.4541633129119873, 'client1_WT': 0.5496913194656372, 'client1_TC': 0.49187612533569336, 'client1_ET': 0.32092246413230896, 'global_meanDice': 0.4439983665943146, 'global_WT': 0.5477344393730164, 'global_TC': 0.47795557975769043, 'global_ET': 0.30630502104759216}, 270.84106071299175)
[92mINFO [0m:      configure_evaluate: strategy sampled 2 clients (out of 2)
[36m(ClientAppActor pid=1033814)[0m [93mWARNING [0m:   DEPRECATED FEATURE: `client_fn` now expects a signature `def client_fn(context: Context)`.The provided `client_fn` has signature: {'cid': <Parameter "cid: str">}. You can import the `Context` like this: `from flwr.common import Context`
[36m(ClientAppActor pid=1033814)[0m 
[36m(ClientAppActor pid=1033814)[0m             This is a deprecated feature. It will be removed
[36m(ClientAppActor pid=1033814)[0m             entirely in future versions of Flower.
[36m(ClientAppActor pid=1033814)[0m         
[36m(ClientAppActor pid=1033814)[0m [93mWARNING [0m:   Deprecation Warning: The `client_fn` function must return an instance of `Client`, but an instance of `NumpyClient` was returned. Please use `NumPyClient.to_client()` method to convert it to `Client`.
[36m(ClientAppActor pid=1033814)[0m [93mWARNING [0m:   DEPRECATED FEATURE: `client_fn` now expects a signature `def client_fn(context: Context)`.The provided `client_fn` has signature: {'cid': <Parameter "cid: str">}. You can import the `Context` like this: `from flwr.common import Context`
[36m(ClientAppActor pid=1033814)[0m 
[36m(ClientAppActor pid=1033814)[0m             This is a deprecated feature. It will be removed
[36m(ClientAppActor pid=1033814)[0m             entirely in future versions of Flower.
[36m(ClientAppActor pid=1033814)[0m         
[36m(ClientAppActor pid=1033814)[0m [93mWARNING [0m:   Deprecation Warning: The `client_fn` function must return an instance of `Client`, but an instance of `NumpyClient` was returned. Please use `NumPyClient.to_client()` method to convert it to `Client`.
[92mINFO [0m:      aggregate_evaluate: received 2 results and 0 failures
[92mINFO [0m:      
[92mINFO [0m:      [ROUND 8]
[92mINFO [0m:      configure_fit: strategy sampled 2 clients (out of 2)
[36m(ClientAppActor pid=1033814)[0m [93mWARNING [0m:   DEPRECATED FEATURE: `client_fn` now expects a signature `def client_fn(context: Context)`.The provided `client_fn` has signature: {'cid': <Parameter "cid: str">}. You can import the `Context` like this: `from flwr.common import Context`
[36m(ClientAppActor pid=1033814)[0m 
[36m(ClientAppActor pid=1033814)[0m             This is a deprecated feature. It will be removed
[36m(ClientAppActor pid=1033814)[0m             entirely in future versions of Flower.
[36m(ClientAppActor pid=1033814)[0m         
[36m(ClientAppActor pid=1033814)[0m [93mWARNING [0m:   Deprecation Warning: The `client_fn` function must return an instance of `Client`, but an instance of `NumpyClient` was returned. Please use `NumPyClient.to_client()` method to convert it to `Client`.
[36m(ClientAppActor pid=1033814)[0m [93mWARNING [0m:   DEPRECATED FEATURE: `client_fn` now expects a signature `def client_fn(context: Context)`.The provided `client_fn` has signature: {'cid': <Parameter "cid: str">}. You can import the `Context` like this: `from flwr.common import Context`
[36m(ClientAppActor pid=1033814)[0m 
[36m(ClientAppActor pid=1033814)[0m             This is a deprecated feature. It will be removed
[36m(ClientAppActor pid=1033814)[0m             entirely in future versions of Flower.
[36m(ClientAppActor pid=1033814)[0m         
[36m(ClientAppActor pid=1033814)[0m [93mWARNING [0m:   Deprecation Warning: The `client_fn` function must return an instance of `Client`, but an instance of `NumpyClient` was returned. Please use `NumPyClient.to_client()` method to convert it to `Client`.
[92mINFO [0m:      aggregate_fit: received 2 results and 0 failures
[92mINFO [0m:      fit progress: (8, 0.7744565872769607, {'client0_meanDice': 0.31160077452659607, 'client0_WT': 0.39469653367996216, 'client0_TC': 0.3268108367919922, 'client0_ET': 0.21329493820667267, 'client1_meanDice': 0.31160077452659607, 'client1_WT': 0.39469653367996216, 'client1_TC': 0.3268108367919922, 'client1_ET': 0.21329493820667267, 'global_meanDice': 0.31799080967903137, 'global_WT': 0.40095674991607666, 'global_TC': 0.3343063294887543, 'global_ET': 0.2187093198299408}, 293.05351853498723)
[92mINFO [0m:      configure_evaluate: strategy sampled 2 clients (out of 2)
[36m(ClientAppActor pid=1033814)[0m [93mWARNING [0m:   DEPRECATED FEATURE: `client_fn` now expects a signature `def client_fn(context: Context)`.The provided `client_fn` has signature: {'cid': <Parameter "cid: str">}. You can import the `Context` like this: `from flwr.common import Context`
[36m(ClientAppActor pid=1033814)[0m 
[36m(ClientAppActor pid=1033814)[0m             This is a deprecated feature. It will be removed
[36m(ClientAppActor pid=1033814)[0m             entirely in future versions of Flower.
[36m(ClientAppActor pid=1033814)[0m         
[36m(ClientAppActor pid=1033814)[0m [93mWARNING [0m:   Deprecation Warning: The `client_fn` function must return an instance of `Client`, but an instance of `NumpyClient` was returned. Please use `NumPyClient.to_client()` method to convert it to `Client`.
[36m(ClientAppActor pid=1033814)[0m [93mWARNING [0m:   DEPRECATED FEATURE: `client_fn` now expects a signature `def client_fn(context: Context)`.The provided `client_fn` has signature: {'cid': <Parameter "cid: str">}. You can import the `Context` like this: `from flwr.common import Context`
[36m(ClientAppActor pid=1033814)[0m 
[36m(ClientAppActor pid=1033814)[0m             This is a deprecated feature. It will be removed
[36m(ClientAppActor pid=1033814)[0m             entirely in future versions of Flower.
[36m(ClientAppActor pid=1033814)[0m         
[36m(ClientAppActor pid=1033814)[0m [93mWARNING [0m:   Deprecation Warning: The `client_fn` function must return an instance of `Client`, but an instance of `NumpyClient` was returned. Please use `NumPyClient.to_client()` method to convert it to `Client`.
[92mINFO [0m:      aggregate_evaluate: received 2 results and 0 failures
[92mINFO [0m:      
[92mINFO [0m:      [ROUND 9]
[92mINFO [0m:      configure_fit: strategy sampled 2 clients (out of 2)
[36m(ClientAppActor pid=1033814)[0m [93mWARNING [0m:   DEPRECATED FEATURE: `client_fn` now expects a signature `def client_fn(context: Context)`.The provided `client_fn` has signature: {'cid': <Parameter "cid: str">}. You can import the `Context` like this: `from flwr.common import Context`
[36m(ClientAppActor pid=1033814)[0m 
[36m(ClientAppActor pid=1033814)[0m             This is a deprecated feature. It will be removed
[36m(ClientAppActor pid=1033814)[0m             entirely in future versions of Flower.
[36m(ClientAppActor pid=1033814)[0m         
[36m(ClientAppActor pid=1033814)[0m [93mWARNING [0m:   Deprecation Warning: The `client_fn` function must return an instance of `Client`, but an instance of `NumpyClient` was returned. Please use `NumPyClient.to_client()` method to convert it to `Client`.
[36m(ClientAppActor pid=1033814)[0m [93mWARNING [0m:   DEPRECATED FEATURE: `client_fn` now expects a signature `def client_fn(context: Context)`.The provided `client_fn` has signature: {'cid': <Parameter "cid: str">}. You can import the `Context` like this: `from flwr.common import Context`
[36m(ClientAppActor pid=1033814)[0m 
[36m(ClientAppActor pid=1033814)[0m             This is a deprecated feature. It will be removed
[36m(ClientAppActor pid=1033814)[0m             entirely in future versions of Flower.
[36m(ClientAppActor pid=1033814)[0m         
[36m(ClientAppActor pid=1033814)[0m [93mWARNING [0m:   Deprecation Warning: The `client_fn` function must return an instance of `Client`, but an instance of `NumpyClient` was returned. Please use `NumPyClient.to_client()` method to convert it to `Client`.
[92mINFO [0m:      aggregate_fit: received 2 results and 0 failures
[92mINFO [0m:      fit progress: (9, 0.5946380558766817, {'client0_meanDice': 0.48173537850379944, 'client0_WT': 0.5748898386955261, 'client0_TC': 0.520667552947998, 'client0_ET': 0.349648654460907, 'client1_meanDice': 0.48173537850379944, 'client1_WT': 0.5748898386955261, 'client1_TC': 0.520667552947998, 'client1_ET': 0.349648654460907, 'global_meanDice': 0.47855663299560547, 'global_WT': 0.5737897157669067, 'global_TC': 0.5142395496368408, 'global_ET': 0.34764060378074646}, 313.2063177819946)
[92mINFO [0m:      configure_evaluate: strategy sampled 2 clients (out of 2)
[36m(ClientAppActor pid=1033814)[0m [93mWARNING [0m:   DEPRECATED FEATURE: `client_fn` now expects a signature `def client_fn(context: Context)`.The provided `client_fn` has signature: {'cid': <Parameter "cid: str">}. You can import the `Context` like this: `from flwr.common import Context`
[36m(ClientAppActor pid=1033814)[0m 
[36m(ClientAppActor pid=1033814)[0m             This is a deprecated feature. It will be removed
[36m(ClientAppActor pid=1033814)[0m             entirely in future versions of Flower.
[36m(ClientAppActor pid=1033814)[0m         
[36m(ClientAppActor pid=1033814)[0m [93mWARNING [0m:   Deprecation Warning: The `client_fn` function must return an instance of `Client`, but an instance of `NumpyClient` was returned. Please use `NumPyClient.to_client()` method to convert it to `Client`.
[36m(ClientAppActor pid=1033814)[0m [93mWARNING [0m:   DEPRECATED FEATURE: `client_fn` now expects a signature `def client_fn(context: Context)`.The provided `client_fn` has signature: {'cid': <Parameter "cid: str">}. You can import the `Context` like this: `from flwr.common import Context`
[36m(ClientAppActor pid=1033814)[0m 
[36m(ClientAppActor pid=1033814)[0m             This is a deprecated feature. It will be removed
[36m(ClientAppActor pid=1033814)[0m             entirely in future versions of Flower.
[36m(ClientAppActor pid=1033814)[0m         
[36m(ClientAppActor pid=1033814)[0m [93mWARNING [0m:   Deprecation Warning: The `client_fn` function must return an instance of `Client`, but an instance of `NumpyClient` was returned. Please use `NumPyClient.to_client()` method to convert it to `Client`.
[92mINFO [0m:      aggregate_evaluate: received 2 results and 0 failures
[92mINFO [0m:      
[92mINFO [0m:      [ROUND 10]
[92mINFO [0m:      configure_fit: strategy sampled 2 clients (out of 2)
[36m(ClientAppActor pid=1033814)[0m [93mWARNING [0m:   DEPRECATED FEATURE: `client_fn` now expects a signature `def client_fn(context: Context)`.The provided `client_fn` has signature: {'cid': <Parameter "cid: str">}. You can import the `Context` like this: `from flwr.common import Context`
[36m(ClientAppActor pid=1033814)[0m 
[36m(ClientAppActor pid=1033814)[0m             This is a deprecated feature. It will be removed
[36m(ClientAppActor pid=1033814)[0m             entirely in future versions of Flower.
[36m(ClientAppActor pid=1033814)[0m         
[36m(ClientAppActor pid=1033814)[0m [93mWARNING [0m:   Deprecation Warning: The `client_fn` function must return an instance of `Client`, but an instance of `NumpyClient` was returned. Please use `NumPyClient.to_client()` method to convert it to `Client`.
[36m(ClientAppActor pid=1033814)[0m [93mWARNING [0m:   DEPRECATED FEATURE: `client_fn` now expects a signature `def client_fn(context: Context)`.The provided `client_fn` has signature: {'cid': <Parameter "cid: str">}. You can import the `Context` like this: `from flwr.common import Context`
[36m(ClientAppActor pid=1033814)[0m 
[36m(ClientAppActor pid=1033814)[0m             This is a deprecated feature. It will be removed
[36m(ClientAppActor pid=1033814)[0m             entirely in future versions of Flower.
[36m(ClientAppActor pid=1033814)[0m         
[36m(ClientAppActor pid=1033814)[0m [93mWARNING [0m:   Deprecation Warning: The `client_fn` function must return an instance of `Client`, but an instance of `NumpyClient` was returned. Please use `NumPyClient.to_client()` method to convert it to `Client`.
[92mINFO [0m:      aggregate_fit: received 2 results and 0 failures
[92mINFO [0m:      fit progress: (10, 0.7443935824067969, {'client0_meanDice': 0.34516921639442444, 'client0_WT': 0.414213091135025, 'client0_TC': 0.35499972105026245, 'client0_ET': 0.2662948966026306, 'client1_meanDice': 0.34516921639442444, 'client1_WT': 0.414213091135025, 'client1_TC': 0.35499972105026245, 'client1_ET': 0.2662948966026306, 'global_meanDice': 0.35466668009757996, 'global_WT': 0.4225003123283386, 'global_TC': 0.36475494503974915, 'global_ET': 0.2767447233200073}, 337.59116052201716)
[92mINFO [0m:      configure_evaluate: strategy sampled 2 clients (out of 2)
[36m(ClientAppActor pid=1033814)[0m [93mWARNING [0m:   DEPRECATED FEATURE: `client_fn` now expects a signature `def client_fn(context: Context)`.The provided `client_fn` has signature: {'cid': <Parameter "cid: str">}. You can import the `Context` like this: `from flwr.common import Context`
[36m(ClientAppActor pid=1033814)[0m 
[36m(ClientAppActor pid=1033814)[0m             This is a deprecated feature. It will be removed
[36m(ClientAppActor pid=1033814)[0m             entirely in future versions of Flower.
[36m(ClientAppActor pid=1033814)[0m         
[36m(ClientAppActor pid=1033814)[0m [93mWARNING [0m:   Deprecation Warning: The `client_fn` function must return an instance of `Client`, but an instance of `NumpyClient` was returned. Please use `NumPyClient.to_client()` method to convert it to `Client`.
[36m(ClientAppActor pid=1033814)[0m [93mWARNING [0m:   DEPRECATED FEATURE: `client_fn` now expects a signature `def client_fn(context: Context)`.The provided `client_fn` has signature: {'cid': <Parameter "cid: str">}. You can import the `Context` like this: `from flwr.common import Context`
[36m(ClientAppActor pid=1033814)[0m 
[36m(ClientAppActor pid=1033814)[0m             This is a deprecated feature. It will be removed
[36m(ClientAppActor pid=1033814)[0m             entirely in future versions of Flower.
[36m(ClientAppActor pid=1033814)[0m         
[36m(ClientAppActor pid=1033814)[0m [93mWARNING [0m:   Deprecation Warning: The `client_fn` function must return an instance of `Client`, but an instance of `NumpyClient` was returned. Please use `NumPyClient.to_client()` method to convert it to `Client`.
[92mINFO [0m:      aggregate_evaluate: received 2 results and 0 failures
[92mINFO [0m:      
[92mINFO [0m:      [SUMMARY]
[92mINFO [0m:      Run finished 10 round(s) in 341.34s
[92mINFO [0m:      	History (loss, distributed):
[92mINFO [0m:      		round 1: 1.434561014175415
[92mINFO [0m:      		round 2: 1.2028952598571778
[92mINFO [0m:      		round 3: 1.0262423396110534
[92mINFO [0m:      		round 4: 0.9571797609329222
[92mINFO [0m:      		round 5: 0.9690770387649537
[92mINFO [0m:      		round 6: 0.998972374200821
[92mINFO [0m:      		round 7: 0.6104786634445191
[92mINFO [0m:      		round 8: 0.7832620531320572
[92mINFO [0m:      		round 9: 0.5920951664447784
[92mINFO [0m:      		round 10: 0.7581305891275406
[92mINFO [0m:      	History (loss, centralized):
[92mINFO [0m:      		round 0: 2.1731394152892265
[92mINFO [0m:      		round 1: 1.4352517755408036
[92mINFO [0m:      		round 2: 1.203880837089137
[92mINFO [0m:      		round 3: 1.027894754158823
[92mINFO [0m:      		round 4: 0.9547347489156222
[92mINFO [0m:      		round 5: 0.9600323846465663
[92mINFO [0m:      		round 6: 0.9888321035786679
[92mINFO [0m:      		round 7: 0.621710468279688
[92mINFO [0m:      		round 8: 0.7744565872769607
[92mINFO [0m:      		round 9: 0.5946380558766817
[92mINFO [0m:      		round 10: 0.7443935824067969
[92mINFO [0m:      	History (metrics, centralized):
[92mINFO [0m:      	{'client0_ET': [(0, 0.03491339460015297),
[92mINFO [0m:      	                (1, 0.01845107600092888),
[92mINFO [0m:      	                (2, 0.026995772495865822),
[92mINFO [0m:      	                (3, 0.055192846804857254),
[92mINFO [0m:      	                (4, 0.06842631846666336),
[92mINFO [0m:      	                (5, 0.05200737714767456),
[92mINFO [0m:      	                (6, 0.07441943883895874),
[92mINFO [0m:      	                (7, 0.32092246413230896),
[92mINFO [0m:      	                (8, 0.21329493820667267),
[92mINFO [0m:      	                (9, 0.349648654460907),
[92mINFO [0m:      	                (10, 0.2662948966026306)],
[92mINFO [0m:      	 'client0_TC': [(0, 0.0130592230707407),
[92mINFO [0m:      	                (1, 0.041186220943927765),
[92mINFO [0m:      	                (2, 0.058556996285915375),
[92mINFO [0m:      	                (3, 0.12751317024230957),
[92mINFO [0m:      	                (4, 0.15572571754455566),
[92mINFO [0m:      	                (5, 0.11514298617839813),
[92mINFO [0m:      	                (6, 0.12964007258415222),
[92mINFO [0m:      	                (7, 0.49187612533569336),
[92mINFO [0m:      	                (8, 0.3268108367919922),
[92mINFO [0m:      	                (9, 0.520667552947998),
[92mINFO [0m:      	                (10, 0.35499972105026245)],
[92mINFO [0m:      	 'client0_WT': [(0, 0.030359262600541115),
[92mINFO [0m:      	                (1, 0.08336286246776581),
[92mINFO [0m:      	                (2, 0.11967368423938751),
[92mINFO [0m:      	                (3, 0.2378627061843872),
[92mINFO [0m:      	                (4, 0.25820255279541016),
[92mINFO [0m:      	                (5, 0.235697939991951),
[92mINFO [0m:      	                (6, 0.14880307018756866),
[92mINFO [0m:      	                (7, 0.5496913194656372),
[92mINFO [0m:      	                (8, 0.39469653367996216),
[92mINFO [0m:      	                (9, 0.5748898386955261),
[92mINFO [0m:      	                (10, 0.414213091135025)],
[92mINFO [0m:      	 'client0_meanDice': [(0, 0.026110626757144928),
[92mINFO [0m:      	                      (1, 0.04766671732068062),
[92mINFO [0m:      	                      (2, 0.06840881705284119),
[92mINFO [0m:      	                      (3, 0.14018957316875458),
[92mINFO [0m:      	                      (4, 0.16078485548496246),
[92mINFO [0m:      	                      (5, 0.13428276777267456),
[92mINFO [0m:      	                      (6, 0.11762086302042007),
[92mINFO [0m:      	                      (7, 0.4541633129119873),
[92mINFO [0m:      	                      (8, 0.31160077452659607),
[92mINFO [0m:      	                      (9, 0.48173537850379944),
[92mINFO [0m:      	                      (10, 0.34516921639442444)],
[92mINFO [0m:      	 'client1_ET': [(0, 0.03491339460015297),
[92mINFO [0m:      	                (1, 0.01845107600092888),
[92mINFO [0m:      	                (2, 0.026995772495865822),
[92mINFO [0m:      	                (3, 0.055192846804857254),
[92mINFO [0m:      	                (4, 0.06842631846666336),
[92mINFO [0m:      	                (5, 0.05200737714767456),
[92mINFO [0m:      	                (6, 0.07441943883895874),
[92mINFO [0m:      	                (7, 0.32092246413230896),
[92mINFO [0m:      	                (8, 0.21329493820667267),
[92mINFO [0m:      	                (9, 0.349648654460907),
[92mINFO [0m:      	                (10, 0.2662948966026306)],
[92mINFO [0m:      	 'client1_TC': [(0, 0.0130592230707407),
[92mINFO [0m:      	                (1, 0.041186220943927765),
[92mINFO [0m:      	                (2, 0.058556996285915375),
[92mINFO [0m:      	                (3, 0.12751317024230957),
[92mINFO [0m:      	                (4, 0.15572571754455566),
[92mINFO [0m:      	                (5, 0.11514298617839813),
[92mINFO [0m:      	                (6, 0.12964007258415222),
[92mINFO [0m:      	                (7, 0.49187612533569336),
[92mINFO [0m:      	                (8, 0.3268108367919922),
[92mINFO [0m:      	                (9, 0.520667552947998),
[92mINFO [0m:      	                (10, 0.35499972105026245)],
[92mINFO [0m:      	 'client1_WT': [(0, 0.030359262600541115),
[92mINFO [0m:      	                (1, 0.08336286246776581),
[92mINFO [0m:      	                (2, 0.11967368423938751),
[92mINFO [0m:      	                (3, 0.2378627061843872),
[92mINFO [0m:      	                (4, 0.25820255279541016),
[92mINFO [0m:      	                (5, 0.235697939991951),
[92mINFO [0m:      	                (6, 0.14880307018756866),
[92mINFO [0m:      	                (7, 0.5496913194656372),
[92mINFO [0m:      	                (8, 0.39469653367996216),
[92mINFO [0m:      	                (9, 0.5748898386955261),
[92mINFO [0m:      	                (10, 0.414213091135025)],
[92mINFO [0m:      	 'client1_meanDice': [(0, 0.026110626757144928),
[92mINFO [0m:      	                      (1, 0.04766671732068062),
[92mINFO [0m:      	                      (2, 0.06840881705284119),
[92mINFO [0m:      	                      (3, 0.14018957316875458),
[92mINFO [0m:      	                      (4, 0.16078485548496246),
[92mINFO [0m:      	                      (5, 0.13428276777267456),
[92mINFO [0m:      	                      (6, 0.11762086302042007),
[92mINFO [0m:      	                      (7, 0.4541633129119873),
[92mINFO [0m:      	                      (8, 0.31160077452659607),
[92mINFO [0m:      	                      (9, 0.48173537850379944),
[92mINFO [0m:      	                      (10, 0.34516921639442444)],
[92mINFO [0m:      	 'global_ET': [(0, 0.03202756494283676),
[92mINFO [0m:      	               (1, 0.017067033797502518),
[92mINFO [0m:      	               (2, 0.024895552545785904),
[92mINFO [0m:      	               (3, 0.05233614519238472),
[92mINFO [0m:      	               (4, 0.06658998131752014),
[92mINFO [0m:      	               (5, 0.05260751023888588),
[92mINFO [0m:      	               (6, 0.07740478962659836),
[92mINFO [0m:      	               (7, 0.30630502104759216),
[92mINFO [0m:      	               (8, 0.2187093198299408),
[92mINFO [0m:      	               (9, 0.34764060378074646),
[92mINFO [0m:      	               (10, 0.2767447233200073)],
[92mINFO [0m:      	 'global_TC': [(0, 0.012207096442580223),
[92mINFO [0m:      	               (1, 0.03970891609787941),
[92mINFO [0m:      	               (2, 0.05663145333528519),
[92mINFO [0m:      	               (3, 0.12542445957660675),
[92mINFO [0m:      	               (4, 0.15617252886295319),
[92mINFO [0m:      	               (5, 0.11919961124658585),
[92mINFO [0m:      	               (6, 0.13323093950748444),
[92mINFO [0m:      	               (7, 0.47795557975769043),
[92mINFO [0m:      	               (8, 0.3343063294887543),
[92mINFO [0m:      	               (9, 0.5142395496368408),
[92mINFO [0m:      	               (10, 0.36475494503974915)],
[92mINFO [0m:      	 'global_WT': [(0, 0.028897583484649658),
[92mINFO [0m:      	               (1, 0.08192616701126099),
[92mINFO [0m:      	               (2, 0.11803975701332092),
[92mINFO [0m:      	               (3, 0.23691816627979279),
[92mINFO [0m:      	               (4, 0.2624868154525757),
[92mINFO [0m:      	               (5, 0.24725759029388428),
[92mINFO [0m:      	               (6, 0.15633699297904968),
[92mINFO [0m:      	               (7, 0.5477344393730164),
[92mINFO [0m:      	               (8, 0.40095674991607666),
[92mINFO [0m:      	               (9, 0.5737897157669067),
[92mINFO [0m:      	               (10, 0.4225003123283386)],
[92mINFO [0m:      	 'global_meanDice': [(0, 0.02437741495668888),
[92mINFO [0m:      	                     (1, 0.04623403772711754),
[92mINFO [0m:      	                     (2, 0.06652224808931351),
[92mINFO [0m:      	                     (3, 0.13822625577449799),
[92mINFO [0m:      	                     (4, 0.16174976527690887),
[92mINFO [0m:      	                     (5, 0.13968823850154877),
[92mINFO [0m:      	                     (6, 0.12232425063848495),
[92mINFO [0m:      	                     (7, 0.4439983665943146),
[92mINFO [0m:      	                     (8, 0.31799080967903137),
[92mINFO [0m:      	                     (9, 0.47855663299560547),
[92mINFO [0m:      	                     (10, 0.35466668009757996)]}
[92mINFO [0m:      
