Loading rhel8/default-amp
  Loading requirement: libpciaccess/0.16/gcc-9.4.0-6fonbj6
    libiconv/1.16/gcc-9.4.0-ahebbov libxml2/2.9.12/gcc-9.4.0-gnknt5e
    ncurses/6.2/gcc-9.4.0-aiirok7 hwloc/2.5.0/gcc-9.4.0-7sqomga
    libevent/2.1.12/gcc-9.4.0-hgny7cm numactl/2.0.14/gcc-9.4.0-52dwc6n
    cuda/11.4.0/gcc-9.4.0-3hnxhjt gdrcopy/2.2/gcc-9.4.0-e4igtfp
    knem/1.1.4/gcc-9.4.0-bpbxgva libnl/3.3.0/gcc-9.4.0-whwhrwb
    rdma-core/34.0/gcc-9.4.0-5eo5n2u ucx/1.11.1/gcc-9.4.0-lktqyl4
    openmpi/4.1.1/gcc-9.4.0-epagguv
Traceback (most recent call last):
  File "/home/bk489/federated/federated-thesis/federated_unet/unet/train_local_only.py", line 279, in <module>
    main()
  File "/home/bk489/federated/federated-thesis/federated_unet/unet/train_local_only.py", line 253, in main
    va_loss, va_d = run_epoch(model, val_loader, device, optimizer=None)
  File "/home/bk489/federated/federated-thesis/federated_unet/unet/train_local_only.py", line 187, in run_epoch
    for x, y in loader:
  File "/home/bk489/.conda/envs/fed/lib/python3.9/site-packages/torch/utils/data/dataloader.py", line 734, in __next__
    data = self._next_data()
  File "/home/bk489/.conda/envs/fed/lib/python3.9/site-packages/torch/utils/data/dataloader.py", line 790, in _next_data
    data = self._dataset_fetcher.fetch(index)  # may raise StopIteration
  File "/home/bk489/.conda/envs/fed/lib/python3.9/site-packages/torch/utils/data/_utils/fetch.py", line 52, in fetch
    data = [self.dataset[idx] for idx in possibly_batched_index]
  File "/home/bk489/.conda/envs/fed/lib/python3.9/site-packages/torch/utils/data/_utils/fetch.py", line 52, in <listcomp>
    data = [self.dataset[idx] for idx in possibly_batched_index]
  File "/home/bk489/federated/federated-thesis/federated_unet/unet/train_local_only.py", line 95, in __getitem__
    d = np.load(self.files[idx], allow_pickle=False)
  File "/home/bk489/.conda/envs/fed/lib/python3.9/site-packages/numpy/lib/_npyio_impl.py", line 455, in load
    fid = stack.enter_context(open(os.fspath(file), "rb"))
FileNotFoundError: [Errno 2] No such file or directory: '/home/bk489/federated/federated-thesis/data/partitions/federated_clients_2_70_30/client_data/client_0/val/BraTS20_Training_005/slice_089_rank07.npz'
