==============================================
BraTS 2D U-Net FEDERATED (90/10) training
Job ID: 21317143
Node(s): gpu-q-9
Workdir: /home/bk489/federated/federated-thesis
Script:  /home/bk489/federated/federated-thesis/federated_unet/unet/unet_flower_train_70_30.py
Parts:   /home/bk489/federated/federated-thesis/data/partitions/federated_clients_2_90_10/client_data
Out:     /home/bk489/federated/federated-thesis/results/federated/clients_2_90_10
Strategy: fedavg | MU: 0.1
Rounds: 20 | LocalEpochs: 3
Batch: 4 | LR: 1e-3 | Seed: 42
Python:  /home/bk489/.conda/envs/fed/bin/python
Python 3.9.16 | packaged by conda-forge | (main, Feb  1 2023, 21:39:03) 
[GCC 11.3.0]
PyTorch 2.8.0+cu128 CUDA available: True CUDA: 12.8
Device count: 1
Flower 1.23.0
Mon Jan 26 23:42:49 2026       
+-----------------------------------------------------------------------------------------+
| NVIDIA-SMI 570.195.03             Driver Version: 570.195.03     CUDA Version: 12.8     |
|-----------------------------------------+------------------------+----------------------+
| GPU  Name                 Persistence-M | Bus-Id          Disp.A | Volatile Uncorr. ECC |
| Fan  Temp   Perf          Pwr:Usage/Cap |           Memory-Usage | GPU-Util  Compute M. |
|                                         |                        |               MIG M. |
|=========================================+========================+======================|
|   0  NVIDIA A100-SXM4-80GB          On  |   00000000:41:00.0 Off |                    0 |
| N/A   32C    P0             65W /  500W |       0MiB /  81920MiB |      0%      Default |
|                                         |                        |             Disabled |
+-----------------------------------------+------------------------+----------------------+
                                                                                         
+-----------------------------------------------------------------------------------------+
| Processes:                                                                              |
|  GPU   GI   CI              PID   Type   Process name                        GPU Memory |
|        ID   ID                                                               Usage      |
|=========================================================================================|
|  No running processes found                                                             |
+-----------------------------------------------------------------------------------------+
==============================================
Client partition sanity check (train/val/test must exist):
  client_0: train=2130 val=260 test=260 slices
  client_1: train=230 val=30 test=30 slices

----------------------------------------------
Running Federated Training (fedavg)
----------------------------------------------
[Round 0] Client0 Mean=0.0403 | Client1 Mean=0.0433 | Pooled Mean=0.0406
[36m(ClientAppActor pid=572902)[0m   [Client 1] Epoch 1/3: loss=1.2950, dice=0.0989
[36m(ClientAppActor pid=572902)[0m   [Client 1] Epoch 2/3: loss=1.0066, dice=0.1813
[36m(ClientAppActor pid=572902)[0m   [Client 1] Epoch 3/3: loss=0.7596, dice=0.3254
[36m(ClientAppActor pid=572902)[0m   [Client 0] Epoch 1/3: loss=0.5462, dice=0.5486
[36m(ClientAppActor pid=572902)[0m   [Client 0] Epoch 2/3: loss=0.2116, dice=0.8136
[36m(ClientAppActor pid=572902)[0m   [Client 0] Epoch 3/3: loss=0.1945, dice=0.8304
[Round 1] Client0 Mean=0.6360 | Client1 Mean=0.6959 | Pooled Mean=0.6426
[36m(ClientAppActor pid=572902)[0m   [Client 1] Epoch 1/3: loss=0.2046, dice=0.8185
[36m(ClientAppActor pid=572902)[0m   [Client 1] Epoch 2/3: loss=0.1778, dice=0.8415
[36m(ClientAppActor pid=572902)[0m   [Client 1] Epoch 3/3: loss=0.1717, dice=0.8472
[36m(ClientAppActor pid=572902)[0m   [Client 0] Epoch 1/3: loss=0.1761, dice=0.8466
[36m(ClientAppActor pid=572902)[0m   [Client 0] Epoch 2/3: loss=0.1598, dice=0.8613
[36m(ClientAppActor pid=572902)[0m   [Client 0] Epoch 3/3: loss=0.1497, dice=0.8702
[Round 2] Client0 Mean=0.6193 | Client1 Mean=0.7887 | Pooled Mean=0.6379
[36m(ClientAppActor pid=572902)[0m   [Client 1] Epoch 1/3: loss=0.1833, dice=0.8388
[36m(ClientAppActor pid=572902)[0m   [Client 1] Epoch 2/3: loss=0.1377, dice=0.8777
[36m(ClientAppActor pid=572902)[0m   [Client 1] Epoch 3/3: loss=0.1309, dice=0.8838
[36m(ClientAppActor pid=572902)[0m   [Client 0] Epoch 1/3: loss=0.1464, dice=0.8732
[36m(ClientAppActor pid=572902)[0m   [Client 0] Epoch 2/3: loss=0.1388, dice=0.8799
[36m(ClientAppActor pid=572902)[0m   [Client 0] Epoch 3/3: loss=0.1295, dice=0.8877
[Round 3] Client0 Mean=0.7102 | Client1 Mean=0.8248 | Pooled Mean=0.7228
[36m(ClientAppActor pid=572902)[0m   [Client 1] Epoch 1/3: loss=0.1526, dice=0.8654
[36m(ClientAppActor pid=572902)[0m   [Client 1] Epoch 2/3: loss=0.1176, dice=0.8953
[36m(ClientAppActor pid=572902)[0m   [Client 1] Epoch 3/3: loss=0.1076, dice=0.9041
[36m(ClientAppActor pid=572902)[0m   [Client 0] Epoch 1/3: loss=0.1272, dice=0.8902
[36m(ClientAppActor pid=572902)[0m   [Client 0] Epoch 2/3: loss=0.1175, dice=0.8984
[36m(ClientAppActor pid=572902)[0m   [Client 0] Epoch 3/3: loss=0.1135, dice=0.9017
[Round 4] Client0 Mean=0.6587 | Client1 Mean=0.8430 | Pooled Mean=0.6789
[36m(ClientAppActor pid=572902)[0m   [Client 1] Epoch 1/3: loss=0.1270, dice=0.8880
[36m(ClientAppActor pid=572902)[0m   [Client 1] Epoch 2/3: loss=0.1014, dice=0.9098
[36m(ClientAppActor pid=572902)[0m   [Client 1] Epoch 3/3: loss=0.1031, dice=0.9089
[36m(ClientAppActor pid=572902)[0m   [Client 0] Epoch 1/3: loss=0.1128, dice=0.9024
[36m(ClientAppActor pid=572902)[0m   [Client 0] Epoch 2/3: loss=0.1033, dice=0.9106
[36m(ClientAppActor pid=572902)[0m   [Client 0] Epoch 3/3: loss=0.1041, dice=0.9100
[Round 5] Client0 Mean=0.7043 | Client1 Mean=0.8233 | Pooled Mean=0.7173
[36m(ClientAppActor pid=572902)[0m   [Client 0] Epoch 1/3: loss=0.1019, dice=0.9118
[36m(ClientAppActor pid=572902)[0m   [Client 0] Epoch 2/3: loss=0.0951, dice=0.9179
[36m(ClientAppActor pid=572902)[0m   [Client 0] Epoch 3/3: loss=0.0955, dice=0.9174
[36m(ClientAppActor pid=572902)[0m   [Client 1] Epoch 1/3: loss=0.1348, dice=0.8819
[36m(ClientAppActor pid=572902)[0m   [Client 1] Epoch 2/3: loss=0.1060, dice=0.9057
[36m(ClientAppActor pid=572902)[0m   [Client 1] Epoch 3/3: loss=0.0945, dice=0.9157
[Round 6] Client0 Mean=0.6796 | Client1 Mean=0.8225 | Pooled Mean=0.6952
[36m(ClientAppActor pid=572902)[0m   [Client 0] Epoch 1/3: loss=0.0909, dice=0.9215
[36m(ClientAppActor pid=572902)[0m   [Client 0] Epoch 2/3: loss=0.0895, dice=0.9226
[36m(ClientAppActor pid=572902)[0m   [Client 0] Epoch 3/3: loss=0.0852, dice=0.9263
[36m(ClientAppActor pid=572902)[0m   [Client 1] Epoch 1/3: loss=0.1271, dice=0.8891
[36m(ClientAppActor pid=572902)[0m   [Client 1] Epoch 2/3: loss=0.0965, dice=0.9143
[36m(ClientAppActor pid=572902)[0m   [Client 1] Epoch 3/3: loss=0.0847, dice=0.9245
[Round 7] Client0 Mean=0.6705 | Client1 Mean=0.8390 | Pooled Mean=0.6890
[36m(ClientAppActor pid=572902)[0m   [Client 0] Epoch 1/3: loss=0.0845, dice=0.9269
[36m(ClientAppActor pid=572902)[0m   [Client 0] Epoch 2/3: loss=0.0814, dice=0.9294
[36m(ClientAppActor pid=572902)[0m   [Client 0] Epoch 3/3: loss=0.0802, dice=0.9306
[36m(ClientAppActor pid=572902)[0m   [Client 1] Epoch 1/3: loss=0.1214, dice=0.8936
[36m(ClientAppActor pid=572902)[0m   [Client 1] Epoch 2/3: loss=0.0912, dice=0.9187
[36m(ClientAppActor pid=572902)[0m   [Client 1] Epoch 3/3: loss=0.0845, dice=0.9252
[Round 8] Client0 Mean=0.6764 | Client1 Mean=0.8252 | Pooled Mean=0.6927
[36m(ClientAppActor pid=572902)[0m   [Client 1] Epoch 1/3: loss=0.1124, dice=0.9009
[36m(ClientAppActor pid=572902)[0m   [Client 1] Epoch 2/3: loss=0.0847, dice=0.9242
[36m(ClientAppActor pid=572902)[0m   [Client 1] Epoch 3/3: loss=0.0867, dice=0.9222
[36m(ClientAppActor pid=572902)[0m   [Client 0] Epoch 1/3: loss=0.0784, dice=0.9320
[36m(ClientAppActor pid=572902)[0m   [Client 0] Epoch 2/3: loss=0.0787, dice=0.9318
[36m(ClientAppActor pid=572902)[0m   [Client 0] Epoch 3/3: loss=0.0743, dice=0.9355
[Round 9] Client0 Mean=0.6876 | Client1 Mean=0.8438 | Pooled Mean=0.7047
[36m(ClientAppActor pid=572902)[0m   [Client 1] Epoch 1/3: loss=0.1156, dice=0.8983
[36m(ClientAppActor pid=572902)[0m   [Client 1] Epoch 2/3: loss=0.0803, dice=0.9282
[36m(ClientAppActor pid=572902)[0m   [Client 1] Epoch 3/3: loss=0.0724, dice=0.9356
[36m(ClientAppActor pid=572902)[0m   [Client 0] Epoch 1/3: loss=0.0727, dice=0.9370
[36m(ClientAppActor pid=572902)[0m   [Client 0] Epoch 2/3: loss=0.0724, dice=0.9372
[36m(ClientAppActor pid=572902)[0m   [Client 0] Epoch 3/3: loss=0.0706, dice=0.9388
[Round 10] Client0 Mean=0.6952 | Client1 Mean=0.8315 | Pooled Mean=0.7101
[36m(ClientAppActor pid=572902)[0m   [Client 1] Epoch 1/3: loss=0.1151, dice=0.8991
[36m(ClientAppActor pid=572902)[0m   [Client 1] Epoch 2/3: loss=0.0805, dice=0.9285
[36m(ClientAppActor pid=572902)[0m   [Client 1] Epoch 3/3: loss=0.0714, dice=0.9365
