==============================================
BraTS 2D U-Net FEDERATED (70/30)
Job ID:    21350114
Node(s):   gpu-q-3
Workdir:   /home/bk489/federated/federated-thesis
Script:    /home/bk489/federated/federated-thesis/federated_unet/unet/unet_flower_train_70_30.py
Partitions:/home/bk489/federated/federated-thesis/data/partitions/brats2d_one_slice_per_patient_clients
Out base:  /home/bk489/federated/federated-thesis/results/federated/clients_2_70_30
Strategy:  fedprox (mu=0.01)
Rounds:    30 | LocalEpochs: 3
Batch:     4 | LR: 1e-3 | Seed: 42
Python:    /home/bk489/.conda/envs/fed/bin/python
Python 3.9.16 | packaged by conda-forge | (main, Feb  1 2023, 21:39:03) 
[GCC 11.3.0]
PyTorch 2.8.0+cu128 CUDA: 12.8 CUDA available: True Device count: 1
Flower 1.23.0
Tue Jan 27 12:47:52 2026       
+-----------------------------------------------------------------------------------------+
| NVIDIA-SMI 570.195.03             Driver Version: 570.195.03     CUDA Version: 12.8     |
|-----------------------------------------+------------------------+----------------------+
| GPU  Name                 Persistence-M | Bus-Id          Disp.A | Volatile Uncorr. ECC |
| Fan  Temp   Perf          Pwr:Usage/Cap |           Memory-Usage | GPU-Util  Compute M. |
|                                         |                        |               MIG M. |
|=========================================+========================+======================|
|   0  NVIDIA A100-SXM4-80GB          On  |   00000000:01:00.0 Off |                    0 |
| N/A   39C    P0             70W /  500W |       0MiB /  81920MiB |      0%      Default |
|                                         |                        |             Disabled |
+-----------------------------------------+------------------------+----------------------+
                                                                                         
+-----------------------------------------------------------------------------------------+
| Processes:                                                                              |
|  GPU   GI   CI              PID   Type   Process name                        GPU Memory |
|        ID   ID                                                               Usage      |
|=========================================================================================|
|  No running processes found                                                             |
+-----------------------------------------------------------------------------------------+
==============================================
Client partition sanity check:
  client_0: train=166 val=20 test=20
  client_1: train=73 val=8 test=8
Starting federated training...
DEBUG Round 0: model in_ch=4
  client_0 test batch: x=(4, 4, 240, 240) y=(4, 3, 240, 240)
  client_1 test batch: x=(4, 4, 240, 240) y=(4, 3, 240, 240)
  client_0 test first files: ['/home/bk489/federated/federated-thesis/data/partitions/brats2d_one_slice_per_patient_clients/client_0/test/BraTS20_Training_038/slice_090.npz', '/home/bk489/federated/federated-thesis/data/partitions/brats2d_one_slice_per_patient_clients/client_0/test/BraTS20_Training_039/slice_090.npz', '/home/bk489/federated/federated-thesis/data/partitions/brats2d_one_slice_per_patient_clients/client_0/test/BraTS20_Training_040/slice_055.npz']
  client_1 test first files: ['/home/bk489/federated/federated-thesis/data/partitions/brats2d_one_slice_per_patient_clients/client_1/test/BraTS20_Training_042/slice_085.npz', '/home/bk489/federated/federated-thesis/data/partitions/brats2d_one_slice_per_patient_clients/client_1/test/BraTS20_Training_047/slice_076.npz', '/home/bk489/federated/federated-thesis/data/partitions/brats2d_one_slice_per_patient_clients/client_1/test/BraTS20_Training_061/slice_067.npz']
[Round 0] Client0 Mean=0.0173 | Client1 Mean=0.0185 | Pooled Mean=0.0177
[36m(ClientAppActor pid=2927874)[0m   [Client 0] Epoch 1/3: loss=1.4501, dice=0.0780, prox_term=4.2455
[36m(ClientAppActor pid=2927874)[0m   [Client 0] Epoch 2/3: loss=1.2179, dice=0.1170, prox_term=8.1400
[36m(ClientAppActor pid=2927874)[0m   [Client 0] Epoch 3/3: loss=1.0638, dice=0.1691, prox_term=10.9953
[36m(ClientAppActor pid=2927874)[0m   [Client 1] Epoch 1/3: loss=1.5235, dice=0.0738, prox_term=3.1108
[36m(ClientAppActor pid=2927874)[0m   [Client 1] Epoch 2/3: loss=1.3879, dice=0.0909, prox_term=4.4337
[36m(ClientAppActor pid=2927874)[0m   [Client 1] Epoch 3/3: loss=1.2711, dice=0.1102, prox_term=6.1681
DEBUG Round 1: model in_ch=4
  client_0 test batch: x=(4, 4, 240, 240) y=(4, 3, 240, 240)
  client_1 test batch: x=(4, 4, 240, 240) y=(4, 3, 240, 240)
  client_0 test first files: ['/home/bk489/federated/federated-thesis/data/partitions/brats2d_one_slice_per_patient_clients/client_0/test/BraTS20_Training_038/slice_090.npz', '/home/bk489/federated/federated-thesis/data/partitions/brats2d_one_slice_per_patient_clients/client_0/test/BraTS20_Training_039/slice_090.npz', '/home/bk489/federated/federated-thesis/data/partitions/brats2d_one_slice_per_patient_clients/client_0/test/BraTS20_Training_040/slice_055.npz']
  client_1 test first files: ['/home/bk489/federated/federated-thesis/data/partitions/brats2d_one_slice_per_patient_clients/client_1/test/BraTS20_Training_042/slice_085.npz', '/home/bk489/federated/federated-thesis/data/partitions/brats2d_one_slice_per_patient_clients/client_1/test/BraTS20_Training_047/slice_076.npz', '/home/bk489/federated/federated-thesis/data/partitions/brats2d_one_slice_per_patient_clients/client_1/test/BraTS20_Training_061/slice_067.npz']
[Round 1] Client0 Mean=0.0528 | Client1 Mean=0.0451 | Pooled Mean=0.0506
[36m(ClientAppActor pid=2927874)[0m   [Client 0] Epoch 1/3: loss=1.0061, dice=0.1947, prox_term=10.9123
[36m(ClientAppActor pid=2927874)[0m   [Client 0] Epoch 2/3: loss=0.8859, dice=0.2549, prox_term=7.8087
[36m(ClientAppActor pid=2927874)[0m   [Client 0] Epoch 3/3: loss=0.7754, dice=0.3425, prox_term=7.8520
[36m(ClientAppActor pid=2927874)[0m   [Client 1] Epoch 1/3: loss=0.9947, dice=0.1908, prox_term=4.4726
[36m(ClientAppActor pid=2927874)[0m   [Client 1] Epoch 2/3: loss=0.9147, dice=0.2372, prox_term=5.0488
[36m(ClientAppActor pid=2927874)[0m   [Client 1] Epoch 3/3: loss=0.8474, dice=0.2819, prox_term=4.5287
DEBUG Round 2: model in_ch=4
  client_0 test batch: x=(4, 4, 240, 240) y=(4, 3, 240, 240)
  client_1 test batch: x=(4, 4, 240, 240) y=(4, 3, 240, 240)
  client_0 test first files: ['/home/bk489/federated/federated-thesis/data/partitions/brats2d_one_slice_per_patient_clients/client_0/test/BraTS20_Training_038/slice_090.npz', '/home/bk489/federated/federated-thesis/data/partitions/brats2d_one_slice_per_patient_clients/client_0/test/BraTS20_Training_039/slice_090.npz', '/home/bk489/federated/federated-thesis/data/partitions/brats2d_one_slice_per_patient_clients/client_0/test/BraTS20_Training_040/slice_055.npz']
  client_1 test first files: ['/home/bk489/federated/federated-thesis/data/partitions/brats2d_one_slice_per_patient_clients/client_1/test/BraTS20_Training_042/slice_085.npz', '/home/bk489/federated/federated-thesis/data/partitions/brats2d_one_slice_per_patient_clients/client_1/test/BraTS20_Training_047/slice_076.npz', '/home/bk489/federated/federated-thesis/data/partitions/brats2d_one_slice_per_patient_clients/client_1/test/BraTS20_Training_061/slice_067.npz']
[Round 2] Client0 Mean=0.1731 | Client1 Mean=0.0986 | Pooled Mean=0.1518
[36m(ClientAppActor pid=2927874)[0m   [Client 1] Epoch 1/3: loss=0.7667, dice=0.3582, prox_term=8.9199
[36m(ClientAppActor pid=2927874)[0m   [Client 1] Epoch 2/3: loss=0.7133, dice=0.4005, prox_term=7.2388
[36m(ClientAppActor pid=2927874)[0m   [Client 1] Epoch 3/3: loss=0.6793, dice=0.4155, prox_term=4.7294
[36m(ClientAppActor pid=2927874)[0m   [Client 0] Epoch 1/3: loss=0.7783, dice=0.3622, prox_term=11.8913
[36m(ClientAppActor pid=2927874)[0m   [Client 0] Epoch 2/3: loss=0.6842, dice=0.4157, prox_term=5.6101
[36m(ClientAppActor pid=2927874)[0m   [Client 0] Epoch 3/3: loss=0.6901, dice=0.4299, prox_term=9.2775
DEBUG Round 3: model in_ch=4
  client_0 test batch: x=(4, 4, 240, 240) y=(4, 3, 240, 240)
  client_1 test batch: x=(4, 4, 240, 240) y=(4, 3, 240, 240)
  client_0 test first files: ['/home/bk489/federated/federated-thesis/data/partitions/brats2d_one_slice_per_patient_clients/client_0/test/BraTS20_Training_038/slice_090.npz', '/home/bk489/federated/federated-thesis/data/partitions/brats2d_one_slice_per_patient_clients/client_0/test/BraTS20_Training_039/slice_090.npz', '/home/bk489/federated/federated-thesis/data/partitions/brats2d_one_slice_per_patient_clients/client_0/test/BraTS20_Training_040/slice_055.npz']
  client_1 test first files: ['/home/bk489/federated/federated-thesis/data/partitions/brats2d_one_slice_per_patient_clients/client_1/test/BraTS20_Training_042/slice_085.npz', '/home/bk489/federated/federated-thesis/data/partitions/brats2d_one_slice_per_patient_clients/client_1/test/BraTS20_Training_047/slice_076.npz', '/home/bk489/federated/federated-thesis/data/partitions/brats2d_one_slice_per_patient_clients/client_1/test/BraTS20_Training_061/slice_067.npz']
[Round 3] Client0 Mean=0.1646 | Client1 Mean=0.0733 | Pooled Mean=0.1385
[36m(ClientAppActor pid=2927874)[0m   [Client 1] Epoch 1/3: loss=0.6226, dice=0.4637, prox_term=3.9989
[36m(ClientAppActor pid=2927874)[0m   [Client 1] Epoch 2/3: loss=0.6209, dice=0.4770, prox_term=4.7140
[36m(ClientAppActor pid=2927874)[0m   [Client 1] Epoch 3/3: loss=0.5857, dice=0.5137, prox_term=7.3474
[36m(ClientAppActor pid=2927874)[0m   [Client 0] Epoch 1/3: loss=0.6909, dice=0.4084, prox_term=4.3905
[36m(ClientAppActor pid=2927874)[0m   [Client 0] Epoch 2/3: loss=0.6391, dice=0.4576, prox_term=4.8659
[36m(ClientAppActor pid=2927874)[0m   [Client 0] Epoch 3/3: loss=0.6175, dice=0.4772, prox_term=4.7852
DEBUG Round 4: model in_ch=4
  client_0 test batch: x=(4, 4, 240, 240) y=(4, 3, 240, 240)
  client_1 test batch: x=(4, 4, 240, 240) y=(4, 3, 240, 240)
  client_0 test first files: ['/home/bk489/federated/federated-thesis/data/partitions/brats2d_one_slice_per_patient_clients/client_0/test/BraTS20_Training_038/slice_090.npz', '/home/bk489/federated/federated-thesis/data/partitions/brats2d_one_slice_per_patient_clients/client_0/test/BraTS20_Training_039/slice_090.npz', '/home/bk489/federated/federated-thesis/data/partitions/brats2d_one_slice_per_patient_clients/client_0/test/BraTS20_Training_040/slice_055.npz']
  client_1 test first files: ['/home/bk489/federated/federated-thesis/data/partitions/brats2d_one_slice_per_patient_clients/client_1/test/BraTS20_Training_042/slice_085.npz', '/home/bk489/federated/federated-thesis/data/partitions/brats2d_one_slice_per_patient_clients/client_1/test/BraTS20_Training_047/slice_076.npz', '/home/bk489/federated/federated-thesis/data/partitions/brats2d_one_slice_per_patient_clients/client_1/test/BraTS20_Training_061/slice_067.npz']
[Round 4] Client0 Mean=0.2966 | Client1 Mean=0.1617 | Pooled Mean=0.2581
[36m(ClientAppActor pid=2927874)[0m   [Client 1] Epoch 1/3: loss=0.5805, dice=0.4938, prox_term=2.6913
[36m(ClientAppActor pid=2927874)[0m   [Client 1] Epoch 2/3: loss=0.5636, dice=0.5209, prox_term=4.0313
[36m(ClientAppActor pid=2927874)[0m   [Client 1] Epoch 3/3: loss=0.5184, dice=0.5599, prox_term=3.3772
[36m(ClientAppActor pid=2927874)[0m   [Client 0] Epoch 1/3: loss=0.5959, dice=0.4917, prox_term=3.8307
[36m(ClientAppActor pid=2927874)[0m   [Client 0] Epoch 2/3: loss=0.6407, dice=0.4754, prox_term=8.6715
[36m(ClientAppActor pid=2927874)[0m   [Client 0] Epoch 3/3: loss=0.5709, dice=0.5200, prox_term=5.1032
DEBUG Round 5: model in_ch=4
  client_0 test batch: x=(4, 4, 240, 240) y=(4, 3, 240, 240)
  client_1 test batch: x=(4, 4, 240, 240) y=(4, 3, 240, 240)
  client_0 test first files: ['/home/bk489/federated/federated-thesis/data/partitions/brats2d_one_slice_per_patient_clients/client_0/test/BraTS20_Training_038/slice_090.npz', '/home/bk489/federated/federated-thesis/data/partitions/brats2d_one_slice_per_patient_clients/client_0/test/BraTS20_Training_039/slice_090.npz', '/home/bk489/federated/federated-thesis/data/partitions/brats2d_one_slice_per_patient_clients/client_0/test/BraTS20_Training_040/slice_055.npz']
  client_1 test first files: ['/home/bk489/federated/federated-thesis/data/partitions/brats2d_one_slice_per_patient_clients/client_1/test/BraTS20_Training_042/slice_085.npz', '/home/bk489/federated/federated-thesis/data/partitions/brats2d_one_slice_per_patient_clients/client_1/test/BraTS20_Training_047/slice_076.npz', '/home/bk489/federated/federated-thesis/data/partitions/brats2d_one_slice_per_patient_clients/client_1/test/BraTS20_Training_061/slice_067.npz']
[Round 5] Client0 Mean=0.3762 | Client1 Mean=0.2105 | Pooled Mean=0.3288
[36m(ClientAppActor pid=2927874)[0m   [Client 0] Epoch 1/3: loss=0.5517, dice=0.5300, prox_term=2.6665
[36m(ClientAppActor pid=2927874)[0m   [Client 0] Epoch 2/3: loss=0.5710, dice=0.5226, prox_term=4.6691
[36m(ClientAppActor pid=2927874)[0m   [Client 0] Epoch 3/3: loss=0.5390, dice=0.5521, prox_term=4.8699
[36m(ClientAppActor pid=2927874)[0m   [Client 1] Epoch 1/3: loss=0.5085, dice=0.5614, prox_term=2.0361
[36m(ClientAppActor pid=2927874)[0m   [Client 1] Epoch 2/3: loss=0.5028, dice=0.5695, prox_term=3.3021
[36m(ClientAppActor pid=2927874)[0m   [Client 1] Epoch 3/3: loss=0.5376, dice=0.5483, prox_term=4.0701
DEBUG Round 6: model in_ch=4
  client_0 test batch: x=(4, 4, 240, 240) y=(4, 3, 240, 240)
  client_1 test batch: x=(4, 4, 240, 240) y=(4, 3, 240, 240)
  client_0 test first files: ['/home/bk489/federated/federated-thesis/data/partitions/brats2d_one_slice_per_patient_clients/client_0/test/BraTS20_Training_038/slice_090.npz', '/home/bk489/federated/federated-thesis/data/partitions/brats2d_one_slice_per_patient_clients/client_0/test/BraTS20_Training_039/slice_090.npz', '/home/bk489/federated/federated-thesis/data/partitions/brats2d_one_slice_per_patient_clients/client_0/test/BraTS20_Training_040/slice_055.npz']
  client_1 test first files: ['/home/bk489/federated/federated-thesis/data/partitions/brats2d_one_slice_per_patient_clients/client_1/test/BraTS20_Training_042/slice_085.npz', '/home/bk489/federated/federated-thesis/data/partitions/brats2d_one_slice_per_patient_clients/client_1/test/BraTS20_Training_047/slice_076.npz', '/home/bk489/federated/federated-thesis/data/partitions/brats2d_one_slice_per_patient_clients/client_1/test/BraTS20_Training_061/slice_067.npz']
[Round 6] Client0 Mean=0.4102 | Client1 Mean=0.3276 | Pooled Mean=0.3866
[36m(ClientAppActor pid=2927874)[0m   [Client 1] Epoch 1/3: loss=0.4754, dice=0.5960, prox_term=2.5896
[36m(ClientAppActor pid=2927874)[0m   [Client 1] Epoch 2/3: loss=0.4857, dice=0.5922, prox_term=3.9221
[36m(ClientAppActor pid=2927874)[0m   [Client 1] Epoch 3/3: loss=0.4637, dice=0.6125, prox_term=4.0079
[36m(ClientAppActor pid=2927874)[0m   [Client 0] Epoch 1/3: loss=0.5607, dice=0.5298, prox_term=4.0776
[36m(ClientAppActor pid=2927874)[0m   [Client 0] Epoch 2/3: loss=0.5236, dice=0.5650, prox_term=4.8152
[36m(ClientAppActor pid=2927874)[0m   [Client 0] Epoch 3/3: loss=0.5493, dice=0.5456, prox_term=5.4134
DEBUG Round 7: model in_ch=4
  client_0 test batch: x=(4, 4, 240, 240) y=(4, 3, 240, 240)
  client_1 test batch: x=(4, 4, 240, 240) y=(4, 3, 240, 240)
  client_0 test first files: ['/home/bk489/federated/federated-thesis/data/partitions/brats2d_one_slice_per_patient_clients/client_0/test/BraTS20_Training_038/slice_090.npz', '/home/bk489/federated/federated-thesis/data/partitions/brats2d_one_slice_per_patient_clients/client_0/test/BraTS20_Training_039/slice_090.npz', '/home/bk489/federated/federated-thesis/data/partitions/brats2d_one_slice_per_patient_clients/client_0/test/BraTS20_Training_040/slice_055.npz']
  client_1 test first files: ['/home/bk489/federated/federated-thesis/data/partitions/brats2d_one_slice_per_patient_clients/client_1/test/BraTS20_Training_042/slice_085.npz', '/home/bk489/federated/federated-thesis/data/partitions/brats2d_one_slice_per_patient_clients/client_1/test/BraTS20_Training_047/slice_076.npz', '/home/bk489/federated/federated-thesis/data/partitions/brats2d_one_slice_per_patient_clients/client_1/test/BraTS20_Training_061/slice_067.npz']
[Round 7] Client0 Mean=0.3720 | Client1 Mean=0.1642 | Pooled Mean=0.3126
[36m(ClientAppActor pid=2927874)[0m   [Client 1] Epoch 1/3: loss=0.4662, dice=0.6016, prox_term=2.2846
[36m(ClientAppActor pid=2927874)[0m   [Client 1] Epoch 2/3: loss=0.4714, dice=0.6004, prox_term=2.8705
[36m(ClientAppActor pid=2927874)[0m   [Client 1] Epoch 3/3: loss=0.4659, dice=0.6131, prox_term=4.2978
[36m(ClientAppActor pid=2927874)[0m   [Client 0] Epoch 1/3: loss=0.5465, dice=0.5399, prox_term=3.6332
[36m(ClientAppActor pid=2927874)[0m   [Client 0] Epoch 2/3: loss=0.5237, dice=0.5662, prox_term=4.7756
[36m(ClientAppActor pid=2927874)[0m   [Client 0] Epoch 3/3: loss=0.5245, dice=0.5677, prox_term=5.6846
DEBUG Round 8: model in_ch=4
  client_0 test batch: x=(4, 4, 240, 240) y=(4, 3, 240, 240)
  client_1 test batch: x=(4, 4, 240, 240) y=(4, 3, 240, 240)
  client_0 test first files: ['/home/bk489/federated/federated-thesis/data/partitions/brats2d_one_slice_per_patient_clients/client_0/test/BraTS20_Training_038/slice_090.npz', '/home/bk489/federated/federated-thesis/data/partitions/brats2d_one_slice_per_patient_clients/client_0/test/BraTS20_Training_039/slice_090.npz', '/home/bk489/federated/federated-thesis/data/partitions/brats2d_one_slice_per_patient_clients/client_0/test/BraTS20_Training_040/slice_055.npz']
  client_1 test first files: ['/home/bk489/federated/federated-thesis/data/partitions/brats2d_one_slice_per_patient_clients/client_1/test/BraTS20_Training_042/slice_085.npz', '/home/bk489/federated/federated-thesis/data/partitions/brats2d_one_slice_per_patient_clients/client_1/test/BraTS20_Training_047/slice_076.npz', '/home/bk489/federated/federated-thesis/data/partitions/brats2d_one_slice_per_patient_clients/client_1/test/BraTS20_Training_061/slice_067.npz']
[Round 8] Client0 Mean=0.4124 | Client1 Mean=0.3972 | Pooled Mean=0.4080
[36m(ClientAppActor pid=2927874)[0m   [Client 1] Epoch 1/3: loss=0.4749, dice=0.5946, prox_term=2.6488
[36m(ClientAppActor pid=2927874)[0m   [Client 1] Epoch 2/3: loss=0.4890, dice=0.5910, prox_term=3.3211
[36m(ClientAppActor pid=2927874)[0m   [Client 1] Epoch 3/3: loss=0.4315, dice=0.6398, prox_term=3.6541
[36m(ClientAppActor pid=2927874)[0m   [Client 0] Epoch 1/3: loss=0.5022, dice=0.5793, prox_term=3.5778
[36m(ClientAppActor pid=2927874)[0m   [Client 0] Epoch 2/3: loss=0.4966, dice=0.5818, prox_term=3.1217
[36m(ClientAppActor pid=2927874)[0m   [Client 0] Epoch 3/3: loss=0.4754, dice=0.6028, prox_term=3.6801
DEBUG Round 9: model in_ch=4
  client_0 test batch: x=(4, 4, 240, 240) y=(4, 3, 240, 240)
  client_1 test batch: x=(4, 4, 240, 240) y=(4, 3, 240, 240)
  client_0 test first files: ['/home/bk489/federated/federated-thesis/data/partitions/brats2d_one_slice_per_patient_clients/client_0/test/BraTS20_Training_038/slice_090.npz', '/home/bk489/federated/federated-thesis/data/partitions/brats2d_one_slice_per_patient_clients/client_0/test/BraTS20_Training_039/slice_090.npz', '/home/bk489/federated/federated-thesis/data/partitions/brats2d_one_slice_per_patient_clients/client_0/test/BraTS20_Training_040/slice_055.npz']
  client_1 test first files: ['/home/bk489/federated/federated-thesis/data/partitions/brats2d_one_slice_per_patient_clients/client_1/test/BraTS20_Training_042/slice_085.npz', '/home/bk489/federated/federated-thesis/data/partitions/brats2d_one_slice_per_patient_clients/client_1/test/BraTS20_Training_047/slice_076.npz', '/home/bk489/federated/federated-thesis/data/partitions/brats2d_one_slice_per_patient_clients/client_1/test/BraTS20_Training_061/slice_067.npz']
[Round 9] Client0 Mean=0.4233 | Client1 Mean=0.2552 | Pooled Mean=0.3752
[36m(ClientAppActor pid=2927874)[0m   [Client 1] Epoch 1/3: loss=0.4401, dice=0.6260, prox_term=2.0733
[36m(ClientAppActor pid=2927874)[0m   [Client 1] Epoch 2/3: loss=0.5100, dice=0.5920, prox_term=7.6483
[36m(ClientAppActor pid=2927874)[0m   [Client 1] Epoch 3/3: loss=0.5472, dice=0.5636, prox_term=10.3005
[36m(ClientAppActor pid=2927874)[0m   [Client 0] Epoch 1/3: loss=0.5198, dice=0.5735, prox_term=5.3327
[36m(ClientAppActor pid=2927874)[0m   [Client 0] Epoch 2/3: loss=0.4897, dice=0.5900, prox_term=3.2870
[36m(ClientAppActor pid=2927874)[0m   [Client 0] Epoch 3/3: loss=0.4718, dice=0.6055, prox_term=3.6683
DEBUG Round 10: model in_ch=4
  client_0 test batch: x=(4, 4, 240, 240) y=(4, 3, 240, 240)
  client_1 test batch: x=(4, 4, 240, 240) y=(4, 3, 240, 240)
  client_0 test first files: ['/home/bk489/federated/federated-thesis/data/partitions/brats2d_one_slice_per_patient_clients/client_0/test/BraTS20_Training_038/slice_090.npz', '/home/bk489/federated/federated-thesis/data/partitions/brats2d_one_slice_per_patient_clients/client_0/test/BraTS20_Training_039/slice_090.npz', '/home/bk489/federated/federated-thesis/data/partitions/brats2d_one_slice_per_patient_clients/client_0/test/BraTS20_Training_040/slice_055.npz']
  client_1 test first files: ['/home/bk489/federated/federated-thesis/data/partitions/brats2d_one_slice_per_patient_clients/client_1/test/BraTS20_Training_042/slice_085.npz', '/home/bk489/federated/federated-thesis/data/partitions/brats2d_one_slice_per_patient_clients/client_1/test/BraTS20_Training_047/slice_076.npz', '/home/bk489/federated/federated-thesis/data/partitions/brats2d_one_slice_per_patient_clients/client_1/test/BraTS20_Training_061/slice_067.npz']
[Round 10] Client0 Mean=0.3869 | Client1 Mean=0.1949 | Pooled Mean=0.3321
[36m(ClientAppActor pid=2927874)[0m   [Client 0] Epoch 1/3: loss=0.4850, dice=0.5927, prox_term=3.1423
[36m(ClientAppActor pid=2927874)[0m   [Client 0] Epoch 2/3: loss=0.4951, dice=0.5884, prox_term=3.9919
[36m(ClientAppActor pid=2927874)[0m   [Client 0] Epoch 3/3: loss=0.4563, dice=0.6244, prox_term=5.0278
[36m(ClientAppActor pid=2927874)[0m   [Client 1] Epoch 1/3: loss=0.4544, dice=0.6112, prox_term=2.3062
[36m(ClientAppActor pid=2927874)[0m   [Client 1] Epoch 2/3: loss=0.4441, dice=0.6310, prox_term=2.7986
[36m(ClientAppActor pid=2927874)[0m   [Client 1] Epoch 3/3: loss=0.4460, dice=0.6236, prox_term=2.3960
DEBUG Round 11: model in_ch=4
  client_0 test batch: x=(4, 4, 240, 240) y=(4, 3, 240, 240)
  client_1 test batch: x=(4, 4, 240, 240) y=(4, 3, 240, 240)
  client_0 test first files: ['/home/bk489/federated/federated-thesis/data/partitions/brats2d_one_slice_per_patient_clients/client_0/test/BraTS20_Training_038/slice_090.npz', '/home/bk489/federated/federated-thesis/data/partitions/brats2d_one_slice_per_patient_clients/client_0/test/BraTS20_Training_039/slice_090.npz', '/home/bk489/federated/federated-thesis/data/partitions/brats2d_one_slice_per_patient_clients/client_0/test/BraTS20_Training_040/slice_055.npz']
  client_1 test first files: ['/home/bk489/federated/federated-thesis/data/partitions/brats2d_one_slice_per_patient_clients/client_1/test/BraTS20_Training_042/slice_085.npz', '/home/bk489/federated/federated-thesis/data/partitions/brats2d_one_slice_per_patient_clients/client_1/test/BraTS20_Training_047/slice_076.npz', '/home/bk489/federated/federated-thesis/data/partitions/brats2d_one_slice_per_patient_clients/client_1/test/BraTS20_Training_061/slice_067.npz']
[Round 11] Client0 Mean=0.4400 | Client1 Mean=0.3887 | Pooled Mean=0.4253
[36m(ClientAppActor pid=2927874)[0m   [Client 1] Epoch 1/3: loss=0.4402, dice=0.6272, prox_term=2.6814
[36m(ClientAppActor pid=2927874)[0m   [Client 1] Epoch 2/3: loss=0.4968, dice=0.5869, prox_term=3.1453
[36m(ClientAppActor pid=2927874)[0m   [Client 1] Epoch 3/3: loss=0.4318, dice=0.6363, prox_term=2.8686
[36m(ClientAppActor pid=2927874)[0m   [Client 0] Epoch 1/3: loss=0.4758, dice=0.6009, prox_term=3.3996
[36m(ClientAppActor pid=2927874)[0m   [Client 0] Epoch 2/3: loss=0.4470, dice=0.6224, prox_term=2.8963
[36m(ClientAppActor pid=2927874)[0m   [Client 0] Epoch 3/3: loss=0.4547, dice=0.6203, prox_term=3.6332
DEBUG Round 12: model in_ch=4
  client_0 test batch: x=(4, 4, 240, 240) y=(4, 3, 240, 240)
  client_1 test batch: x=(4, 4, 240, 240) y=(4, 3, 240, 240)
  client_0 test first files: ['/home/bk489/federated/federated-thesis/data/partitions/brats2d_one_slice_per_patient_clients/client_0/test/BraTS20_Training_038/slice_090.npz', '/home/bk489/federated/federated-thesis/data/partitions/brats2d_one_slice_per_patient_clients/client_0/test/BraTS20_Training_039/slice_090.npz', '/home/bk489/federated/federated-thesis/data/partitions/brats2d_one_slice_per_patient_clients/client_0/test/BraTS20_Training_040/slice_055.npz']
  client_1 test first files: ['/home/bk489/federated/federated-thesis/data/partitions/brats2d_one_slice_per_patient_clients/client_1/test/BraTS20_Training_042/slice_085.npz', '/home/bk489/federated/federated-thesis/data/partitions/brats2d_one_slice_per_patient_clients/client_1/test/BraTS20_Training_047/slice_076.npz', '/home/bk489/federated/federated-thesis/data/partitions/brats2d_one_slice_per_patient_clients/client_1/test/BraTS20_Training_061/slice_067.npz']
[Round 12] Client0 Mean=0.4009 | Client1 Mean=0.3074 | Pooled Mean=0.3742
[36m(ClientAppActor pid=2927874)[0m   [Client 0] Epoch 1/3: loss=0.4761, dice=0.6032, prox_term=3.5385
[36m(ClientAppActor pid=2927874)[0m   [Client 0] Epoch 2/3: loss=0.4569, dice=0.6245, prox_term=4.2538
[36m(ClientAppActor pid=2927874)[0m   [Client 0] Epoch 3/3: loss=0.4352, dice=0.6403, prox_term=3.4464
[36m(ClientAppActor pid=2927874)[0m   [Client 1] Epoch 1/3: loss=0.4501, dice=0.6261, prox_term=3.0245
[36m(ClientAppActor pid=2927874)[0m   [Client 1] Epoch 2/3: loss=0.4122, dice=0.6568, prox_term=3.2367
[36m(ClientAppActor pid=2927874)[0m   [Client 1] Epoch 3/3: loss=0.4185, dice=0.6514, prox_term=3.8673
DEBUG Round 13: model in_ch=4
  client_0 test batch: x=(4, 4, 240, 240) y=(4, 3, 240, 240)
  client_1 test batch: x=(4, 4, 240, 240) y=(4, 3, 240, 240)
  client_0 test first files: ['/home/bk489/federated/federated-thesis/data/partitions/brats2d_one_slice_per_patient_clients/client_0/test/BraTS20_Training_038/slice_090.npz', '/home/bk489/federated/federated-thesis/data/partitions/brats2d_one_slice_per_patient_clients/client_0/test/BraTS20_Training_039/slice_090.npz', '/home/bk489/federated/federated-thesis/data/partitions/brats2d_one_slice_per_patient_clients/client_0/test/BraTS20_Training_040/slice_055.npz']
  client_1 test first files: ['/home/bk489/federated/federated-thesis/data/partitions/brats2d_one_slice_per_patient_clients/client_1/test/BraTS20_Training_042/slice_085.npz', '/home/bk489/federated/federated-thesis/data/partitions/brats2d_one_slice_per_patient_clients/client_1/test/BraTS20_Training_047/slice_076.npz', '/home/bk489/federated/federated-thesis/data/partitions/brats2d_one_slice_per_patient_clients/client_1/test/BraTS20_Training_061/slice_067.npz']
[Round 13] Client0 Mean=0.4646 | Client1 Mean=0.3008 | Pooled Mean=0.4178
[36m(ClientAppActor pid=2927874)[0m   [Client 0] Epoch 1/3: loss=0.4626, dice=0.6130, prox_term=2.8899
[36m(ClientAppActor pid=2927874)[0m   [Client 0] Epoch 2/3: loss=0.4332, dice=0.6385, prox_term=3.2390
[36m(ClientAppActor pid=2927874)[0m   [Client 0] Epoch 3/3: loss=0.4132, dice=0.6559, prox_term=3.7166
[36m(ClientAppActor pid=2927874)[0m   [Client 1] Epoch 1/3: loss=0.4570, dice=0.6170, prox_term=3.1872
[36m(ClientAppActor pid=2927874)[0m   [Client 1] Epoch 2/3: loss=0.4097, dice=0.6564, prox_term=3.0131
[36m(ClientAppActor pid=2927874)[0m   [Client 1] Epoch 3/3: loss=0.4011, dice=0.6610, prox_term=2.4964
DEBUG Round 14: model in_ch=4
  client_0 test batch: x=(4, 4, 240, 240) y=(4, 3, 240, 240)
  client_1 test batch: x=(4, 4, 240, 240) y=(4, 3, 240, 240)
  client_0 test first files: ['/home/bk489/federated/federated-thesis/data/partitions/brats2d_one_slice_per_patient_clients/client_0/test/BraTS20_Training_038/slice_090.npz', '/home/bk489/federated/federated-thesis/data/partitions/brats2d_one_slice_per_patient_clients/client_0/test/BraTS20_Training_039/slice_090.npz', '/home/bk489/federated/federated-thesis/data/partitions/brats2d_one_slice_per_patient_clients/client_0/test/BraTS20_Training_040/slice_055.npz']
  client_1 test first files: ['/home/bk489/federated/federated-thesis/data/partitions/brats2d_one_slice_per_patient_clients/client_1/test/BraTS20_Training_042/slice_085.npz', '/home/bk489/federated/federated-thesis/data/partitions/brats2d_one_slice_per_patient_clients/client_1/test/BraTS20_Training_047/slice_076.npz', '/home/bk489/federated/federated-thesis/data/partitions/brats2d_one_slice_per_patient_clients/client_1/test/BraTS20_Training_061/slice_067.npz']
[Round 14] Client0 Mean=0.4546 | Client1 Mean=0.2801 | Pooled Mean=0.4047
[36m(ClientAppActor pid=2927874)[0m   [Client 1] Epoch 1/3: loss=0.4509, dice=0.6287, prox_term=4.1160
[36m(ClientAppActor pid=2927874)[0m   [Client 1] Epoch 2/3: loss=0.4667, dice=0.6198, prox_term=4.5300
[36m(ClientAppActor pid=2927874)[0m   [Client 1] Epoch 3/3: loss=0.4362, dice=0.6400, prox_term=3.6256
[36m(ClientAppActor pid=2927874)[0m   [Client 0] Epoch 1/3: loss=0.4500, dice=0.6266, prox_term=3.7304
[36m(ClientAppActor pid=2927874)[0m   [Client 0] Epoch 2/3: loss=0.4519, dice=0.6267, prox_term=3.8973
[36m(ClientAppActor pid=2927874)[0m   [Client 0] Epoch 3/3: loss=0.4491, dice=0.6268, prox_term=3.5019
DEBUG Round 15: model in_ch=4
  client_0 test batch: x=(4, 4, 240, 240) y=(4, 3, 240, 240)
  client_1 test batch: x=(4, 4, 240, 240) y=(4, 3, 240, 240)
  client_0 test first files: ['/home/bk489/federated/federated-thesis/data/partitions/brats2d_one_slice_per_patient_clients/client_0/test/BraTS20_Training_038/slice_090.npz', '/home/bk489/federated/federated-thesis/data/partitions/brats2d_one_slice_per_patient_clients/client_0/test/BraTS20_Training_039/slice_090.npz', '/home/bk489/federated/federated-thesis/data/partitions/brats2d_one_slice_per_patient_clients/client_0/test/BraTS20_Training_040/slice_055.npz']
  client_1 test first files: ['/home/bk489/federated/federated-thesis/data/partitions/brats2d_one_slice_per_patient_clients/client_1/test/BraTS20_Training_042/slice_085.npz', '/home/bk489/federated/federated-thesis/data/partitions/brats2d_one_slice_per_patient_clients/client_1/test/BraTS20_Training_047/slice_076.npz', '/home/bk489/federated/federated-thesis/data/partitions/brats2d_one_slice_per_patient_clients/client_1/test/BraTS20_Training_061/slice_067.npz']
[Round 15] Client0 Mean=0.4748 | Client1 Mean=0.2647 | Pooled Mean=0.4147
[36m(ClientAppActor pid=2927874)[0m   [Client 1] Epoch 1/3: loss=0.4317, dice=0.6402, prox_term=2.7363
[36m(ClientAppActor pid=2927874)[0m   [Client 1] Epoch 2/3: loss=0.4160, dice=0.6514, prox_term=2.8281
[36m(ClientAppActor pid=2927874)[0m   [Client 1] Epoch 3/3: loss=0.3800, dice=0.6838, prox_term=3.2544
