==============================================
BraTS 2D U-Net (centralized) baseline
Job ID: 21235214
Node(s): gpu-q-7
Workdir: /home/bk489/federated/federated-thesis
Script: /home/bk489/federated/federated-thesis/unet/unet_new.py
Data:   /home/bk489/federated/federated-thesis/data/brats2020_top10_slices_split_npz
Python: /home/bk489/.conda/envs/fed/bin/python
Python 3.9.16 | packaged by conda-forge | (main, Feb  1 2023, 21:39:03) 
[GCC 11.3.0]
PyTorch 2.8.0+cu128
CUDA available: True
CUDA version: 12.8
Device count: 1
Sun Jan 25 19:05:56 2026       
+-----------------------------------------------------------------------------------------+
| NVIDIA-SMI 570.195.03             Driver Version: 570.195.03     CUDA Version: 12.8     |
|-----------------------------------------+------------------------+----------------------+
| GPU  Name                 Persistence-M | Bus-Id          Disp.A | Volatile Uncorr. ECC |
| Fan  Temp   Perf          Pwr:Usage/Cap |           Memory-Usage | GPU-Util  Compute M. |
|                                         |                        |               MIG M. |
|=========================================+========================+======================|
|   0  NVIDIA A100-SXM4-80GB          On  |   00000000:01:00.0 Off |                    0 |
| N/A   34C    P0             64W /  500W |       0MiB /  81920MiB |      0%      Default |
|                                         |                        |             Disabled |
+-----------------------------------------+------------------------+----------------------+
                                                                                         
+-----------------------------------------------------------------------------------------+
| Processes:                                                                              |
|  GPU   GI   CI              PID   Type   Process name                        GPU Memory |
|        ID   ID                                                               Usage      |
|=========================================================================================|
|  No running processes found                                                             |
+-----------------------------------------------------------------------------------------+
==============================================
Num npz files:
3680
Example files:
/home/bk489/federated/federated-thesis/data/brats2020_top10_slices_split_npz/test/BraTS20_Training_053/slice_091_rank03.npz
/home/bk489/federated/federated-thesis/data/brats2020_top10_slices_split_npz/test/BraTS20_Training_053/slice_094_rank08.npz
/home/bk489/federated/federated-thesis/data/brats2020_top10_slices_split_npz/test/BraTS20_Training_053/slice_087_rank04.npz
/home/bk489/federated/federated-thesis/data/brats2020_top10_slices_split_npz/test/BraTS20_Training_053/slice_093_rank06.npz
/home/bk489/federated/federated-thesis/data/brats2020_top10_slices_split_npz/test/BraTS20_Training_053/slice_089_rank01.npz
