Loading rhel8/default-amp
  Loading requirement: libpciaccess/0.16/gcc-9.4.0-6fonbj6
    libiconv/1.16/gcc-9.4.0-ahebbov libxml2/2.9.12/gcc-9.4.0-gnknt5e
    ncurses/6.2/gcc-9.4.0-aiirok7 hwloc/2.5.0/gcc-9.4.0-7sqomga
    libevent/2.1.12/gcc-9.4.0-hgny7cm numactl/2.0.14/gcc-9.4.0-52dwc6n
    cuda/11.4.0/gcc-9.4.0-3hnxhjt gdrcopy/2.2/gcc-9.4.0-e4igtfp
    knem/1.1.4/gcc-9.4.0-bpbxgva libnl/3.3.0/gcc-9.4.0-whwhrwb
    rdma-core/34.0/gcc-9.4.0-5eo5n2u ucx/1.11.1/gcc-9.4.0-lktqyl4
    openmpi/4.1.1/gcc-9.4.0-epagguv
[93mWARNING [0m:   DEPRECATED FEATURE: flwr.simulation.start_simulation() is deprecated.
	Instead, use the `flwr run` CLI command to start a local simulation in your Flower app, as shown for example below:

		$ flwr new  # Create a new Flower app from a template

		$ flwr run  # Run the Flower app in Simulation Mode

	Using `start_simulation()` is deprecated.

            This is a deprecated feature. It will be removed
            entirely in future versions of Flower.
        
[92mINFO [0m:      Starting Flower simulation, config: num_rounds=20, no round_timeout
2026-01-26 23:42:58,103	INFO worker.py:1771 -- Started a local Ray instance.
[92mINFO [0m:      Flower VCE: Ray initialized with resources: {'accelerator_type:A100': 1.0, 'node:__internal_head__': 1.0, 'CPU': 128.0, 'object_store_memory': 200000000000.0, 'node:10.43.74.9': 1.0, 'memory': 859230751744.0, 'GPU': 1.0}
[92mINFO [0m:      Optimize your simulation with Flower VCE: https://flower.ai/docs/framework/how-to-run-simulations.html
[92mINFO [0m:      Flower VCE: Resources for each Virtual Client: {'num_cpus': 1, 'num_gpus': 1}
[92mINFO [0m:      Flower VCE: Creating VirtualClientEngineActorPool with 1 actors
[92mINFO [0m:      [INIT]
[92mINFO [0m:      Requesting initial parameters from one random client
[36m(ClientAppActor pid=572902)[0m [93mWARNING [0m:   DEPRECATED FEATURE: `client_fn` now expects a signature `def client_fn(context: Context)`.The provided `client_fn` has signature: {'cid': <Parameter "cid: str">}. You can import the `Context` like this: `from flwr.common import Context`
[36m(ClientAppActor pid=572902)[0m 
[36m(ClientAppActor pid=572902)[0m             This is a deprecated feature. It will be removed
[36m(ClientAppActor pid=572902)[0m             entirely in future versions of Flower.
[36m(ClientAppActor pid=572902)[0m         
[92mINFO [0m:      Received initial parameters from one random client
[92mINFO [0m:      Starting evaluation of initial global parameters
[36m(ClientAppActor pid=572902)[0m [93mWARNING [0m:   Deprecation Warning: The `client_fn` function must return an instance of `Client`, but an instance of `NumpyClient` was returned. Please use `NumPyClient.to_client()` method to convert it to `Client`.
[92mINFO [0m:      initial parameters (loss, other metrics): 1.647283568774184, {'client0_meanDice': 0.04030810669064522, 'client0_WT': 0.07128175348043442, 'client0_TC': 0.034086354076862335, 'client0_ET': 0.015556208789348602, 'client1_meanDice': 0.043259862810373306, 'client1_WT': 0.0632999837398529, 'client1_TC': 0.04751169681549072, 'client1_ET': 0.01896790973842144, 'global_meanDice': 0.04063158482313156, 'global_WT': 0.07040703296661377, 'global_TC': 0.03555762767791748, 'global_ET': 0.015930095687508583}
[92mINFO [0m:      
[92mINFO [0m:      [ROUND 1]
[92mINFO [0m:      configure_fit: strategy sampled 2 clients (out of 2)
[36m(ClientAppActor pid=572902)[0m [93mWARNING [0m:   DEPRECATED FEATURE: `client_fn` now expects a signature `def client_fn(context: Context)`.The provided `client_fn` has signature: {'cid': <Parameter "cid: str">}. You can import the `Context` like this: `from flwr.common import Context`
[36m(ClientAppActor pid=572902)[0m 
[36m(ClientAppActor pid=572902)[0m             This is a deprecated feature. It will be removed
[36m(ClientAppActor pid=572902)[0m             entirely in future versions of Flower.
[36m(ClientAppActor pid=572902)[0m         
[36m(ClientAppActor pid=572902)[0m [93mWARNING [0m:   Deprecation Warning: The `client_fn` function must return an instance of `Client`, but an instance of `NumpyClient` was returned. Please use `NumPyClient.to_client()` method to convert it to `Client`.
[36m(ClientAppActor pid=572902)[0m [93mWARNING [0m:   DEPRECATED FEATURE: `client_fn` now expects a signature `def client_fn(context: Context)`.The provided `client_fn` has signature: {'cid': <Parameter "cid: str">}. You can import the `Context` like this: `from flwr.common import Context`
[36m(ClientAppActor pid=572902)[0m 
[36m(ClientAppActor pid=572902)[0m             This is a deprecated feature. It will be removed
[36m(ClientAppActor pid=572902)[0m             entirely in future versions of Flower.
[36m(ClientAppActor pid=572902)[0m         
[36m(ClientAppActor pid=572902)[0m [93mWARNING [0m:   Deprecation Warning: The `client_fn` function must return an instance of `Client`, but an instance of `NumpyClient` was returned. Please use `NumPyClient.to_client()` method to convert it to `Client`.
[92mINFO [0m:      aggregate_fit: received 2 results and 0 failures
[93mWARNING [0m:   No fit_metrics_aggregation_fn provided
[92mINFO [0m:      fit progress: (1, 0.3838623204868134, {'client0_meanDice': 0.6360225677490234, 'client0_WT': 0.820624828338623, 'client0_TC': 0.5657659769058228, 'client0_ET': 0.5216768980026245, 'client1_meanDice': 0.6958732008934021, 'client1_WT': 0.8282875418663025, 'client1_TC': 0.7077586650848389, 'client1_ET': 0.5515732765197754, 'global_meanDice': 0.6425815224647522, 'global_WT': 0.8214646577835083, 'global_TC': 0.5813267230987549, 'global_ET': 0.5249531865119934}, 342.79886576300487)
[92mINFO [0m:      configure_evaluate: strategy sampled 2 clients (out of 2)
[36m(ClientAppActor pid=572902)[0m [93mWARNING [0m:   DEPRECATED FEATURE: `client_fn` now expects a signature `def client_fn(context: Context)`.The provided `client_fn` has signature: {'cid': <Parameter "cid: str">}. You can import the `Context` like this: `from flwr.common import Context`
[36m(ClientAppActor pid=572902)[0m 
[36m(ClientAppActor pid=572902)[0m             This is a deprecated feature. It will be removed
[36m(ClientAppActor pid=572902)[0m             entirely in future versions of Flower.
[36m(ClientAppActor pid=572902)[0m         
[36m(ClientAppActor pid=572902)[0m [93mWARNING [0m:   Deprecation Warning: The `client_fn` function must return an instance of `Client`, but an instance of `NumpyClient` was returned. Please use `NumPyClient.to_client()` method to convert it to `Client`.
[36m(ClientAppActor pid=572902)[0m [93mWARNING [0m:   DEPRECATED FEATURE: `client_fn` now expects a signature `def client_fn(context: Context)`.The provided `client_fn` has signature: {'cid': <Parameter "cid: str">}. You can import the `Context` like this: `from flwr.common import Context`
[36m(ClientAppActor pid=572902)[0m 
[36m(ClientAppActor pid=572902)[0m             This is a deprecated feature. It will be removed
[36m(ClientAppActor pid=572902)[0m             entirely in future versions of Flower.
[36m(ClientAppActor pid=572902)[0m         
[36m(ClientAppActor pid=572902)[0m [93mWARNING [0m:   Deprecation Warning: The `client_fn` function must return an instance of `Client`, but an instance of `NumpyClient` was returned. Please use `NumPyClient.to_client()` method to convert it to `Client`.
[92mINFO [0m:      aggregate_evaluate: received 2 results and 0 failures
[93mWARNING [0m:   No evaluate_metrics_aggregation_fn provided
[92mINFO [0m:      
[92mINFO [0m:      [ROUND 2]
[92mINFO [0m:      configure_fit: strategy sampled 2 clients (out of 2)
[36m(ClientAppActor pid=572902)[0m [93mWARNING [0m:   DEPRECATED FEATURE: `client_fn` now expects a signature `def client_fn(context: Context)`.The provided `client_fn` has signature: {'cid': <Parameter "cid: str">}. You can import the `Context` like this: `from flwr.common import Context`
[36m(ClientAppActor pid=572902)[0m 
[36m(ClientAppActor pid=572902)[0m             This is a deprecated feature. It will be removed
[36m(ClientAppActor pid=572902)[0m             entirely in future versions of Flower.
[36m(ClientAppActor pid=572902)[0m         
[36m(ClientAppActor pid=572902)[0m [93mWARNING [0m:   Deprecation Warning: The `client_fn` function must return an instance of `Client`, but an instance of `NumpyClient` was returned. Please use `NumPyClient.to_client()` method to convert it to `Client`.
[36m(ClientAppActor pid=572902)[0m [93mWARNING [0m:   DEPRECATED FEATURE: `client_fn` now expects a signature `def client_fn(context: Context)`.The provided `client_fn` has signature: {'cid': <Parameter "cid: str">}. You can import the `Context` like this: `from flwr.common import Context`
[36m(ClientAppActor pid=572902)[0m 
[36m(ClientAppActor pid=572902)[0m             This is a deprecated feature. It will be removed
[36m(ClientAppActor pid=572902)[0m             entirely in future versions of Flower.
[36m(ClientAppActor pid=572902)[0m         
[36m(ClientAppActor pid=572902)[0m [93mWARNING [0m:   Deprecation Warning: The `client_fn` function must return an instance of `Client`, but an instance of `NumpyClient` was returned. Please use `NumPyClient.to_client()` method to convert it to `Client`.
[92mINFO [0m:      aggregate_fit: received 2 results and 0 failures
[92mINFO [0m:      fit progress: (2, 0.4000246845798133, {'client0_meanDice': 0.6193432807922363, 'client0_WT': 0.7839464545249939, 'client0_TC': 0.5499802827835083, 'client0_ET': 0.5241031646728516, 'client1_meanDice': 0.7886872291564941, 'client1_WT': 0.8820444345474243, 'client1_TC': 0.8416221141815186, 'client1_ET': 0.64239501953125, 'global_meanDice': 0.6379015445709229, 'global_WT': 0.7946968674659729, 'global_TC': 0.5819410085678101, 'global_ET': 0.537066638469696}, 686.3494602149585)
[92mINFO [0m:      configure_evaluate: strategy sampled 2 clients (out of 2)
[36m(ClientAppActor pid=572902)[0m [93mWARNING [0m:   DEPRECATED FEATURE: `client_fn` now expects a signature `def client_fn(context: Context)`.The provided `client_fn` has signature: {'cid': <Parameter "cid: str">}. You can import the `Context` like this: `from flwr.common import Context`
[36m(ClientAppActor pid=572902)[0m 
[36m(ClientAppActor pid=572902)[0m             This is a deprecated feature. It will be removed
[36m(ClientAppActor pid=572902)[0m             entirely in future versions of Flower.
[36m(ClientAppActor pid=572902)[0m         
[36m(ClientAppActor pid=572902)[0m [93mWARNING [0m:   Deprecation Warning: The `client_fn` function must return an instance of `Client`, but an instance of `NumpyClient` was returned. Please use `NumPyClient.to_client()` method to convert it to `Client`.
[36m(ClientAppActor pid=572902)[0m [93mWARNING [0m:   DEPRECATED FEATURE: `client_fn` now expects a signature `def client_fn(context: Context)`.The provided `client_fn` has signature: {'cid': <Parameter "cid: str">}. You can import the `Context` like this: `from flwr.common import Context`
[36m(ClientAppActor pid=572902)[0m 
[36m(ClientAppActor pid=572902)[0m             This is a deprecated feature. It will be removed
[36m(ClientAppActor pid=572902)[0m             entirely in future versions of Flower.
[36m(ClientAppActor pid=572902)[0m         
[36m(ClientAppActor pid=572902)[0m [93mWARNING [0m:   Deprecation Warning: The `client_fn` function must return an instance of `Client`, but an instance of `NumpyClient` was returned. Please use `NumPyClient.to_client()` method to convert it to `Client`.
[92mINFO [0m:      aggregate_evaluate: received 2 results and 0 failures
[92mINFO [0m:      
[92mINFO [0m:      [ROUND 3]
[92mINFO [0m:      configure_fit: strategy sampled 2 clients (out of 2)
[36m(ClientAppActor pid=572902)[0m [93mWARNING [0m:   DEPRECATED FEATURE: `client_fn` now expects a signature `def client_fn(context: Context)`.The provided `client_fn` has signature: {'cid': <Parameter "cid: str">}. You can import the `Context` like this: `from flwr.common import Context`
[36m(ClientAppActor pid=572902)[0m 
[36m(ClientAppActor pid=572902)[0m             This is a deprecated feature. It will be removed
[36m(ClientAppActor pid=572902)[0m             entirely in future versions of Flower.
[36m(ClientAppActor pid=572902)[0m         
[36m(ClientAppActor pid=572902)[0m [93mWARNING [0m:   Deprecation Warning: The `client_fn` function must return an instance of `Client`, but an instance of `NumpyClient` was returned. Please use `NumPyClient.to_client()` method to convert it to `Client`.
[36m(ClientAppActor pid=572902)[0m [93mWARNING [0m:   DEPRECATED FEATURE: `client_fn` now expects a signature `def client_fn(context: Context)`.The provided `client_fn` has signature: {'cid': <Parameter "cid: str">}. You can import the `Context` like this: `from flwr.common import Context`
[36m(ClientAppActor pid=572902)[0m 
[36m(ClientAppActor pid=572902)[0m             This is a deprecated feature. It will be removed
[36m(ClientAppActor pid=572902)[0m             entirely in future versions of Flower.
[36m(ClientAppActor pid=572902)[0m         
[36m(ClientAppActor pid=572902)[0m [93mWARNING [0m:   Deprecation Warning: The `client_fn` function must return an instance of `Client`, but an instance of `NumpyClient` was returned. Please use `NumPyClient.to_client()` method to convert it to `Client`.
[92mINFO [0m:      aggregate_fit: received 2 results and 0 failures
[92mINFO [0m:      fit progress: (3, 0.3031051696265397, {'client0_meanDice': 0.710239589214325, 'client0_WT': 0.8733010292053223, 'client0_TC': 0.6824436783790588, 'client0_ET': 0.5749741792678833, 'client1_meanDice': 0.8247828483581543, 'client1_WT': 0.8814810514450073, 'client1_TC': 0.9422243237495422, 'client1_ET': 0.650642991065979, 'global_meanDice': 0.7227923274040222, 'global_WT': 0.8741974830627441, 'global_TC': 0.710912823677063, 'global_ET': 0.5832666158676147}, 1024.0050065270043)
[92mINFO [0m:      configure_evaluate: strategy sampled 2 clients (out of 2)
[36m(ClientAppActor pid=572902)[0m [93mWARNING [0m:   DEPRECATED FEATURE: `client_fn` now expects a signature `def client_fn(context: Context)`.The provided `client_fn` has signature: {'cid': <Parameter "cid: str">}. You can import the `Context` like this: `from flwr.common import Context`
[36m(ClientAppActor pid=572902)[0m 
[36m(ClientAppActor pid=572902)[0m             This is a deprecated feature. It will be removed
[36m(ClientAppActor pid=572902)[0m             entirely in future versions of Flower.
[36m(ClientAppActor pid=572902)[0m         
[36m(ClientAppActor pid=572902)[0m [93mWARNING [0m:   Deprecation Warning: The `client_fn` function must return an instance of `Client`, but an instance of `NumpyClient` was returned. Please use `NumPyClient.to_client()` method to convert it to `Client`.
[36m(ClientAppActor pid=572902)[0m [93mWARNING [0m:   DEPRECATED FEATURE: `client_fn` now expects a signature `def client_fn(context: Context)`.The provided `client_fn` has signature: {'cid': <Parameter "cid: str">}. You can import the `Context` like this: `from flwr.common import Context`
[36m(ClientAppActor pid=572902)[0m 
[36m(ClientAppActor pid=572902)[0m             This is a deprecated feature. It will be removed
[36m(ClientAppActor pid=572902)[0m             entirely in future versions of Flower.
[36m(ClientAppActor pid=572902)[0m         
[36m(ClientAppActor pid=572902)[0m [93mWARNING [0m:   Deprecation Warning: The `client_fn` function must return an instance of `Client`, but an instance of `NumpyClient` was returned. Please use `NumPyClient.to_client()` method to convert it to `Client`.
[92mINFO [0m:      aggregate_evaluate: received 2 results and 0 failures
[92mINFO [0m:      
[92mINFO [0m:      [ROUND 4]
[92mINFO [0m:      configure_fit: strategy sampled 2 clients (out of 2)
[36m(ClientAppActor pid=572902)[0m [93mWARNING [0m:   DEPRECATED FEATURE: `client_fn` now expects a signature `def client_fn(context: Context)`.The provided `client_fn` has signature: {'cid': <Parameter "cid: str">}. You can import the `Context` like this: `from flwr.common import Context`
[36m(ClientAppActor pid=572902)[0m 
[36m(ClientAppActor pid=572902)[0m             This is a deprecated feature. It will be removed
[36m(ClientAppActor pid=572902)[0m             entirely in future versions of Flower.
[36m(ClientAppActor pid=572902)[0m         
[36m(ClientAppActor pid=572902)[0m [93mWARNING [0m:   Deprecation Warning: The `client_fn` function must return an instance of `Client`, but an instance of `NumpyClient` was returned. Please use `NumPyClient.to_client()` method to convert it to `Client`.
[36m(ClientAppActor pid=572902)[0m [93mWARNING [0m:   DEPRECATED FEATURE: `client_fn` now expects a signature `def client_fn(context: Context)`.The provided `client_fn` has signature: {'cid': <Parameter "cid: str">}. You can import the `Context` like this: `from flwr.common import Context`
[36m(ClientAppActor pid=572902)[0m 
[36m(ClientAppActor pid=572902)[0m             This is a deprecated feature. It will be removed
[36m(ClientAppActor pid=572902)[0m             entirely in future versions of Flower.
[36m(ClientAppActor pid=572902)[0m         
[36m(ClientAppActor pid=572902)[0m [93mWARNING [0m:   Deprecation Warning: The `client_fn` function must return an instance of `Client`, but an instance of `NumpyClient` was returned. Please use `NumPyClient.to_client()` method to convert it to `Client`.
[92mINFO [0m:      aggregate_fit: received 2 results and 0 failures
[92mINFO [0m:      fit progress: (4, 0.35344576560062907, {'client0_meanDice': 0.6586546897888184, 'client0_WT': 0.8544538021087646, 'client0_TC': 0.5733968615531921, 'client0_ET': 0.5481134057044983, 'client1_meanDice': 0.8429916501045227, 'client1_WT': 0.926528811454773, 'client1_TC': 0.9472128748893738, 'client1_ET': 0.6552335023880005, 'global_meanDice': 0.6788560748100281, 'global_WT': 0.8623524308204651, 'global_TC': 0.6143630743026733, 'global_ET': 0.5598525404930115}, 1379.6716051559779)
[92mINFO [0m:      configure_evaluate: strategy sampled 2 clients (out of 2)
[36m(ClientAppActor pid=572902)[0m [93mWARNING [0m:   DEPRECATED FEATURE: `client_fn` now expects a signature `def client_fn(context: Context)`.The provided `client_fn` has signature: {'cid': <Parameter "cid: str">}. You can import the `Context` like this: `from flwr.common import Context`
[36m(ClientAppActor pid=572902)[0m 
[36m(ClientAppActor pid=572902)[0m             This is a deprecated feature. It will be removed
[36m(ClientAppActor pid=572902)[0m             entirely in future versions of Flower.
[36m(ClientAppActor pid=572902)[0m         
[36m(ClientAppActor pid=572902)[0m [93mWARNING [0m:   Deprecation Warning: The `client_fn` function must return an instance of `Client`, but an instance of `NumpyClient` was returned. Please use `NumPyClient.to_client()` method to convert it to `Client`.
[36m(ClientAppActor pid=572902)[0m [93mWARNING [0m:   DEPRECATED FEATURE: `client_fn` now expects a signature `def client_fn(context: Context)`.The provided `client_fn` has signature: {'cid': <Parameter "cid: str">}. You can import the `Context` like this: `from flwr.common import Context`
[36m(ClientAppActor pid=572902)[0m 
[36m(ClientAppActor pid=572902)[0m             This is a deprecated feature. It will be removed
[36m(ClientAppActor pid=572902)[0m             entirely in future versions of Flower.
[36m(ClientAppActor pid=572902)[0m         
[36m(ClientAppActor pid=572902)[0m [93mWARNING [0m:   Deprecation Warning: The `client_fn` function must return an instance of `Client`, but an instance of `NumpyClient` was returned. Please use `NumPyClient.to_client()` method to convert it to `Client`.
[92mINFO [0m:      aggregate_evaluate: received 2 results and 0 failures
[92mINFO [0m:      
[92mINFO [0m:      [ROUND 5]
[92mINFO [0m:      configure_fit: strategy sampled 2 clients (out of 2)
[36m(ClientAppActor pid=572902)[0m [93mWARNING [0m:   DEPRECATED FEATURE: `client_fn` now expects a signature `def client_fn(context: Context)`.The provided `client_fn` has signature: {'cid': <Parameter "cid: str">}. You can import the `Context` like this: `from flwr.common import Context`
[36m(ClientAppActor pid=572902)[0m 
[36m(ClientAppActor pid=572902)[0m             This is a deprecated feature. It will be removed
[36m(ClientAppActor pid=572902)[0m             entirely in future versions of Flower.
[36m(ClientAppActor pid=572902)[0m         
[36m(ClientAppActor pid=572902)[0m [93mWARNING [0m:   Deprecation Warning: The `client_fn` function must return an instance of `Client`, but an instance of `NumpyClient` was returned. Please use `NumPyClient.to_client()` method to convert it to `Client`.
[36m(ClientAppActor pid=572902)[0m [93mWARNING [0m:   DEPRECATED FEATURE: `client_fn` now expects a signature `def client_fn(context: Context)`.The provided `client_fn` has signature: {'cid': <Parameter "cid: str">}. You can import the `Context` like this: `from flwr.common import Context`
[36m(ClientAppActor pid=572902)[0m 
[36m(ClientAppActor pid=572902)[0m             This is a deprecated feature. It will be removed
[36m(ClientAppActor pid=572902)[0m             entirely in future versions of Flower.
[36m(ClientAppActor pid=572902)[0m         
[36m(ClientAppActor pid=572902)[0m [93mWARNING [0m:   Deprecation Warning: The `client_fn` function must return an instance of `Client`, but an instance of `NumpyClient` was returned. Please use `NumPyClient.to_client()` method to convert it to `Client`.
[92mINFO [0m:      aggregate_fit: received 2 results and 0 failures
[92mINFO [0m:      fit progress: (5, 0.30794415214698606, {'client0_meanDice': 0.7042738795280457, 'client0_WT': 0.8756866455078125, 'client0_TC': 0.6744663119316101, 'client0_ET': 0.5626685619354248, 'client1_meanDice': 0.8232625126838684, 'client1_WT': 0.8919594883918762, 'client1_TC': 0.9424663186073303, 'client1_ET': 0.6353617310523987, 'global_meanDice': 0.7173137068748474, 'global_WT': 0.8774699568748474, 'global_TC': 0.70383620262146, 'global_ET': 0.5706349015235901}, 1735.7690920799505)
[92mINFO [0m:      configure_evaluate: strategy sampled 2 clients (out of 2)
[36m(ClientAppActor pid=572902)[0m [93mWARNING [0m:   DEPRECATED FEATURE: `client_fn` now expects a signature `def client_fn(context: Context)`.The provided `client_fn` has signature: {'cid': <Parameter "cid: str">}. You can import the `Context` like this: `from flwr.common import Context`
[36m(ClientAppActor pid=572902)[0m 
[36m(ClientAppActor pid=572902)[0m             This is a deprecated feature. It will be removed
[36m(ClientAppActor pid=572902)[0m             entirely in future versions of Flower.
[36m(ClientAppActor pid=572902)[0m         
[36m(ClientAppActor pid=572902)[0m [93mWARNING [0m:   Deprecation Warning: The `client_fn` function must return an instance of `Client`, but an instance of `NumpyClient` was returned. Please use `NumPyClient.to_client()` method to convert it to `Client`.
[36m(ClientAppActor pid=572902)[0m [93mWARNING [0m:   DEPRECATED FEATURE: `client_fn` now expects a signature `def client_fn(context: Context)`.The provided `client_fn` has signature: {'cid': <Parameter "cid: str">}. You can import the `Context` like this: `from flwr.common import Context`
[36m(ClientAppActor pid=572902)[0m 
[36m(ClientAppActor pid=572902)[0m             This is a deprecated feature. It will be removed
[36m(ClientAppActor pid=572902)[0m             entirely in future versions of Flower.
[36m(ClientAppActor pid=572902)[0m         
[36m(ClientAppActor pid=572902)[0m [93mWARNING [0m:   Deprecation Warning: The `client_fn` function must return an instance of `Client`, but an instance of `NumpyClient` was returned. Please use `NumPyClient.to_client()` method to convert it to `Client`.
[92mINFO [0m:      aggregate_evaluate: received 2 results and 0 failures
[92mINFO [0m:      
[92mINFO [0m:      [ROUND 6]
[92mINFO [0m:      configure_fit: strategy sampled 2 clients (out of 2)
[36m(ClientAppActor pid=572902)[0m [93mWARNING [0m:   DEPRECATED FEATURE: `client_fn` now expects a signature `def client_fn(context: Context)`.The provided `client_fn` has signature: {'cid': <Parameter "cid: str">}. You can import the `Context` like this: `from flwr.common import Context`
[36m(ClientAppActor pid=572902)[0m 
[36m(ClientAppActor pid=572902)[0m             This is a deprecated feature. It will be removed
[36m(ClientAppActor pid=572902)[0m             entirely in future versions of Flower.
[36m(ClientAppActor pid=572902)[0m         
[36m(ClientAppActor pid=572902)[0m [93mWARNING [0m:   Deprecation Warning: The `client_fn` function must return an instance of `Client`, but an instance of `NumpyClient` was returned. Please use `NumPyClient.to_client()` method to convert it to `Client`.
[36m(ClientAppActor pid=572902)[0m [93mWARNING [0m:   DEPRECATED FEATURE: `client_fn` now expects a signature `def client_fn(context: Context)`.The provided `client_fn` has signature: {'cid': <Parameter "cid: str">}. You can import the `Context` like this: `from flwr.common import Context`
[36m(ClientAppActor pid=572902)[0m 
[36m(ClientAppActor pid=572902)[0m             This is a deprecated feature. It will be removed
[36m(ClientAppActor pid=572902)[0m             entirely in future versions of Flower.
[36m(ClientAppActor pid=572902)[0m         
[36m(ClientAppActor pid=572902)[0m [93mWARNING [0m:   Deprecation Warning: The `client_fn` function must return an instance of `Client`, but an instance of `NumpyClient` was returned. Please use `NumPyClient.to_client()` method to convert it to `Client`.
[92mINFO [0m:      aggregate_fit: received 2 results and 0 failures
[92mINFO [0m:      fit progress: (6, 0.33605689147155576, {'client0_meanDice': 0.6795594096183777, 'client0_WT': 0.8665202260017395, 'client0_TC': 0.6204407811164856, 'client0_ET': 0.551717221736908, 'client1_meanDice': 0.8225149512290955, 'client1_WT': 0.8860531449317932, 'client1_TC': 0.939066469669342, 'client1_ET': 0.6424251794815063, 'global_meanDice': 0.6952257752418518, 'global_WT': 0.8686608672142029, 'global_TC': 0.655358612537384, 'global_ET': 0.5616578459739685}, 2076.7695344659733)
[92mINFO [0m:      configure_evaluate: strategy sampled 2 clients (out of 2)
[36m(ClientAppActor pid=572902)[0m [93mWARNING [0m:   DEPRECATED FEATURE: `client_fn` now expects a signature `def client_fn(context: Context)`.The provided `client_fn` has signature: {'cid': <Parameter "cid: str">}. You can import the `Context` like this: `from flwr.common import Context`
[36m(ClientAppActor pid=572902)[0m 
[36m(ClientAppActor pid=572902)[0m             This is a deprecated feature. It will be removed
[36m(ClientAppActor pid=572902)[0m             entirely in future versions of Flower.
[36m(ClientAppActor pid=572902)[0m         
[36m(ClientAppActor pid=572902)[0m [93mWARNING [0m:   Deprecation Warning: The `client_fn` function must return an instance of `Client`, but an instance of `NumpyClient` was returned. Please use `NumPyClient.to_client()` method to convert it to `Client`.
[36m(ClientAppActor pid=572902)[0m [93mWARNING [0m:   DEPRECATED FEATURE: `client_fn` now expects a signature `def client_fn(context: Context)`.The provided `client_fn` has signature: {'cid': <Parameter "cid: str">}. You can import the `Context` like this: `from flwr.common import Context`
[36m(ClientAppActor pid=572902)[0m 
[36m(ClientAppActor pid=572902)[0m             This is a deprecated feature. It will be removed
[36m(ClientAppActor pid=572902)[0m             entirely in future versions of Flower.
[36m(ClientAppActor pid=572902)[0m         
[36m(ClientAppActor pid=572902)[0m [93mWARNING [0m:   Deprecation Warning: The `client_fn` function must return an instance of `Client`, but an instance of `NumpyClient` was returned. Please use `NumPyClient.to_client()` method to convert it to `Client`.
[92mINFO [0m:      aggregate_evaluate: received 2 results and 0 failures
[92mINFO [0m:      
[92mINFO [0m:      [ROUND 7]
[92mINFO [0m:      configure_fit: strategy sampled 2 clients (out of 2)
[36m(ClientAppActor pid=572902)[0m [93mWARNING [0m:   DEPRECATED FEATURE: `client_fn` now expects a signature `def client_fn(context: Context)`.The provided `client_fn` has signature: {'cid': <Parameter "cid: str">}. You can import the `Context` like this: `from flwr.common import Context`
[36m(ClientAppActor pid=572902)[0m 
[36m(ClientAppActor pid=572902)[0m             This is a deprecated feature. It will be removed
[36m(ClientAppActor pid=572902)[0m             entirely in future versions of Flower.
[36m(ClientAppActor pid=572902)[0m         
[36m(ClientAppActor pid=572902)[0m [93mWARNING [0m:   Deprecation Warning: The `client_fn` function must return an instance of `Client`, but an instance of `NumpyClient` was returned. Please use `NumPyClient.to_client()` method to convert it to `Client`.
[36m(ClientAppActor pid=572902)[0m [93mWARNING [0m:   DEPRECATED FEATURE: `client_fn` now expects a signature `def client_fn(context: Context)`.The provided `client_fn` has signature: {'cid': <Parameter "cid: str">}. You can import the `Context` like this: `from flwr.common import Context`
[36m(ClientAppActor pid=572902)[0m 
[36m(ClientAppActor pid=572902)[0m             This is a deprecated feature. It will be removed
[36m(ClientAppActor pid=572902)[0m             entirely in future versions of Flower.
[36m(ClientAppActor pid=572902)[0m         
[36m(ClientAppActor pid=572902)[0m [93mWARNING [0m:   Deprecation Warning: The `client_fn` function must return an instance of `Client`, but an instance of `NumpyClient` was returned. Please use `NumPyClient.to_client()` method to convert it to `Client`.
[92mINFO [0m:      aggregate_fit: received 2 results and 0 failures
[92mINFO [0m:      fit progress: (7, 0.34066362454466625, {'client0_meanDice': 0.6705398559570312, 'client0_WT': 0.8777148127555847, 'client0_TC': 0.5804621577262878, 'client0_ET': 0.5534427165985107, 'client1_meanDice': 0.839036762714386, 'client1_WT': 0.9089984893798828, 'client1_TC': 0.9467025995254517, 'client1_ET': 0.6614091396331787, 'global_meanDice': 0.6890051960945129, 'global_WT': 0.8811431527137756, 'global_TC': 0.6205980777740479, 'global_ET': 0.5652745962142944}, 2429.201587549993)
[92mINFO [0m:      configure_evaluate: strategy sampled 2 clients (out of 2)
[36m(ClientAppActor pid=572902)[0m [93mWARNING [0m:   DEPRECATED FEATURE: `client_fn` now expects a signature `def client_fn(context: Context)`.The provided `client_fn` has signature: {'cid': <Parameter "cid: str">}. You can import the `Context` like this: `from flwr.common import Context`
[36m(ClientAppActor pid=572902)[0m 
[36m(ClientAppActor pid=572902)[0m             This is a deprecated feature. It will be removed
[36m(ClientAppActor pid=572902)[0m             entirely in future versions of Flower.
[36m(ClientAppActor pid=572902)[0m         
[36m(ClientAppActor pid=572902)[0m [93mWARNING [0m:   Deprecation Warning: The `client_fn` function must return an instance of `Client`, but an instance of `NumpyClient` was returned. Please use `NumPyClient.to_client()` method to convert it to `Client`.
[36m(ClientAppActor pid=572902)[0m [93mWARNING [0m:   DEPRECATED FEATURE: `client_fn` now expects a signature `def client_fn(context: Context)`.The provided `client_fn` has signature: {'cid': <Parameter "cid: str">}. You can import the `Context` like this: `from flwr.common import Context`
[36m(ClientAppActor pid=572902)[0m 
[36m(ClientAppActor pid=572902)[0m             This is a deprecated feature. It will be removed
[36m(ClientAppActor pid=572902)[0m             entirely in future versions of Flower.
[36m(ClientAppActor pid=572902)[0m         
[36m(ClientAppActor pid=572902)[0m [93mWARNING [0m:   Deprecation Warning: The `client_fn` function must return an instance of `Client`, but an instance of `NumpyClient` was returned. Please use `NumPyClient.to_client()` method to convert it to `Client`.
[92mINFO [0m:      aggregate_evaluate: received 2 results and 0 failures
[92mINFO [0m:      
[92mINFO [0m:      [ROUND 8]
[92mINFO [0m:      configure_fit: strategy sampled 2 clients (out of 2)
[36m(ClientAppActor pid=572902)[0m [93mWARNING [0m:   DEPRECATED FEATURE: `client_fn` now expects a signature `def client_fn(context: Context)`.The provided `client_fn` has signature: {'cid': <Parameter "cid: str">}. You can import the `Context` like this: `from flwr.common import Context`
[36m(ClientAppActor pid=572902)[0m 
[36m(ClientAppActor pid=572902)[0m             This is a deprecated feature. It will be removed
[36m(ClientAppActor pid=572902)[0m             entirely in future versions of Flower.
[36m(ClientAppActor pid=572902)[0m         
[36m(ClientAppActor pid=572902)[0m [93mWARNING [0m:   Deprecation Warning: The `client_fn` function must return an instance of `Client`, but an instance of `NumpyClient` was returned. Please use `NumPyClient.to_client()` method to convert it to `Client`.
[36m(ClientAppActor pid=572902)[0m [93mWARNING [0m:   DEPRECATED FEATURE: `client_fn` now expects a signature `def client_fn(context: Context)`.The provided `client_fn` has signature: {'cid': <Parameter "cid: str">}. You can import the `Context` like this: `from flwr.common import Context`
[36m(ClientAppActor pid=572902)[0m 
[36m(ClientAppActor pid=572902)[0m             This is a deprecated feature. It will be removed
[36m(ClientAppActor pid=572902)[0m             entirely in future versions of Flower.
[36m(ClientAppActor pid=572902)[0m         
[36m(ClientAppActor pid=572902)[0m [93mWARNING [0m:   Deprecation Warning: The `client_fn` function must return an instance of `Client`, but an instance of `NumpyClient` was returned. Please use `NumPyClient.to_client()` method to convert it to `Client`.
[92mINFO [0m:      aggregate_fit: received 2 results and 0 failures
[92mINFO [0m:      fit progress: (8, 0.3391323854049591, {'client0_meanDice': 0.6763771176338196, 'client0_WT': 0.8760746717453003, 'client0_TC': 0.6073377132415771, 'client0_ET': 0.5457189679145813, 'client1_meanDice': 0.8251562118530273, 'client1_WT': 0.9044416546821594, 'client1_TC': 0.949917733669281, 'client1_ET': 0.6211093664169312, 'global_meanDice': 0.692681610584259, 'global_WT': 0.8791834115982056, 'global_TC': 0.6448807120323181, 'global_ET': 0.5539809465408325}, 2791.1544802609715)
[92mINFO [0m:      configure_evaluate: strategy sampled 2 clients (out of 2)
[36m(ClientAppActor pid=572902)[0m [93mWARNING [0m:   DEPRECATED FEATURE: `client_fn` now expects a signature `def client_fn(context: Context)`.The provided `client_fn` has signature: {'cid': <Parameter "cid: str">}. You can import the `Context` like this: `from flwr.common import Context`
[36m(ClientAppActor pid=572902)[0m 
[36m(ClientAppActor pid=572902)[0m             This is a deprecated feature. It will be removed
[36m(ClientAppActor pid=572902)[0m             entirely in future versions of Flower.
[36m(ClientAppActor pid=572902)[0m         
[36m(ClientAppActor pid=572902)[0m [93mWARNING [0m:   Deprecation Warning: The `client_fn` function must return an instance of `Client`, but an instance of `NumpyClient` was returned. Please use `NumPyClient.to_client()` method to convert it to `Client`.
[36m(ClientAppActor pid=572902)[0m [93mWARNING [0m:   DEPRECATED FEATURE: `client_fn` now expects a signature `def client_fn(context: Context)`.The provided `client_fn` has signature: {'cid': <Parameter "cid: str">}. You can import the `Context` like this: `from flwr.common import Context`
[36m(ClientAppActor pid=572902)[0m 
[36m(ClientAppActor pid=572902)[0m             This is a deprecated feature. It will be removed
[36m(ClientAppActor pid=572902)[0m             entirely in future versions of Flower.
[36m(ClientAppActor pid=572902)[0m         
[36m(ClientAppActor pid=572902)[0m [93mWARNING [0m:   Deprecation Warning: The `client_fn` function must return an instance of `Client`, but an instance of `NumpyClient` was returned. Please use `NumPyClient.to_client()` method to convert it to `Client`.
[92mINFO [0m:      aggregate_evaluate: received 2 results and 0 failures
[92mINFO [0m:      
[92mINFO [0m:      [ROUND 9]
[92mINFO [0m:      configure_fit: strategy sampled 2 clients (out of 2)
[36m(ClientAppActor pid=572902)[0m [93mWARNING [0m:   DEPRECATED FEATURE: `client_fn` now expects a signature `def client_fn(context: Context)`.The provided `client_fn` has signature: {'cid': <Parameter "cid: str">}. You can import the `Context` like this: `from flwr.common import Context`
[36m(ClientAppActor pid=572902)[0m 
[36m(ClientAppActor pid=572902)[0m             This is a deprecated feature. It will be removed
[36m(ClientAppActor pid=572902)[0m             entirely in future versions of Flower.
[36m(ClientAppActor pid=572902)[0m         
[36m(ClientAppActor pid=572902)[0m [93mWARNING [0m:   Deprecation Warning: The `client_fn` function must return an instance of `Client`, but an instance of `NumpyClient` was returned. Please use `NumPyClient.to_client()` method to convert it to `Client`.
[36m(ClientAppActor pid=572902)[0m [93mWARNING [0m:   DEPRECATED FEATURE: `client_fn` now expects a signature `def client_fn(context: Context)`.The provided `client_fn` has signature: {'cid': <Parameter "cid: str">}. You can import the `Context` like this: `from flwr.common import Context`
[36m(ClientAppActor pid=572902)[0m 
[36m(ClientAppActor pid=572902)[0m             This is a deprecated feature. It will be removed
[36m(ClientAppActor pid=572902)[0m             entirely in future versions of Flower.
[36m(ClientAppActor pid=572902)[0m         
[36m(ClientAppActor pid=572902)[0m [93mWARNING [0m:   Deprecation Warning: The `client_fn` function must return an instance of `Client`, but an instance of `NumpyClient` was returned. Please use `NumPyClient.to_client()` method to convert it to `Client`.
[92mINFO [0m:      aggregate_fit: received 2 results and 0 failures
[92mINFO [0m:      fit progress: (9, 0.326733688479417, {'client0_meanDice': 0.6876166462898254, 'client0_WT': 0.8767011761665344, 'client0_TC': 0.6276200413703918, 'client0_ET': 0.5585286617279053, 'client1_meanDice': 0.8438036441802979, 'client1_WT': 0.9142764806747437, 'client1_TC': 0.9596980810165405, 'client1_ET': 0.6574363708496094, 'global_meanDice': 0.7047329545021057, 'global_WT': 0.8808190226554871, 'global_TC': 0.6640121340751648, 'global_ET': 0.5693678259849548}, 3153.136120865005)
[92mINFO [0m:      configure_evaluate: strategy sampled 2 clients (out of 2)
[36m(ClientAppActor pid=572902)[0m [93mWARNING [0m:   DEPRECATED FEATURE: `client_fn` now expects a signature `def client_fn(context: Context)`.The provided `client_fn` has signature: {'cid': <Parameter "cid: str">}. You can import the `Context` like this: `from flwr.common import Context`
[36m(ClientAppActor pid=572902)[0m 
[36m(ClientAppActor pid=572902)[0m             This is a deprecated feature. It will be removed
[36m(ClientAppActor pid=572902)[0m             entirely in future versions of Flower.
[36m(ClientAppActor pid=572902)[0m         
[36m(ClientAppActor pid=572902)[0m [93mWARNING [0m:   Deprecation Warning: The `client_fn` function must return an instance of `Client`, but an instance of `NumpyClient` was returned. Please use `NumPyClient.to_client()` method to convert it to `Client`.
[36m(ClientAppActor pid=572902)[0m [93mWARNING [0m:   DEPRECATED FEATURE: `client_fn` now expects a signature `def client_fn(context: Context)`.The provided `client_fn` has signature: {'cid': <Parameter "cid: str">}. You can import the `Context` like this: `from flwr.common import Context`
[36m(ClientAppActor pid=572902)[0m 
[36m(ClientAppActor pid=572902)[0m             This is a deprecated feature. It will be removed
[36m(ClientAppActor pid=572902)[0m             entirely in future versions of Flower.
[36m(ClientAppActor pid=572902)[0m         
[36m(ClientAppActor pid=572902)[0m [93mWARNING [0m:   Deprecation Warning: The `client_fn` function must return an instance of `Client`, but an instance of `NumpyClient` was returned. Please use `NumPyClient.to_client()` method to convert it to `Client`.
[92mINFO [0m:      aggregate_evaluate: received 2 results and 0 failures
[92mINFO [0m:      
[92mINFO [0m:      [ROUND 10]
[92mINFO [0m:      configure_fit: strategy sampled 2 clients (out of 2)
[36m(ClientAppActor pid=572902)[0m [93mWARNING [0m:   DEPRECATED FEATURE: `client_fn` now expects a signature `def client_fn(context: Context)`.The provided `client_fn` has signature: {'cid': <Parameter "cid: str">}. You can import the `Context` like this: `from flwr.common import Context`
[36m(ClientAppActor pid=572902)[0m 
[36m(ClientAppActor pid=572902)[0m             This is a deprecated feature. It will be removed
[36m(ClientAppActor pid=572902)[0m             entirely in future versions of Flower.
[36m(ClientAppActor pid=572902)[0m         
[36m(ClientAppActor pid=572902)[0m [93mWARNING [0m:   Deprecation Warning: The `client_fn` function must return an instance of `Client`, but an instance of `NumpyClient` was returned. Please use `NumPyClient.to_client()` method to convert it to `Client`.
[36m(ClientAppActor pid=572902)[0m [93mWARNING [0m:   DEPRECATED FEATURE: `client_fn` now expects a signature `def client_fn(context: Context)`.The provided `client_fn` has signature: {'cid': <Parameter "cid: str">}. You can import the `Context` like this: `from flwr.common import Context`
[36m(ClientAppActor pid=572902)[0m 
[36m(ClientAppActor pid=572902)[0m             This is a deprecated feature. It will be removed
[36m(ClientAppActor pid=572902)[0m             entirely in future versions of Flower.
[36m(ClientAppActor pid=572902)[0m         
[36m(ClientAppActor pid=572902)[0m [93mWARNING [0m:   Deprecation Warning: The `client_fn` function must return an instance of `Client`, but an instance of `NumpyClient` was returned. Please use `NumPyClient.to_client()` method to convert it to `Client`.
[92mINFO [0m:      aggregate_fit: received 2 results and 0 failures
[92mINFO [0m:      fit progress: (10, 0.3209607159744387, {'client0_meanDice': 0.6951639652252197, 'client0_WT': 0.8745856881141663, 'client0_TC': 0.6385331749916077, 'client0_ET': 0.5723730325698853, 'client1_meanDice': 0.8315412402153015, 'client1_WT': 0.9194091558456421, 'client1_TC': 0.9243807196617126, 'client1_ET': 0.6508338451385498, 'global_meanDice': 0.7101094126701355, 'global_WT': 0.8794978857040405, 'global_TC': 0.6698589324951172, 'global_ET': 0.5809714794158936}, 3519.3291572610033)
[92mINFO [0m:      configure_evaluate: strategy sampled 2 clients (out of 2)
[36m(ClientAppActor pid=572902)[0m [93mWARNING [0m:   DEPRECATED FEATURE: `client_fn` now expects a signature `def client_fn(context: Context)`.The provided `client_fn` has signature: {'cid': <Parameter "cid: str">}. You can import the `Context` like this: `from flwr.common import Context`
[36m(ClientAppActor pid=572902)[0m 
[36m(ClientAppActor pid=572902)[0m             This is a deprecated feature. It will be removed
[36m(ClientAppActor pid=572902)[0m             entirely in future versions of Flower.
[36m(ClientAppActor pid=572902)[0m         
[36m(ClientAppActor pid=572902)[0m [93mWARNING [0m:   Deprecation Warning: The `client_fn` function must return an instance of `Client`, but an instance of `NumpyClient` was returned. Please use `NumPyClient.to_client()` method to convert it to `Client`.
[36m(ClientAppActor pid=572902)[0m [93mWARNING [0m:   DEPRECATED FEATURE: `client_fn` now expects a signature `def client_fn(context: Context)`.The provided `client_fn` has signature: {'cid': <Parameter "cid: str">}. You can import the `Context` like this: `from flwr.common import Context`
[36m(ClientAppActor pid=572902)[0m 
[36m(ClientAppActor pid=572902)[0m             This is a deprecated feature. It will be removed
[36m(ClientAppActor pid=572902)[0m             entirely in future versions of Flower.
[36m(ClientAppActor pid=572902)[0m         
[36m(ClientAppActor pid=572902)[0m [93mWARNING [0m:   Deprecation Warning: The `client_fn` function must return an instance of `Client`, but an instance of `NumpyClient` was returned. Please use `NumPyClient.to_client()` method to convert it to `Client`.
[92mINFO [0m:      aggregate_evaluate: received 2 results and 0 failures
[92mINFO [0m:      
[92mINFO [0m:      [ROUND 11]
[92mINFO [0m:      configure_fit: strategy sampled 2 clients (out of 2)
[36m(ClientAppActor pid=572902)[0m [93mWARNING [0m:   DEPRECATED FEATURE: `client_fn` now expects a signature `def client_fn(context: Context)`.The provided `client_fn` has signature: {'cid': <Parameter "cid: str">}. You can import the `Context` like this: `from flwr.common import Context`
[36m(ClientAppActor pid=572902)[0m 
[36m(ClientAppActor pid=572902)[0m             This is a deprecated feature. It will be removed
[36m(ClientAppActor pid=572902)[0m             entirely in future versions of Flower.
[36m(ClientAppActor pid=572902)[0m         
[36m(ClientAppActor pid=572902)[0m [93mWARNING [0m:   Deprecation Warning: The `client_fn` function must return an instance of `Client`, but an instance of `NumpyClient` was returned. Please use `NumPyClient.to_client()` method to convert it to `Client`.
[36m(ClientAppActor pid=572902)[0m [93mWARNING [0m:   DEPRECATED FEATURE: `client_fn` now expects a signature `def client_fn(context: Context)`.The provided `client_fn` has signature: {'cid': <Parameter "cid: str">}. You can import the `Context` like this: `from flwr.common import Context`
[36m(ClientAppActor pid=572902)[0m 
[36m(ClientAppActor pid=572902)[0m             This is a deprecated feature. It will be removed
[36m(ClientAppActor pid=572902)[0m             entirely in future versions of Flower.
[36m(ClientAppActor pid=572902)[0m         
[36m(ClientAppActor pid=572902)[0m [93mWARNING [0m:   Deprecation Warning: The `client_fn` function must return an instance of `Client`, but an instance of `NumpyClient` was returned. Please use `NumPyClient.to_client()` method to convert it to `Client`.
slurmstepd: error: *** JOB 21317143 ON gpu-q-9 CANCELLED AT 2026-01-27T00:43:05 DUE TO TIME LIMIT ***
