==============================================
BraTS 2D U-Net LOCAL-ONLY (70/30) baseline
Job ID: 21278322
Node(s): gpu-q-13
Workdir: /home/bk489/federated/federated-thesis
Script:  /home/bk489/federated/federated-thesis/federated_unet/unet/train_local_only.py
Parts:   /home/bk489/federated/federated-thesis/data/partitions/federated_clients_2_70_30/client_data
Out:     /home/bk489/federated/federated-thesis/results/local_only/clients_2_70_30
Epochs:  30 | Batch: 4 | LR: 1e-3 | Seed: 42
Python:  /home/bk489/.conda/envs/fed/bin/python
Python 3.9.16 | packaged by conda-forge | (main, Feb  1 2023, 21:39:03) 
[GCC 11.3.0]
PyTorch 2.8.0+cu128 CUDA available: True CUDA: 12.8
Device count: 1
Mon Jan 26 14:40:00 2026       
+-----------------------------------------------------------------------------------------+
| NVIDIA-SMI 570.195.03             Driver Version: 570.195.03     CUDA Version: 12.8     |
|-----------------------------------------+------------------------+----------------------+
| GPU  Name                 Persistence-M | Bus-Id          Disp.A | Volatile Uncorr. ECC |
| Fan  Temp   Perf          Pwr:Usage/Cap |           Memory-Usage | GPU-Util  Compute M. |
|                                         |                        |               MIG M. |
|=========================================+========================+======================|
|   0  NVIDIA A100-SXM4-80GB          On  |   00000000:41:00.0 Off |                    0 |
| N/A   33C    P0             63W /  500W |       0MiB /  81920MiB |      0%      Default |
|                                         |                        |             Disabled |
+-----------------------------------------+------------------------+----------------------+
                                                                                         
+-----------------------------------------------------------------------------------------+
| Processes:                                                                              |
|  GPU   GI   CI              PID   Type   Process name                        GPU Memory |
|        ID   ID                                                               Usage      |
|=========================================================================================|
|  No running processes found                                                             |
+-----------------------------------------------------------------------------------------+
==============================================
Client partition sanity check (train/val/test must exist):
  client_0: train=1640 val=210 test=210 slices
  client_1: train=700 val=90 test=90 slices

----------------------------------------------
Training local-only model for client_0
----------------------------------------------
Device: cuda
Client root: /home/bk489/federated/federated-thesis/data/partitions/federated_clients_2_70_30/client_data/client_0
Train slices: 1640 | Val slices: 210 | Test slices: 210
Saving best to: /home/bk489/federated/federated-thesis/results/local_only/clients_2_70_30/client_0/best_unet2d.pt
