Loading rhel8/default-amp
  Loading requirement: singularity/current cuda/11.4
    libpciaccess/0.16/gcc-9.4.0-6fonbj6 libiconv/1.16/gcc-9.4.0-ahebbov
    libxml2/2.9.12/gcc-9.4.0-gnknt5e ncurses/6.2/gcc-9.4.0-aiirok7
    hwloc/2.5.0/gcc-9.4.0-7sqomga libevent/2.1.12/gcc-9.4.0-hgny7cm
    numactl/2.0.14/gcc-9.4.0-52dwc6n cuda/11.4.0/gcc-9.4.0-3hnxhjt
    gdrcopy/2.2/gcc-9.4.0-e4igtfp knem/1.1.4/gcc-9.4.0-bpbxgva
    libnl/3.3.0/gcc-9.4.0-whwhrwb rdma-core/34.0/gcc-9.4.0-5eo5n2u
    ucx/1.11.1/gcc-9.4.0-lktqyl4 openmpi/4.1.1/gcc-9.4.0-epagguv
[93mWARNING [0m:   DEPRECATED FEATURE: flwr.simulation.start_simulation() is deprecated.
	Instead, use the `flwr run` CLI command to start a local simulation in your Flower app, as shown for example below:

		$ flwr new  # Create a new Flower app from a template

		$ flwr run  # Run the Flower app in Simulation Mode

	Using `start_simulation()` is deprecated.

            This is a deprecated feature. It will be removed
            entirely in future versions of Flower.
        
[92mINFO [0m:      Starting Flower simulation, config: num_rounds=10, no round_timeout
2026-01-27 11:55:19,946	INFO worker.py:1771 -- Started a local Ray instance.
[92mINFO [0m:      Flower VCE: Ray initialized with resources: {'accelerator_type:A100': 1.0, 'node:__internal_head__': 1.0, 'node:10.43.74.68': 1.0, 'CPU': 128.0, 'memory': 827359738880.0, 'object_store_memory': 200000000000.0, 'GPU': 1.0}
[92mINFO [0m:      Optimize your simulation with Flower VCE: https://flower.ai/docs/framework/how-to-run-simulations.html
[92mINFO [0m:      Flower VCE: Resources for each Virtual Client: {'num_cpus': 1, 'num_gpus': 1}
[92mINFO [0m:      Flower VCE: Creating VirtualClientEngineActorPool with 1 actors
[92mINFO [0m:      [INIT]
[92mINFO [0m:      Requesting initial parameters from one random client
[36m(ClientAppActor pid=1044852)[0m [93mWARNING [0m:   DEPRECATED FEATURE: `client_fn` now expects a signature `def client_fn(context: Context)`.The provided `client_fn` has signature: {'cid': <Parameter "cid: str">}. You can import the `Context` like this: `from flwr.common import Context`
[36m(ClientAppActor pid=1044852)[0m 
[36m(ClientAppActor pid=1044852)[0m             This is a deprecated feature. It will be removed
[36m(ClientAppActor pid=1044852)[0m             entirely in future versions of Flower.
[36m(ClientAppActor pid=1044852)[0m         
[92mINFO [0m:      Received initial parameters from one random client
[92mINFO [0m:      Starting evaluation of initial global parameters
[36m(ClientAppActor pid=1044852)[0m [93mWARNING [0m:   Deprecation Warning: The `client_fn` function must return an instance of `Client`, but an instance of `NumpyClient` was returned. Please use `NumPyClient.to_client()` method to convert it to `Client`.
[92mINFO [0m:      initial parameters (loss, other metrics): 1.8244996752057756, {'client0_meanDice': 0.0436394065618515, 'client0_WT': 0.10211300849914551, 'client0_TC': 0.011913458816707134, 'client0_ET': 0.016891753301024437, 'client1_meanDice': 0.03949223831295967, 'client1_WT': 0.08449937403202057, 'client1_TC': 0.01485825702548027, 'client1_ET': 0.019119080156087875, 'global_meanDice': 0.04245449975132942, 'global_WT': 0.0970805361866951, 'global_TC': 0.012754829600453377, 'global_ET': 0.01752813346683979}
[92mINFO [0m:      
[92mINFO [0m:      [ROUND 1]
[92mINFO [0m:      configure_fit: strategy sampled 2 clients (out of 2)
[36m(ClientAppActor pid=1044852)[0m [93mWARNING [0m:   DEPRECATED FEATURE: `client_fn` now expects a signature `def client_fn(context: Context)`.The provided `client_fn` has signature: {'cid': <Parameter "cid: str">}. You can import the `Context` like this: `from flwr.common import Context`
[36m(ClientAppActor pid=1044852)[0m 
[36m(ClientAppActor pid=1044852)[0m             This is a deprecated feature. It will be removed
[36m(ClientAppActor pid=1044852)[0m             entirely in future versions of Flower.
[36m(ClientAppActor pid=1044852)[0m         
[36m(ClientAppActor pid=1044852)[0m [93mWARNING [0m:   Deprecation Warning: The `client_fn` function must return an instance of `Client`, but an instance of `NumpyClient` was returned. Please use `NumPyClient.to_client()` method to convert it to `Client`.
[36m(ClientAppActor pid=1044852)[0m [93mWARNING [0m:   DEPRECATED FEATURE: `client_fn` now expects a signature `def client_fn(context: Context)`.The provided `client_fn` has signature: {'cid': <Parameter "cid: str">}. You can import the `Context` like this: `from flwr.common import Context`
[36m(ClientAppActor pid=1044852)[0m 
[36m(ClientAppActor pid=1044852)[0m             This is a deprecated feature. It will be removed
[36m(ClientAppActor pid=1044852)[0m             entirely in future versions of Flower.
[36m(ClientAppActor pid=1044852)[0m         
[36m(ClientAppActor pid=1044852)[0m [93mWARNING [0m:   Deprecation Warning: The `client_fn` function must return an instance of `Client`, but an instance of `NumpyClient` was returned. Please use `NumPyClient.to_client()` method to convert it to `Client`.
[92mINFO [0m:      aggregate_fit: received 2 results and 0 failures
[93mWARNING [0m:   No fit_metrics_aggregation_fn provided
[92mINFO [0m:      fit progress: (1, 1.4872596434184484, {'client0_meanDice': 0.042450200766325, 'client0_WT': 0.08125896006822586, 'client0_TC': 0.031381286680698395, 'client0_ET': 0.01471035648137331, 'client1_meanDice': 0.041452523320913315, 'client1_WT': 0.06803765892982483, 'client1_TC': 0.04057372361421585, 'client1_ET': 0.015746183693408966, 'global_meanDice': 0.04216514900326729, 'global_WT': 0.07748144865036011, 'global_TC': 0.03400769829750061, 'global_ET': 0.01500630658119917}, 28.463015154004097)
[92mINFO [0m:      configure_evaluate: strategy sampled 2 clients (out of 2)
[36m(ClientAppActor pid=1044852)[0m [93mWARNING [0m:   DEPRECATED FEATURE: `client_fn` now expects a signature `def client_fn(context: Context)`.The provided `client_fn` has signature: {'cid': <Parameter "cid: str">}. You can import the `Context` like this: `from flwr.common import Context`
[36m(ClientAppActor pid=1044852)[0m 
[36m(ClientAppActor pid=1044852)[0m             This is a deprecated feature. It will be removed
[36m(ClientAppActor pid=1044852)[0m             entirely in future versions of Flower.
[36m(ClientAppActor pid=1044852)[0m         
[36m(ClientAppActor pid=1044852)[0m [93mWARNING [0m:   Deprecation Warning: The `client_fn` function must return an instance of `Client`, but an instance of `NumpyClient` was returned. Please use `NumPyClient.to_client()` method to convert it to `Client`.
[36m(ClientAppActor pid=1044852)[0m [93mWARNING [0m:   DEPRECATED FEATURE: `client_fn` now expects a signature `def client_fn(context: Context)`.The provided `client_fn` has signature: {'cid': <Parameter "cid: str">}. You can import the `Context` like this: `from flwr.common import Context`
[36m(ClientAppActor pid=1044852)[0m 
[36m(ClientAppActor pid=1044852)[0m             This is a deprecated feature. It will be removed
[36m(ClientAppActor pid=1044852)[0m             entirely in future versions of Flower.
[36m(ClientAppActor pid=1044852)[0m         
[36m(ClientAppActor pid=1044852)[0m [93mWARNING [0m:   Deprecation Warning: The `client_fn` function must return an instance of `Client`, but an instance of `NumpyClient` was returned. Please use `NumPyClient.to_client()` method to convert it to `Client`.
[92mINFO [0m:      aggregate_evaluate: received 2 results and 0 failures
[93mWARNING [0m:   No evaluate_metrics_aggregation_fn provided
[92mINFO [0m:      
[92mINFO [0m:      [ROUND 2]
[92mINFO [0m:      configure_fit: strategy sampled 2 clients (out of 2)
[36m(ClientAppActor pid=1044852)[0m [93mWARNING [0m:   DEPRECATED FEATURE: `client_fn` now expects a signature `def client_fn(context: Context)`.The provided `client_fn` has signature: {'cid': <Parameter "cid: str">}. You can import the `Context` like this: `from flwr.common import Context`
[36m(ClientAppActor pid=1044852)[0m 
[36m(ClientAppActor pid=1044852)[0m             This is a deprecated feature. It will be removed
[36m(ClientAppActor pid=1044852)[0m             entirely in future versions of Flower.
[36m(ClientAppActor pid=1044852)[0m         
[36m(ClientAppActor pid=1044852)[0m [93mWARNING [0m:   Deprecation Warning: The `client_fn` function must return an instance of `Client`, but an instance of `NumpyClient` was returned. Please use `NumPyClient.to_client()` method to convert it to `Client`.
[36m(ClientAppActor pid=1044852)[0m [93mWARNING [0m:   DEPRECATED FEATURE: `client_fn` now expects a signature `def client_fn(context: Context)`.The provided `client_fn` has signature: {'cid': <Parameter "cid: str">}. You can import the `Context` like this: `from flwr.common import Context`
[36m(ClientAppActor pid=1044852)[0m 
[36m(ClientAppActor pid=1044852)[0m             This is a deprecated feature. It will be removed
[36m(ClientAppActor pid=1044852)[0m             entirely in future versions of Flower.
[36m(ClientAppActor pid=1044852)[0m         
[36m(ClientAppActor pid=1044852)[0m [93mWARNING [0m:   Deprecation Warning: The `client_fn` function must return an instance of `Client`, but an instance of `NumpyClient` was returned. Please use `NumPyClient.to_client()` method to convert it to `Client`.
[92mINFO [0m:      aggregate_fit: received 2 results and 0 failures
[92mINFO [0m:      fit progress: (2, 1.2645120450428553, {'client0_meanDice': 0.04696182906627655, 'client0_WT': 0.08748054504394531, 'client0_TC': 0.03434751182794571, 'client0_ET': 0.01905743032693863, 'client1_meanDice': 0.044903408735990524, 'client1_WT': 0.07270282506942749, 'client1_TC': 0.0429823212325573, 'client1_ET': 0.019025074318051338, 'global_meanDice': 0.04637371003627777, 'global_WT': 0.08325833827257156, 'global_TC': 0.036814603954553604, 'global_ET': 0.019048184156417847}, 45.76162214204669)
[92mINFO [0m:      configure_evaluate: strategy sampled 2 clients (out of 2)
[36m(ClientAppActor pid=1044852)[0m [93mWARNING [0m:   DEPRECATED FEATURE: `client_fn` now expects a signature `def client_fn(context: Context)`.The provided `client_fn` has signature: {'cid': <Parameter "cid: str">}. You can import the `Context` like this: `from flwr.common import Context`
[36m(ClientAppActor pid=1044852)[0m 
[36m(ClientAppActor pid=1044852)[0m             This is a deprecated feature. It will be removed
[36m(ClientAppActor pid=1044852)[0m             entirely in future versions of Flower.
[36m(ClientAppActor pid=1044852)[0m         
[36m(ClientAppActor pid=1044852)[0m [93mWARNING [0m:   Deprecation Warning: The `client_fn` function must return an instance of `Client`, but an instance of `NumpyClient` was returned. Please use `NumPyClient.to_client()` method to convert it to `Client`.
[36m(ClientAppActor pid=1044852)[0m [93mWARNING [0m:   DEPRECATED FEATURE: `client_fn` now expects a signature `def client_fn(context: Context)`.The provided `client_fn` has signature: {'cid': <Parameter "cid: str">}. You can import the `Context` like this: `from flwr.common import Context`
[36m(ClientAppActor pid=1044852)[0m 
[36m(ClientAppActor pid=1044852)[0m             This is a deprecated feature. It will be removed
[36m(ClientAppActor pid=1044852)[0m             entirely in future versions of Flower.
[36m(ClientAppActor pid=1044852)[0m         
[36m(ClientAppActor pid=1044852)[0m [93mWARNING [0m:   Deprecation Warning: The `client_fn` function must return an instance of `Client`, but an instance of `NumpyClient` was returned. Please use `NumPyClient.to_client()` method to convert it to `Client`.
[92mINFO [0m:      aggregate_evaluate: received 2 results and 0 failures
[92mINFO [0m:      
[92mINFO [0m:      [ROUND 3]
[92mINFO [0m:      configure_fit: strategy sampled 2 clients (out of 2)
[36m(ClientAppActor pid=1044852)[0m [93mWARNING [0m:   DEPRECATED FEATURE: `client_fn` now expects a signature `def client_fn(context: Context)`.The provided `client_fn` has signature: {'cid': <Parameter "cid: str">}. You can import the `Context` like this: `from flwr.common import Context`
[36m(ClientAppActor pid=1044852)[0m 
[36m(ClientAppActor pid=1044852)[0m             This is a deprecated feature. It will be removed
[36m(ClientAppActor pid=1044852)[0m             entirely in future versions of Flower.
[36m(ClientAppActor pid=1044852)[0m         
[36m(ClientAppActor pid=1044852)[0m [93mWARNING [0m:   Deprecation Warning: The `client_fn` function must return an instance of `Client`, but an instance of `NumpyClient` was returned. Please use `NumPyClient.to_client()` method to convert it to `Client`.
[36m(ClientAppActor pid=1044852)[0m [93mWARNING [0m:   DEPRECATED FEATURE: `client_fn` now expects a signature `def client_fn(context: Context)`.The provided `client_fn` has signature: {'cid': <Parameter "cid: str">}. You can import the `Context` like this: `from flwr.common import Context`
[36m(ClientAppActor pid=1044852)[0m 
[36m(ClientAppActor pid=1044852)[0m             This is a deprecated feature. It will be removed
[36m(ClientAppActor pid=1044852)[0m             entirely in future versions of Flower.
[36m(ClientAppActor pid=1044852)[0m         
[36m(ClientAppActor pid=1044852)[0m [93mWARNING [0m:   Deprecation Warning: The `client_fn` function must return an instance of `Client`, but an instance of `NumpyClient` was returned. Please use `NumPyClient.to_client()` method to convert it to `Client`.
[92mINFO [0m:      aggregate_fit: received 2 results and 0 failures
[92mINFO [0m:      fit progress: (3, 1.1488301583698817, {'client0_meanDice': 0.046646326780319214, 'client0_WT': 0.09133639186620712, 'client0_TC': 0.03145068883895874, 'client0_ET': 0.01715189963579178, 'client1_meanDice': 0.04392195865511894, 'client1_WT': 0.07351037114858627, 'client1_TC': 0.040431808680295944, 'client1_ET': 0.01782369054853916, 'global_meanDice': 0.045867934823036194, 'global_WT': 0.08624324947595596, 'global_TC': 0.034016720950603485, 'global_ET': 0.01734383963048458}, 63.75187352113426)
[92mINFO [0m:      configure_evaluate: strategy sampled 2 clients (out of 2)
[36m(ClientAppActor pid=1044852)[0m [93mWARNING [0m:   DEPRECATED FEATURE: `client_fn` now expects a signature `def client_fn(context: Context)`.The provided `client_fn` has signature: {'cid': <Parameter "cid: str">}. You can import the `Context` like this: `from flwr.common import Context`
[36m(ClientAppActor pid=1044852)[0m 
[36m(ClientAppActor pid=1044852)[0m             This is a deprecated feature. It will be removed
[36m(ClientAppActor pid=1044852)[0m             entirely in future versions of Flower.
[36m(ClientAppActor pid=1044852)[0m         
[36m(ClientAppActor pid=1044852)[0m [93mWARNING [0m:   Deprecation Warning: The `client_fn` function must return an instance of `Client`, but an instance of `NumpyClient` was returned. Please use `NumPyClient.to_client()` method to convert it to `Client`.
[36m(ClientAppActor pid=1044852)[0m [93mWARNING [0m:   DEPRECATED FEATURE: `client_fn` now expects a signature `def client_fn(context: Context)`.The provided `client_fn` has signature: {'cid': <Parameter "cid: str">}. You can import the `Context` like this: `from flwr.common import Context`
[36m(ClientAppActor pid=1044852)[0m 
[36m(ClientAppActor pid=1044852)[0m             This is a deprecated feature. It will be removed
[36m(ClientAppActor pid=1044852)[0m             entirely in future versions of Flower.
[36m(ClientAppActor pid=1044852)[0m         
[36m(ClientAppActor pid=1044852)[0m [93mWARNING [0m:   Deprecation Warning: The `client_fn` function must return an instance of `Client`, but an instance of `NumpyClient` was returned. Please use `NumPyClient.to_client()` method to convert it to `Client`.
[92mINFO [0m:      aggregate_evaluate: received 2 results and 0 failures
[92mINFO [0m:      
[92mINFO [0m:      [ROUND 4]
[92mINFO [0m:      configure_fit: strategy sampled 2 clients (out of 2)
[36m(ClientAppActor pid=1044852)[0m [93mWARNING [0m:   DEPRECATED FEATURE: `client_fn` now expects a signature `def client_fn(context: Context)`.The provided `client_fn` has signature: {'cid': <Parameter "cid: str">}. You can import the `Context` like this: `from flwr.common import Context`
[36m(ClientAppActor pid=1044852)[0m 
[36m(ClientAppActor pid=1044852)[0m             This is a deprecated feature. It will be removed
[36m(ClientAppActor pid=1044852)[0m             entirely in future versions of Flower.
[36m(ClientAppActor pid=1044852)[0m         
[36m(ClientAppActor pid=1044852)[0m [93mWARNING [0m:   Deprecation Warning: The `client_fn` function must return an instance of `Client`, but an instance of `NumpyClient` was returned. Please use `NumPyClient.to_client()` method to convert it to `Client`.
[36m(ClientAppActor pid=1044852)[0m [93mWARNING [0m:   DEPRECATED FEATURE: `client_fn` now expects a signature `def client_fn(context: Context)`.The provided `client_fn` has signature: {'cid': <Parameter "cid: str">}. You can import the `Context` like this: `from flwr.common import Context`
[36m(ClientAppActor pid=1044852)[0m 
[36m(ClientAppActor pid=1044852)[0m             This is a deprecated feature. It will be removed
[36m(ClientAppActor pid=1044852)[0m             entirely in future versions of Flower.
[36m(ClientAppActor pid=1044852)[0m         
[36m(ClientAppActor pid=1044852)[0m [93mWARNING [0m:   Deprecation Warning: The `client_fn` function must return an instance of `Client`, but an instance of `NumpyClient` was returned. Please use `NumPyClient.to_client()` method to convert it to `Client`.
[92mINFO [0m:      aggregate_fit: received 2 results and 0 failures
[92mINFO [0m:      fit progress: (4, 1.069195304598127, {'client0_meanDice': 0.06594467908143997, 'client0_WT': 0.11579036712646484, 'client0_TC': 0.05067483335733414, 'client0_ET': 0.031368836760520935, 'client1_meanDice': 0.05438357591629028, 'client1_WT': 0.08482634276151657, 'client1_TC': 0.05332517623901367, 'client1_ET': 0.02499919943511486, 'global_meanDice': 0.06264150887727737, 'global_WT': 0.10694350302219391, 'global_TC': 0.05143207684159279, 'global_ET': 0.02954893931746483}, 80.01277863141149)
[92mINFO [0m:      configure_evaluate: strategy sampled 2 clients (out of 2)
[36m(ClientAppActor pid=1044852)[0m [93mWARNING [0m:   DEPRECATED FEATURE: `client_fn` now expects a signature `def client_fn(context: Context)`.The provided `client_fn` has signature: {'cid': <Parameter "cid: str">}. You can import the `Context` like this: `from flwr.common import Context`
[36m(ClientAppActor pid=1044852)[0m 
[36m(ClientAppActor pid=1044852)[0m             This is a deprecated feature. It will be removed
[36m(ClientAppActor pid=1044852)[0m             entirely in future versions of Flower.
[36m(ClientAppActor pid=1044852)[0m         
[36m(ClientAppActor pid=1044852)[0m [93mWARNING [0m:   Deprecation Warning: The `client_fn` function must return an instance of `Client`, but an instance of `NumpyClient` was returned. Please use `NumPyClient.to_client()` method to convert it to `Client`.
[36m(ClientAppActor pid=1044852)[0m [93mWARNING [0m:   DEPRECATED FEATURE: `client_fn` now expects a signature `def client_fn(context: Context)`.The provided `client_fn` has signature: {'cid': <Parameter "cid: str">}. You can import the `Context` like this: `from flwr.common import Context`
[36m(ClientAppActor pid=1044852)[0m 
[36m(ClientAppActor pid=1044852)[0m             This is a deprecated feature. It will be removed
[36m(ClientAppActor pid=1044852)[0m             entirely in future versions of Flower.
[36m(ClientAppActor pid=1044852)[0m         
[36m(ClientAppActor pid=1044852)[0m [93mWARNING [0m:   Deprecation Warning: The `client_fn` function must return an instance of `Client`, but an instance of `NumpyClient` was returned. Please use `NumPyClient.to_client()` method to convert it to `Client`.
[92mINFO [0m:      aggregate_evaluate: received 2 results and 0 failures
[92mINFO [0m:      
[92mINFO [0m:      [ROUND 5]
[92mINFO [0m:      configure_fit: strategy sampled 2 clients (out of 2)
[36m(ClientAppActor pid=1044852)[0m [93mWARNING [0m:   DEPRECATED FEATURE: `client_fn` now expects a signature `def client_fn(context: Context)`.The provided `client_fn` has signature: {'cid': <Parameter "cid: str">}. You can import the `Context` like this: `from flwr.common import Context`
[36m(ClientAppActor pid=1044852)[0m 
[36m(ClientAppActor pid=1044852)[0m             This is a deprecated feature. It will be removed
[36m(ClientAppActor pid=1044852)[0m             entirely in future versions of Flower.
[36m(ClientAppActor pid=1044852)[0m         
[36m(ClientAppActor pid=1044852)[0m [93mWARNING [0m:   Deprecation Warning: The `client_fn` function must return an instance of `Client`, but an instance of `NumpyClient` was returned. Please use `NumPyClient.to_client()` method to convert it to `Client`.
[36m(ClientAppActor pid=1044852)[0m [93mWARNING [0m:   DEPRECATED FEATURE: `client_fn` now expects a signature `def client_fn(context: Context)`.The provided `client_fn` has signature: {'cid': <Parameter "cid: str">}. You can import the `Context` like this: `from flwr.common import Context`
[36m(ClientAppActor pid=1044852)[0m 
[36m(ClientAppActor pid=1044852)[0m             This is a deprecated feature. It will be removed
[36m(ClientAppActor pid=1044852)[0m             entirely in future versions of Flower.
[36m(ClientAppActor pid=1044852)[0m         
[36m(ClientAppActor pid=1044852)[0m [93mWARNING [0m:   Deprecation Warning: The `client_fn` function must return an instance of `Client`, but an instance of `NumpyClient` was returned. Please use `NumPyClient.to_client()` method to convert it to `Client`.
[92mINFO [0m:      aggregate_fit: received 2 results and 0 failures
[92mINFO [0m:      fit progress: (5, 0.9884907518114362, {'client0_meanDice': 0.1154957190155983, 'client0_WT': 0.2112503945827484, 'client0_TC': 0.08832071721553802, 'client0_ET': 0.04691607877612114, 'client1_meanDice': 0.08440036326646805, 'client1_WT': 0.13376004993915558, 'client1_TC': 0.08561436831951141, 'client1_ET': 0.033826667815446854, 'global_meanDice': 0.10661134123802185, 'global_WT': 0.18911029398441315, 'global_TC': 0.08754747360944748, 'global_ET': 0.04317625239491463}, 95.41987179405987)
[92mINFO [0m:      configure_evaluate: strategy sampled 2 clients (out of 2)
[36m(ClientAppActor pid=1044852)[0m [93mWARNING [0m:   DEPRECATED FEATURE: `client_fn` now expects a signature `def client_fn(context: Context)`.The provided `client_fn` has signature: {'cid': <Parameter "cid: str">}. You can import the `Context` like this: `from flwr.common import Context`
[36m(ClientAppActor pid=1044852)[0m 
[36m(ClientAppActor pid=1044852)[0m             This is a deprecated feature. It will be removed
[36m(ClientAppActor pid=1044852)[0m             entirely in future versions of Flower.
[36m(ClientAppActor pid=1044852)[0m         
[36m(ClientAppActor pid=1044852)[0m [93mWARNING [0m:   Deprecation Warning: The `client_fn` function must return an instance of `Client`, but an instance of `NumpyClient` was returned. Please use `NumPyClient.to_client()` method to convert it to `Client`.
[36m(ClientAppActor pid=1044852)[0m [93mWARNING [0m:   DEPRECATED FEATURE: `client_fn` now expects a signature `def client_fn(context: Context)`.The provided `client_fn` has signature: {'cid': <Parameter "cid: str">}. You can import the `Context` like this: `from flwr.common import Context`
[36m(ClientAppActor pid=1044852)[0m 
[36m(ClientAppActor pid=1044852)[0m             This is a deprecated feature. It will be removed
[36m(ClientAppActor pid=1044852)[0m             entirely in future versions of Flower.
[36m(ClientAppActor pid=1044852)[0m         
[36m(ClientAppActor pid=1044852)[0m [93mWARNING [0m:   Deprecation Warning: The `client_fn` function must return an instance of `Client`, but an instance of `NumpyClient` was returned. Please use `NumPyClient.to_client()` method to convert it to `Client`.
[92mINFO [0m:      aggregate_evaluate: received 2 results and 0 failures
[92mINFO [0m:      
[92mINFO [0m:      [ROUND 6]
[92mINFO [0m:      configure_fit: strategy sampled 2 clients (out of 2)
[36m(ClientAppActor pid=1044852)[0m [93mWARNING [0m:   DEPRECATED FEATURE: `client_fn` now expects a signature `def client_fn(context: Context)`.The provided `client_fn` has signature: {'cid': <Parameter "cid: str">}. You can import the `Context` like this: `from flwr.common import Context`
[36m(ClientAppActor pid=1044852)[0m 
[36m(ClientAppActor pid=1044852)[0m             This is a deprecated feature. It will be removed
[36m(ClientAppActor pid=1044852)[0m             entirely in future versions of Flower.
[36m(ClientAppActor pid=1044852)[0m         
[36m(ClientAppActor pid=1044852)[0m [93mWARNING [0m:   Deprecation Warning: The `client_fn` function must return an instance of `Client`, but an instance of `NumpyClient` was returned. Please use `NumPyClient.to_client()` method to convert it to `Client`.
[36m(ClientAppActor pid=1044852)[0m [93mWARNING [0m:   DEPRECATED FEATURE: `client_fn` now expects a signature `def client_fn(context: Context)`.The provided `client_fn` has signature: {'cid': <Parameter "cid: str">}. You can import the `Context` like this: `from flwr.common import Context`
[36m(ClientAppActor pid=1044852)[0m 
[36m(ClientAppActor pid=1044852)[0m             This is a deprecated feature. It will be removed
[36m(ClientAppActor pid=1044852)[0m             entirely in future versions of Flower.
[36m(ClientAppActor pid=1044852)[0m         
[36m(ClientAppActor pid=1044852)[0m [93mWARNING [0m:   Deprecation Warning: The `client_fn` function must return an instance of `Client`, but an instance of `NumpyClient` was returned. Please use `NumPyClient.to_client()` method to convert it to `Client`.
[92mINFO [0m:      aggregate_fit: received 2 results and 0 failures
[92mINFO [0m:      fit progress: (6, 1.0523889405386788, {'client0_meanDice': 0.036097560077905655, 'client0_WT': 0.06434421241283417, 'client0_TC': 0.02653842605650425, 'client0_ET': 0.017410045489668846, 'client1_meanDice': 0.045137036591768265, 'client1_WT': 0.06737948954105377, 'client1_TC': 0.05023861303925514, 'client1_ET': 0.017793022096157074, 'global_meanDice': 0.038680266588926315, 'global_WT': 0.06521143019199371, 'global_TC': 0.03330990672111511, 'global_ET': 0.017519468441605568}, 112.20080080302432)
[92mINFO [0m:      configure_evaluate: strategy sampled 2 clients (out of 2)
[36m(ClientAppActor pid=1044852)[0m [93mWARNING [0m:   DEPRECATED FEATURE: `client_fn` now expects a signature `def client_fn(context: Context)`.The provided `client_fn` has signature: {'cid': <Parameter "cid: str">}. You can import the `Context` like this: `from flwr.common import Context`
[36m(ClientAppActor pid=1044852)[0m 
[36m(ClientAppActor pid=1044852)[0m             This is a deprecated feature. It will be removed
[36m(ClientAppActor pid=1044852)[0m             entirely in future versions of Flower.
[36m(ClientAppActor pid=1044852)[0m         
[36m(ClientAppActor pid=1044852)[0m [93mWARNING [0m:   Deprecation Warning: The `client_fn` function must return an instance of `Client`, but an instance of `NumpyClient` was returned. Please use `NumPyClient.to_client()` method to convert it to `Client`.
[36m(ClientAppActor pid=1044852)[0m [93mWARNING [0m:   DEPRECATED FEATURE: `client_fn` now expects a signature `def client_fn(context: Context)`.The provided `client_fn` has signature: {'cid': <Parameter "cid: str">}. You can import the `Context` like this: `from flwr.common import Context`
[36m(ClientAppActor pid=1044852)[0m 
[36m(ClientAppActor pid=1044852)[0m             This is a deprecated feature. It will be removed
[36m(ClientAppActor pid=1044852)[0m             entirely in future versions of Flower.
[36m(ClientAppActor pid=1044852)[0m         
[36m(ClientAppActor pid=1044852)[0m [93mWARNING [0m:   Deprecation Warning: The `client_fn` function must return an instance of `Client`, but an instance of `NumpyClient` was returned. Please use `NumPyClient.to_client()` method to convert it to `Client`.
[92mINFO [0m:      aggregate_evaluate: received 2 results and 0 failures
[92mINFO [0m:      
[92mINFO [0m:      [ROUND 7]
[92mINFO [0m:      configure_fit: strategy sampled 2 clients (out of 2)
[36m(ClientAppActor pid=1044852)[0m [93mWARNING [0m:   DEPRECATED FEATURE: `client_fn` now expects a signature `def client_fn(context: Context)`.The provided `client_fn` has signature: {'cid': <Parameter "cid: str">}. You can import the `Context` like this: `from flwr.common import Context`
[36m(ClientAppActor pid=1044852)[0m 
[36m(ClientAppActor pid=1044852)[0m             This is a deprecated feature. It will be removed
[36m(ClientAppActor pid=1044852)[0m             entirely in future versions of Flower.
[36m(ClientAppActor pid=1044852)[0m         
[36m(ClientAppActor pid=1044852)[0m [93mWARNING [0m:   Deprecation Warning: The `client_fn` function must return an instance of `Client`, but an instance of `NumpyClient` was returned. Please use `NumPyClient.to_client()` method to convert it to `Client`.
[36m(ClientAppActor pid=1044852)[0m [93mWARNING [0m:   DEPRECATED FEATURE: `client_fn` now expects a signature `def client_fn(context: Context)`.The provided `client_fn` has signature: {'cid': <Parameter "cid: str">}. You can import the `Context` like this: `from flwr.common import Context`
[36m(ClientAppActor pid=1044852)[0m 
[36m(ClientAppActor pid=1044852)[0m             This is a deprecated feature. It will be removed
[36m(ClientAppActor pid=1044852)[0m             entirely in future versions of Flower.
[36m(ClientAppActor pid=1044852)[0m         
[36m(ClientAppActor pid=1044852)[0m [93mWARNING [0m:   Deprecation Warning: The `client_fn` function must return an instance of `Client`, but an instance of `NumpyClient` was returned. Please use `NumPyClient.to_client()` method to convert it to `Client`.
[92mINFO [0m:      aggregate_fit: received 2 results and 0 failures
[92mINFO [0m:      fit progress: (7, 1.0401775326047624, {'client0_meanDice': 0.04617241024971008, 'client0_WT': 0.05449359863996506, 'client0_TC': 0.04112059995532036, 'client0_ET': 0.04290303587913513, 'client1_meanDice': 0.04627063497900963, 'client1_WT': 0.06506043672561646, 'client1_TC': 0.05215095356106758, 'client1_ET': 0.0216005127876997, 'global_meanDice': 0.0462004728615284, 'global_WT': 0.05751269310712814, 'global_TC': 0.044272128492593765, 'global_ET': 0.03681660071015358}, 129.79519600002095)
[92mINFO [0m:      configure_evaluate: strategy sampled 2 clients (out of 2)
[36m(ClientAppActor pid=1044852)[0m [93mWARNING [0m:   DEPRECATED FEATURE: `client_fn` now expects a signature `def client_fn(context: Context)`.The provided `client_fn` has signature: {'cid': <Parameter "cid: str">}. You can import the `Context` like this: `from flwr.common import Context`
[36m(ClientAppActor pid=1044852)[0m 
[36m(ClientAppActor pid=1044852)[0m             This is a deprecated feature. It will be removed
[36m(ClientAppActor pid=1044852)[0m             entirely in future versions of Flower.
[36m(ClientAppActor pid=1044852)[0m         
[36m(ClientAppActor pid=1044852)[0m [93mWARNING [0m:   Deprecation Warning: The `client_fn` function must return an instance of `Client`, but an instance of `NumpyClient` was returned. Please use `NumPyClient.to_client()` method to convert it to `Client`.
[36m(ClientAppActor pid=1044852)[0m [93mWARNING [0m:   DEPRECATED FEATURE: `client_fn` now expects a signature `def client_fn(context: Context)`.The provided `client_fn` has signature: {'cid': <Parameter "cid: str">}. You can import the `Context` like this: `from flwr.common import Context`
[36m(ClientAppActor pid=1044852)[0m 
[36m(ClientAppActor pid=1044852)[0m             This is a deprecated feature. It will be removed
[36m(ClientAppActor pid=1044852)[0m             entirely in future versions of Flower.
[36m(ClientAppActor pid=1044852)[0m         
[36m(ClientAppActor pid=1044852)[0m [93mWARNING [0m:   Deprecation Warning: The `client_fn` function must return an instance of `Client`, but an instance of `NumpyClient` was returned. Please use `NumPyClient.to_client()` method to convert it to `Client`.
[92mINFO [0m:      aggregate_evaluate: received 2 results and 0 failures
[92mINFO [0m:      
[92mINFO [0m:      [ROUND 8]
[92mINFO [0m:      configure_fit: strategy sampled 2 clients (out of 2)
[36m(ClientAppActor pid=1044852)[0m [93mWARNING [0m:   DEPRECATED FEATURE: `client_fn` now expects a signature `def client_fn(context: Context)`.The provided `client_fn` has signature: {'cid': <Parameter "cid: str">}. You can import the `Context` like this: `from flwr.common import Context`
[36m(ClientAppActor pid=1044852)[0m 
[36m(ClientAppActor pid=1044852)[0m             This is a deprecated feature. It will be removed
[36m(ClientAppActor pid=1044852)[0m             entirely in future versions of Flower.
[36m(ClientAppActor pid=1044852)[0m         
[36m(ClientAppActor pid=1044852)[0m [93mWARNING [0m:   Deprecation Warning: The `client_fn` function must return an instance of `Client`, but an instance of `NumpyClient` was returned. Please use `NumPyClient.to_client()` method to convert it to `Client`.
[36m(ClientAppActor pid=1044852)[0m [93mWARNING [0m:   DEPRECATED FEATURE: `client_fn` now expects a signature `def client_fn(context: Context)`.The provided `client_fn` has signature: {'cid': <Parameter "cid: str">}. You can import the `Context` like this: `from flwr.common import Context`
[36m(ClientAppActor pid=1044852)[0m 
[36m(ClientAppActor pid=1044852)[0m             This is a deprecated feature. It will be removed
[36m(ClientAppActor pid=1044852)[0m             entirely in future versions of Flower.
[36m(ClientAppActor pid=1044852)[0m         
[36m(ClientAppActor pid=1044852)[0m [93mWARNING [0m:   Deprecation Warning: The `client_fn` function must return an instance of `Client`, but an instance of `NumpyClient` was returned. Please use `NumPyClient.to_client()` method to convert it to `Client`.
[92mINFO [0m:      aggregate_fit: received 2 results and 0 failures
[92mINFO [0m:      fit progress: (8, 0.8283674291202, {'client0_meanDice': 0.24649874866008759, 'client0_WT': 0.28274255990982056, 'client0_TC': 0.22224171459674835, 'client0_ET': 0.23451200127601624, 'client1_meanDice': 0.18588118255138397, 'client1_WT': 0.23495729267597198, 'client1_TC': 0.18537338078022003, 'client1_ET': 0.1373128890991211, 'global_meanDice': 0.22917944192886353, 'global_WT': 0.26908960938453674, 'global_TC': 0.21170790493488312, 'global_ET': 0.20674081146717072}, 145.7330991490744)
[92mINFO [0m:      configure_evaluate: strategy sampled 2 clients (out of 2)
[36m(ClientAppActor pid=1044852)[0m [93mWARNING [0m:   DEPRECATED FEATURE: `client_fn` now expects a signature `def client_fn(context: Context)`.The provided `client_fn` has signature: {'cid': <Parameter "cid: str">}. You can import the `Context` like this: `from flwr.common import Context`
[36m(ClientAppActor pid=1044852)[0m 
[36m(ClientAppActor pid=1044852)[0m             This is a deprecated feature. It will be removed
[36m(ClientAppActor pid=1044852)[0m             entirely in future versions of Flower.
[36m(ClientAppActor pid=1044852)[0m         
[36m(ClientAppActor pid=1044852)[0m [93mWARNING [0m:   Deprecation Warning: The `client_fn` function must return an instance of `Client`, but an instance of `NumpyClient` was returned. Please use `NumPyClient.to_client()` method to convert it to `Client`.
[36m(ClientAppActor pid=1044852)[0m [93mWARNING [0m:   DEPRECATED FEATURE: `client_fn` now expects a signature `def client_fn(context: Context)`.The provided `client_fn` has signature: {'cid': <Parameter "cid: str">}. You can import the `Context` like this: `from flwr.common import Context`
[36m(ClientAppActor pid=1044852)[0m 
[36m(ClientAppActor pid=1044852)[0m             This is a deprecated feature. It will be removed
[36m(ClientAppActor pid=1044852)[0m             entirely in future versions of Flower.
[36m(ClientAppActor pid=1044852)[0m         
[36m(ClientAppActor pid=1044852)[0m [93mWARNING [0m:   Deprecation Warning: The `client_fn` function must return an instance of `Client`, but an instance of `NumpyClient` was returned. Please use `NumPyClient.to_client()` method to convert it to `Client`.
[92mINFO [0m:      aggregate_evaluate: received 2 results and 0 failures
[92mINFO [0m:      
[92mINFO [0m:      [ROUND 9]
[92mINFO [0m:      configure_fit: strategy sampled 2 clients (out of 2)
[36m(ClientAppActor pid=1044852)[0m [93mWARNING [0m:   DEPRECATED FEATURE: `client_fn` now expects a signature `def client_fn(context: Context)`.The provided `client_fn` has signature: {'cid': <Parameter "cid: str">}. You can import the `Context` like this: `from flwr.common import Context`
[36m(ClientAppActor pid=1044852)[0m 
[36m(ClientAppActor pid=1044852)[0m             This is a deprecated feature. It will be removed
[36m(ClientAppActor pid=1044852)[0m             entirely in future versions of Flower.
[36m(ClientAppActor pid=1044852)[0m         
[36m(ClientAppActor pid=1044852)[0m [93mWARNING [0m:   Deprecation Warning: The `client_fn` function must return an instance of `Client`, but an instance of `NumpyClient` was returned. Please use `NumPyClient.to_client()` method to convert it to `Client`.
[36m(ClientAppActor pid=1044852)[0m [93mWARNING [0m:   DEPRECATED FEATURE: `client_fn` now expects a signature `def client_fn(context: Context)`.The provided `client_fn` has signature: {'cid': <Parameter "cid: str">}. You can import the `Context` like this: `from flwr.common import Context`
[36m(ClientAppActor pid=1044852)[0m 
[36m(ClientAppActor pid=1044852)[0m             This is a deprecated feature. It will be removed
[36m(ClientAppActor pid=1044852)[0m             entirely in future versions of Flower.
[36m(ClientAppActor pid=1044852)[0m         
[36m(ClientAppActor pid=1044852)[0m [93mWARNING [0m:   Deprecation Warning: The `client_fn` function must return an instance of `Client`, but an instance of `NumpyClient` was returned. Please use `NumPyClient.to_client()` method to convert it to `Client`.
[92mINFO [0m:      aggregate_fit: received 2 results and 0 failures
[92mINFO [0m:      fit progress: (9, 0.9072703974587577, {'client0_meanDice': 0.18949727714061737, 'client0_WT': 0.18277952075004578, 'client0_TC': 0.19402632117271423, 'client0_ET': 0.1916859894990921, 'client1_meanDice': 0.11178634315729141, 'client1_WT': 0.13911527395248413, 'client1_TC': 0.12607291340827942, 'client1_ET': 0.07017084211111069, 'global_meanDice': 0.16729415953159332, 'global_WT': 0.17030401527881622, 'global_TC': 0.17461106181144714, 'global_ET': 0.1569673866033554}, 163.08184026833624)
[92mINFO [0m:      configure_evaluate: strategy sampled 2 clients (out of 2)
[36m(ClientAppActor pid=1044852)[0m [93mWARNING [0m:   DEPRECATED FEATURE: `client_fn` now expects a signature `def client_fn(context: Context)`.The provided `client_fn` has signature: {'cid': <Parameter "cid: str">}. You can import the `Context` like this: `from flwr.common import Context`
[36m(ClientAppActor pid=1044852)[0m 
[36m(ClientAppActor pid=1044852)[0m             This is a deprecated feature. It will be removed
[36m(ClientAppActor pid=1044852)[0m             entirely in future versions of Flower.
[36m(ClientAppActor pid=1044852)[0m         
[36m(ClientAppActor pid=1044852)[0m [93mWARNING [0m:   Deprecation Warning: The `client_fn` function must return an instance of `Client`, but an instance of `NumpyClient` was returned. Please use `NumPyClient.to_client()` method to convert it to `Client`.
[36m(ClientAppActor pid=1044852)[0m [93mWARNING [0m:   DEPRECATED FEATURE: `client_fn` now expects a signature `def client_fn(context: Context)`.The provided `client_fn` has signature: {'cid': <Parameter "cid: str">}. You can import the `Context` like this: `from flwr.common import Context`
[36m(ClientAppActor pid=1044852)[0m 
[36m(ClientAppActor pid=1044852)[0m             This is a deprecated feature. It will be removed
[36m(ClientAppActor pid=1044852)[0m             entirely in future versions of Flower.
[36m(ClientAppActor pid=1044852)[0m         
[36m(ClientAppActor pid=1044852)[0m [93mWARNING [0m:   Deprecation Warning: The `client_fn` function must return an instance of `Client`, but an instance of `NumpyClient` was returned. Please use `NumPyClient.to_client()` method to convert it to `Client`.
[92mINFO [0m:      aggregate_evaluate: received 2 results and 0 failures
[92mINFO [0m:      
[92mINFO [0m:      [ROUND 10]
[92mINFO [0m:      configure_fit: strategy sampled 2 clients (out of 2)
[36m(ClientAppActor pid=1044852)[0m [93mWARNING [0m:   DEPRECATED FEATURE: `client_fn` now expects a signature `def client_fn(context: Context)`.The provided `client_fn` has signature: {'cid': <Parameter "cid: str">}. You can import the `Context` like this: `from flwr.common import Context`
[36m(ClientAppActor pid=1044852)[0m 
[36m(ClientAppActor pid=1044852)[0m             This is a deprecated feature. It will be removed
[36m(ClientAppActor pid=1044852)[0m             entirely in future versions of Flower.
[36m(ClientAppActor pid=1044852)[0m         
[36m(ClientAppActor pid=1044852)[0m [93mWARNING [0m:   Deprecation Warning: The `client_fn` function must return an instance of `Client`, but an instance of `NumpyClient` was returned. Please use `NumPyClient.to_client()` method to convert it to `Client`.
[36m(ClientAppActor pid=1044852)[0m [93mWARNING [0m:   DEPRECATED FEATURE: `client_fn` now expects a signature `def client_fn(context: Context)`.The provided `client_fn` has signature: {'cid': <Parameter "cid: str">}. You can import the `Context` like this: `from flwr.common import Context`
[36m(ClientAppActor pid=1044852)[0m 
[36m(ClientAppActor pid=1044852)[0m             This is a deprecated feature. It will be removed
[36m(ClientAppActor pid=1044852)[0m             entirely in future versions of Flower.
[36m(ClientAppActor pid=1044852)[0m         
[36m(ClientAppActor pid=1044852)[0m [93mWARNING [0m:   Deprecation Warning: The `client_fn` function must return an instance of `Client`, but an instance of `NumpyClient` was returned. Please use `NumPyClient.to_client()` method to convert it to `Client`.
[92mINFO [0m:      aggregate_fit: received 2 results and 0 failures
[92mINFO [0m:      fit progress: (10, 0.7276237777301243, {'client0_meanDice': 0.371913343667984, 'client0_WT': 0.3913784623146057, 'client0_TC': 0.34754177927970886, 'client0_ET': 0.37681978940963745, 'client1_meanDice': 0.22730720043182373, 'client1_WT': 0.3078952431678772, 'client1_TC': 0.1963382065296173, 'client1_ET': 0.17768815159797668, 'global_meanDice': 0.33059731125831604, 'global_WT': 0.3675260841846466, 'global_TC': 0.30434077978134155, 'global_ET': 0.3199250400066376}, 180.52921925438568)
[92mINFO [0m:      configure_evaluate: strategy sampled 2 clients (out of 2)
[36m(ClientAppActor pid=1044852)[0m [93mWARNING [0m:   DEPRECATED FEATURE: `client_fn` now expects a signature `def client_fn(context: Context)`.The provided `client_fn` has signature: {'cid': <Parameter "cid: str">}. You can import the `Context` like this: `from flwr.common import Context`
[36m(ClientAppActor pid=1044852)[0m 
[36m(ClientAppActor pid=1044852)[0m             This is a deprecated feature. It will be removed
[36m(ClientAppActor pid=1044852)[0m             entirely in future versions of Flower.
[36m(ClientAppActor pid=1044852)[0m         
[36m(ClientAppActor pid=1044852)[0m [93mWARNING [0m:   Deprecation Warning: The `client_fn` function must return an instance of `Client`, but an instance of `NumpyClient` was returned. Please use `NumPyClient.to_client()` method to convert it to `Client`.
[36m(ClientAppActor pid=1044852)[0m [93mWARNING [0m:   DEPRECATED FEATURE: `client_fn` now expects a signature `def client_fn(context: Context)`.The provided `client_fn` has signature: {'cid': <Parameter "cid: str">}. You can import the `Context` like this: `from flwr.common import Context`
[36m(ClientAppActor pid=1044852)[0m 
[36m(ClientAppActor pid=1044852)[0m             This is a deprecated feature. It will be removed
[36m(ClientAppActor pid=1044852)[0m             entirely in future versions of Flower.
[36m(ClientAppActor pid=1044852)[0m         
[36m(ClientAppActor pid=1044852)[0m [93mWARNING [0m:   Deprecation Warning: The `client_fn` function must return an instance of `Client`, but an instance of `NumpyClient` was returned. Please use `NumPyClient.to_client()` method to convert it to `Client`.
[92mINFO [0m:      aggregate_evaluate: received 2 results and 0 failures
[92mINFO [0m:      
[92mINFO [0m:      [SUMMARY]
[92mINFO [0m:      Run finished 10 round(s) in 182.14s
[92mINFO [0m:      	History (loss, distributed):
[92mINFO [0m:      		round 1: 1.4872596434184484
[92mINFO [0m:      		round 2: 1.2645120450428553
[92mINFO [0m:      		round 3: 1.1488301583698817
[92mINFO [0m:      		round 4: 1.069195304598127
[92mINFO [0m:      		round 5: 0.9884907518114362
[92mINFO [0m:      		round 6: 1.0523889405386788
[92mINFO [0m:      		round 7: 1.0401775326047624
[92mINFO [0m:      		round 8: 0.8283674291202
[92mINFO [0m:      		round 9: 0.9072703974587577
[92mINFO [0m:      		round 10: 0.7276237777301243
[92mINFO [0m:      	History (loss, centralized):
[92mINFO [0m:      		round 0: 1.8244996752057756
[92mINFO [0m:      		round 1: 1.4872596434184484
[92mINFO [0m:      		round 2: 1.2645120450428553
[92mINFO [0m:      		round 3: 1.1488301583698817
[92mINFO [0m:      		round 4: 1.069195304598127
[92mINFO [0m:      		round 5: 0.9884907518114362
[92mINFO [0m:      		round 6: 1.0523889405386788
[92mINFO [0m:      		round 7: 1.0401775326047624
[92mINFO [0m:      		round 8: 0.8283674291202
[92mINFO [0m:      		round 9: 0.9072703974587577
[92mINFO [0m:      		round 10: 0.7276237777301243
[92mINFO [0m:      	History (metrics, centralized):
[92mINFO [0m:      	{'client0_ET': [(0, 0.016891753301024437),
[92mINFO [0m:      	                (1, 0.01471035648137331),
[92mINFO [0m:      	                (2, 0.01905743032693863),
[92mINFO [0m:      	                (3, 0.01715189963579178),
[92mINFO [0m:      	                (4, 0.031368836760520935),
[92mINFO [0m:      	                (5, 0.04691607877612114),
[92mINFO [0m:      	                (6, 0.017410045489668846),
[92mINFO [0m:      	                (7, 0.04290303587913513),
[92mINFO [0m:      	                (8, 0.23451200127601624),
[92mINFO [0m:      	                (9, 0.1916859894990921),
[92mINFO [0m:      	                (10, 0.37681978940963745)],
[92mINFO [0m:      	 'client0_TC': [(0, 0.011913458816707134),
[92mINFO [0m:      	                (1, 0.031381286680698395),
[92mINFO [0m:      	                (2, 0.03434751182794571),
[92mINFO [0m:      	                (3, 0.03145068883895874),
[92mINFO [0m:      	                (4, 0.05067483335733414),
[92mINFO [0m:      	                (5, 0.08832071721553802),
[92mINFO [0m:      	                (6, 0.02653842605650425),
[92mINFO [0m:      	                (7, 0.04112059995532036),
[92mINFO [0m:      	                (8, 0.22224171459674835),
[92mINFO [0m:      	                (9, 0.19402632117271423),
[92mINFO [0m:      	                (10, 0.34754177927970886)],
[92mINFO [0m:      	 'client0_WT': [(0, 0.10211300849914551),
[92mINFO [0m:      	                (1, 0.08125896006822586),
[92mINFO [0m:      	                (2, 0.08748054504394531),
[92mINFO [0m:      	                (3, 0.09133639186620712),
[92mINFO [0m:      	                (4, 0.11579036712646484),
[92mINFO [0m:      	                (5, 0.2112503945827484),
[92mINFO [0m:      	                (6, 0.06434421241283417),
[92mINFO [0m:      	                (7, 0.05449359863996506),
[92mINFO [0m:      	                (8, 0.28274255990982056),
[92mINFO [0m:      	                (9, 0.18277952075004578),
[92mINFO [0m:      	                (10, 0.3913784623146057)],
[92mINFO [0m:      	 'client0_meanDice': [(0, 0.0436394065618515),
[92mINFO [0m:      	                      (1, 0.042450200766325),
[92mINFO [0m:      	                      (2, 0.04696182906627655),
[92mINFO [0m:      	                      (3, 0.046646326780319214),
[92mINFO [0m:      	                      (4, 0.06594467908143997),
[92mINFO [0m:      	                      (5, 0.1154957190155983),
[92mINFO [0m:      	                      (6, 0.036097560077905655),
[92mINFO [0m:      	                      (7, 0.04617241024971008),
[92mINFO [0m:      	                      (8, 0.24649874866008759),
[92mINFO [0m:      	                      (9, 0.18949727714061737),
[92mINFO [0m:      	                      (10, 0.371913343667984)],
[92mINFO [0m:      	 'client1_ET': [(0, 0.019119080156087875),
[92mINFO [0m:      	                (1, 0.015746183693408966),
[92mINFO [0m:      	                (2, 0.019025074318051338),
[92mINFO [0m:      	                (3, 0.01782369054853916),
[92mINFO [0m:      	                (4, 0.02499919943511486),
[92mINFO [0m:      	                (5, 0.033826667815446854),
[92mINFO [0m:      	                (6, 0.017793022096157074),
[92mINFO [0m:      	                (7, 0.0216005127876997),
[92mINFO [0m:      	                (8, 0.1373128890991211),
[92mINFO [0m:      	                (9, 0.07017084211111069),
[92mINFO [0m:      	                (10, 0.17768815159797668)],
[92mINFO [0m:      	 'client1_TC': [(0, 0.01485825702548027),
[92mINFO [0m:      	                (1, 0.04057372361421585),
[92mINFO [0m:      	                (2, 0.0429823212325573),
[92mINFO [0m:      	                (3, 0.040431808680295944),
[92mINFO [0m:      	                (4, 0.05332517623901367),
[92mINFO [0m:      	                (5, 0.08561436831951141),
[92mINFO [0m:      	                (6, 0.05023861303925514),
[92mINFO [0m:      	                (7, 0.05215095356106758),
[92mINFO [0m:      	                (8, 0.18537338078022003),
[92mINFO [0m:      	                (9, 0.12607291340827942),
[92mINFO [0m:      	                (10, 0.1963382065296173)],
[92mINFO [0m:      	 'client1_WT': [(0, 0.08449937403202057),
[92mINFO [0m:      	                (1, 0.06803765892982483),
[92mINFO [0m:      	                (2, 0.07270282506942749),
[92mINFO [0m:      	                (3, 0.07351037114858627),
[92mINFO [0m:      	                (4, 0.08482634276151657),
[92mINFO [0m:      	                (5, 0.13376004993915558),
[92mINFO [0m:      	                (6, 0.06737948954105377),
[92mINFO [0m:      	                (7, 0.06506043672561646),
[92mINFO [0m:      	                (8, 0.23495729267597198),
[92mINFO [0m:      	                (9, 0.13911527395248413),
[92mINFO [0m:      	                (10, 0.3078952431678772)],
[92mINFO [0m:      	 'client1_meanDice': [(0, 0.03949223831295967),
[92mINFO [0m:      	                      (1, 0.041452523320913315),
[92mINFO [0m:      	                      (2, 0.044903408735990524),
[92mINFO [0m:      	                      (3, 0.04392195865511894),
[92mINFO [0m:      	                      (4, 0.05438357591629028),
[92mINFO [0m:      	                      (5, 0.08440036326646805),
[92mINFO [0m:      	                      (6, 0.045137036591768265),
[92mINFO [0m:      	                      (7, 0.04627063497900963),
[92mINFO [0m:      	                      (8, 0.18588118255138397),
[92mINFO [0m:      	                      (9, 0.11178634315729141),
[92mINFO [0m:      	                      (10, 0.22730720043182373)],
[92mINFO [0m:      	 'global_ET': [(0, 0.01752813346683979),
[92mINFO [0m:      	               (1, 0.01500630658119917),
[92mINFO [0m:      	               (2, 0.019048184156417847),
[92mINFO [0m:      	               (3, 0.01734383963048458),
[92mINFO [0m:      	               (4, 0.02954893931746483),
[92mINFO [0m:      	               (5, 0.04317625239491463),
[92mINFO [0m:      	               (6, 0.017519468441605568),
[92mINFO [0m:      	               (7, 0.03681660071015358),
[92mINFO [0m:      	               (8, 0.20674081146717072),
[92mINFO [0m:      	               (9, 0.1569673866033554),
[92mINFO [0m:      	               (10, 0.3199250400066376)],
[92mINFO [0m:      	 'global_TC': [(0, 0.012754829600453377),
[92mINFO [0m:      	               (1, 0.03400769829750061),
[92mINFO [0m:      	               (2, 0.036814603954553604),
[92mINFO [0m:      	               (3, 0.034016720950603485),
[92mINFO [0m:      	               (4, 0.05143207684159279),
[92mINFO [0m:      	               (5, 0.08754747360944748),
[92mINFO [0m:      	               (6, 0.03330990672111511),
[92mINFO [0m:      	               (7, 0.044272128492593765),
[92mINFO [0m:      	               (8, 0.21170790493488312),
[92mINFO [0m:      	               (9, 0.17461106181144714),
[92mINFO [0m:      	               (10, 0.30434077978134155)],
[92mINFO [0m:      	 'global_WT': [(0, 0.0970805361866951),
[92mINFO [0m:      	               (1, 0.07748144865036011),
[92mINFO [0m:      	               (2, 0.08325833827257156),
[92mINFO [0m:      	               (3, 0.08624324947595596),
[92mINFO [0m:      	               (4, 0.10694350302219391),
[92mINFO [0m:      	               (5, 0.18911029398441315),
[92mINFO [0m:      	               (6, 0.06521143019199371),
[92mINFO [0m:      	               (7, 0.05751269310712814),
[92mINFO [0m:      	               (8, 0.26908960938453674),
[92mINFO [0m:      	               (9, 0.17030401527881622),
[92mINFO [0m:      	               (10, 0.3675260841846466)],
[92mINFO [0m:      	 'global_meanDice': [(0, 0.04245449975132942),
[92mINFO [0m:      	                     (1, 0.04216514900326729),
[92mINFO [0m:      	                     (2, 0.04637371003627777),
[92mINFO [0m:      	                     (3, 0.045867934823036194),
[92mINFO [0m:      	                     (4, 0.06264150887727737),
[92mINFO [0m:      	                     (5, 0.10661134123802185),
[92mINFO [0m:      	                     (6, 0.038680266588926315),
[92mINFO [0m:      	                     (7, 0.0462004728615284),
[92mINFO [0m:      	                     (8, 0.22917944192886353),
[92mINFO [0m:      	                     (9, 0.16729415953159332),
[92mINFO [0m:      	                     (10, 0.33059731125831604)]}
[92mINFO [0m:      
