Loading rhel8/default-amp
  Loading requirement: libpciaccess/0.16/gcc-9.4.0-6fonbj6
    libiconv/1.16/gcc-9.4.0-ahebbov libxml2/2.9.12/gcc-9.4.0-gnknt5e
    ncurses/6.2/gcc-9.4.0-aiirok7 hwloc/2.5.0/gcc-9.4.0-7sqomga
    libevent/2.1.12/gcc-9.4.0-hgny7cm numactl/2.0.14/gcc-9.4.0-52dwc6n
    cuda/11.4.0/gcc-9.4.0-3hnxhjt gdrcopy/2.2/gcc-9.4.0-e4igtfp
    knem/1.1.4/gcc-9.4.0-bpbxgva libnl/3.3.0/gcc-9.4.0-whwhrwb
    rdma-core/34.0/gcc-9.4.0-5eo5n2u ucx/1.11.1/gcc-9.4.0-lktqyl4
    openmpi/4.1.1/gcc-9.4.0-epagguv
[93mWARNING [0m:   DEPRECATED FEATURE: flwr.simulation.start_simulation() is deprecated.
	Instead, use the `flwr run` CLI command to start a local simulation in your Flower app, as shown for example below:

		$ flwr new  # Create a new Flower app from a template

		$ flwr run  # Run the Flower app in Simulation Mode

	Using `start_simulation()` is deprecated.

            This is a deprecated feature. It will be removed
            entirely in future versions of Flower.
        
[92mINFO [0m:      Starting Flower simulation, config: num_rounds=10, no round_timeout
2026-01-26 21:33:09,499	INFO worker.py:1771 -- Started a local Ray instance.
[92mINFO [0m:      Flower VCE: Ray initialized with resources: {'accelerator_type:A100': 1.0, 'node:__internal_head__': 1.0, 'CPU': 128.0, 'object_store_memory': 200000000000.0, 'memory': 759739153408.0, 'GPU': 1.0, 'node:10.43.74.52': 1.0}
[92mINFO [0m:      Optimize your simulation with Flower VCE: https://flower.ai/docs/framework/how-to-run-simulations.html
[92mINFO [0m:      Flower VCE: Resources for each Virtual Client: {'num_cpus': 1, 'num_gpus': 1}
[92mINFO [0m:      Flower VCE: Creating VirtualClientEngineActorPool with 1 actors
[92mINFO [0m:      [INIT]
[92mINFO [0m:      Requesting initial parameters from one random client
[36m(ClientAppActor pid=122885)[0m [93mWARNING [0m:   DEPRECATED FEATURE: `client_fn` now expects a signature `def client_fn(context: Context)`.The provided `client_fn` has signature: {'cid': <Parameter "cid: str">}. You can import the `Context` like this: `from flwr.common import Context`
[36m(ClientAppActor pid=122885)[0m 
[36m(ClientAppActor pid=122885)[0m             This is a deprecated feature. It will be removed
[36m(ClientAppActor pid=122885)[0m             entirely in future versions of Flower.
[36m(ClientAppActor pid=122885)[0m         
[92mINFO [0m:      Received initial parameters from one random client
[92mINFO [0m:      Starting evaluation of initial global parameters
[36m(ClientAppActor pid=122885)[0m [93mWARNING [0m:   Deprecation Warning: The `client_fn` function must return an instance of `Client`, but an instance of `NumpyClient` was returned. Please use `NumPyClient.to_client()` method to convert it to `Client`.
[92mINFO [0m:      initial parameters (loss, other metrics): 1.6693330883979798, {'client0_meanDice': 0.03770172968506813, 'client0_WT': 0.06847331672906876, 'client0_TC': 0.028696298599243164, 'client0_ET': 0.015935571864247322, 'client1_meanDice': 0.04941513016819954, 'client1_WT': 0.07979560643434525, 'client1_TC': 0.048327118158340454, 'client1_ET': 0.02012268267571926, 'global_meanDice': 0.042038705199956894, 'global_WT': 0.07310128211975098, 'global_TC': 0.03626931086182594, 'global_ET': 0.016745518893003464}
[92mINFO [0m:      
[92mINFO [0m:      [ROUND 1]
[92mINFO [0m:      configure_fit: strategy sampled 2 clients (out of 2)
[36m(ClientAppActor pid=122885)[0m [93mWARNING [0m:   DEPRECATED FEATURE: `client_fn` now expects a signature `def client_fn(context: Context)`.The provided `client_fn` has signature: {'cid': <Parameter "cid: str">}. You can import the `Context` like this: `from flwr.common import Context`
[36m(ClientAppActor pid=122885)[0m 
[36m(ClientAppActor pid=122885)[0m             This is a deprecated feature. It will be removed
[36m(ClientAppActor pid=122885)[0m             entirely in future versions of Flower.
[36m(ClientAppActor pid=122885)[0m         
[36m(ClientAppActor pid=122885)[0m [93mWARNING [0m:   Deprecation Warning: The `client_fn` function must return an instance of `Client`, but an instance of `NumpyClient` was returned. Please use `NumPyClient.to_client()` method to convert it to `Client`.
[36m(ClientAppActor pid=122885)[0m [93mWARNING [0m:   DEPRECATED FEATURE: `client_fn` now expects a signature `def client_fn(context: Context)`.The provided `client_fn` has signature: {'cid': <Parameter "cid: str">}. You can import the `Context` like this: `from flwr.common import Context`
[36m(ClientAppActor pid=122885)[0m 
[36m(ClientAppActor pid=122885)[0m             This is a deprecated feature. It will be removed
[36m(ClientAppActor pid=122885)[0m             entirely in future versions of Flower.
[36m(ClientAppActor pid=122885)[0m         
[36m(ClientAppActor pid=122885)[0m [93mWARNING [0m:   Deprecation Warning: The `client_fn` function must return an instance of `Client`, but an instance of `NumpyClient` was returned. Please use `NumPyClient.to_client()` method to convert it to `Client`.
[92mINFO [0m:      aggregate_fit: received 2 results and 0 failures
[93mWARNING [0m:   No fit_metrics_aggregation_fn provided
[92mINFO [0m:      fit progress: (1, 1.0254210174083709, {'client0_meanDice': 0.16992191970348358, 'client0_WT': 0.30150702595710754, 'client0_TC': 0.1182742789387703, 'client0_ET': 0.08998442441225052, 'client1_meanDice': 0.2013622522354126, 'client1_WT': 0.3274894058704376, 'client1_TC': 0.17453937232494354, 'client1_ET': 0.10205801576375961, 'global_meanDice': 0.18061669170856476, 'global_WT': 0.3118525445461273, 'global_TC': 0.1393047273159027, 'global_ET': 0.09069283306598663}, 428.27268065791577)
[92mINFO [0m:      configure_evaluate: strategy sampled 2 clients (out of 2)
[36m(ClientAppActor pid=122885)[0m [93mWARNING [0m:   DEPRECATED FEATURE: `client_fn` now expects a signature `def client_fn(context: Context)`.The provided `client_fn` has signature: {'cid': <Parameter "cid: str">}. You can import the `Context` like this: `from flwr.common import Context`
[36m(ClientAppActor pid=122885)[0m 
[36m(ClientAppActor pid=122885)[0m             This is a deprecated feature. It will be removed
[36m(ClientAppActor pid=122885)[0m             entirely in future versions of Flower.
[36m(ClientAppActor pid=122885)[0m         
[36m(ClientAppActor pid=122885)[0m [93mWARNING [0m:   Deprecation Warning: The `client_fn` function must return an instance of `Client`, but an instance of `NumpyClient` was returned. Please use `NumPyClient.to_client()` method to convert it to `Client`.
[36m(ClientAppActor pid=122885)[0m [93mWARNING [0m:   DEPRECATED FEATURE: `client_fn` now expects a signature `def client_fn(context: Context)`.The provided `client_fn` has signature: {'cid': <Parameter "cid: str">}. You can import the `Context` like this: `from flwr.common import Context`
[36m(ClientAppActor pid=122885)[0m 
[36m(ClientAppActor pid=122885)[0m             This is a deprecated feature. It will be removed
[36m(ClientAppActor pid=122885)[0m             entirely in future versions of Flower.
[36m(ClientAppActor pid=122885)[0m         
[36m(ClientAppActor pid=122885)[0m [93mWARNING [0m:   Deprecation Warning: The `client_fn` function must return an instance of `Client`, but an instance of `NumpyClient` was returned. Please use `NumPyClient.to_client()` method to convert it to `Client`.
[92mINFO [0m:      aggregate_evaluate: received 2 results and 0 failures
[93mWARNING [0m:   No evaluate_metrics_aggregation_fn provided
[92mINFO [0m:      
[92mINFO [0m:      [ROUND 2]
[92mINFO [0m:      configure_fit: strategy sampled 2 clients (out of 2)
[36m(ClientAppActor pid=122885)[0m [93mWARNING [0m:   DEPRECATED FEATURE: `client_fn` now expects a signature `def client_fn(context: Context)`.The provided `client_fn` has signature: {'cid': <Parameter "cid: str">}. You can import the `Context` like this: `from flwr.common import Context`
[36m(ClientAppActor pid=122885)[0m 
[36m(ClientAppActor pid=122885)[0m             This is a deprecated feature. It will be removed
[36m(ClientAppActor pid=122885)[0m             entirely in future versions of Flower.
[36m(ClientAppActor pid=122885)[0m         
[36m(ClientAppActor pid=122885)[0m [93mWARNING [0m:   Deprecation Warning: The `client_fn` function must return an instance of `Client`, but an instance of `NumpyClient` was returned. Please use `NumPyClient.to_client()` method to convert it to `Client`.
[36m(ClientAppActor pid=122885)[0m [93mWARNING [0m:   DEPRECATED FEATURE: `client_fn` now expects a signature `def client_fn(context: Context)`.The provided `client_fn` has signature: {'cid': <Parameter "cid: str">}. You can import the `Context` like this: `from flwr.common import Context`
[36m(ClientAppActor pid=122885)[0m 
[36m(ClientAppActor pid=122885)[0m             This is a deprecated feature. It will be removed
[36m(ClientAppActor pid=122885)[0m             entirely in future versions of Flower.
[36m(ClientAppActor pid=122885)[0m         
[36m(ClientAppActor pid=122885)[0m [93mWARNING [0m:   Deprecation Warning: The `client_fn` function must return an instance of `Client`, but an instance of `NumpyClient` was returned. Please use `NumPyClient.to_client()` method to convert it to `Client`.
[92mINFO [0m:      aggregate_fit: received 2 results and 0 failures
[92mINFO [0m:      fit progress: (2, 0.43674416840076447, {'client0_meanDice': 0.6021324992179871, 'client0_WT': 0.7403184771537781, 'client0_TC': 0.5004019141197205, 'client0_ET': 0.5656770467758179, 'client1_meanDice': 0.5961942672729492, 'client1_WT': 0.7520084381103516, 'client1_TC': 0.5012823939323425, 'client1_ET': 0.5352919101715088, 'global_meanDice': 0.5944957733154297, 'global_WT': 0.7466453313827515, 'global_TC': 0.49901366233825684, 'global_ET': 0.537828266620636}, 697.3997022751719)
[92mINFO [0m:      configure_evaluate: strategy sampled 2 clients (out of 2)
[36m(ClientAppActor pid=122885)[0m [93mWARNING [0m:   DEPRECATED FEATURE: `client_fn` now expects a signature `def client_fn(context: Context)`.The provided `client_fn` has signature: {'cid': <Parameter "cid: str">}. You can import the `Context` like this: `from flwr.common import Context`
[36m(ClientAppActor pid=122885)[0m 
[36m(ClientAppActor pid=122885)[0m             This is a deprecated feature. It will be removed
[36m(ClientAppActor pid=122885)[0m             entirely in future versions of Flower.
[36m(ClientAppActor pid=122885)[0m         
[36m(ClientAppActor pid=122885)[0m [93mWARNING [0m:   Deprecation Warning: The `client_fn` function must return an instance of `Client`, but an instance of `NumpyClient` was returned. Please use `NumPyClient.to_client()` method to convert it to `Client`.
[36m(ClientAppActor pid=122885)[0m [93mWARNING [0m:   DEPRECATED FEATURE: `client_fn` now expects a signature `def client_fn(context: Context)`.The provided `client_fn` has signature: {'cid': <Parameter "cid: str">}. You can import the `Context` like this: `from flwr.common import Context`
[36m(ClientAppActor pid=122885)[0m 
[36m(ClientAppActor pid=122885)[0m             This is a deprecated feature. It will be removed
[36m(ClientAppActor pid=122885)[0m             entirely in future versions of Flower.
[36m(ClientAppActor pid=122885)[0m         
[36m(ClientAppActor pid=122885)[0m [93mWARNING [0m:   Deprecation Warning: The `client_fn` function must return an instance of `Client`, but an instance of `NumpyClient` was returned. Please use `NumPyClient.to_client()` method to convert it to `Client`.
[92mINFO [0m:      aggregate_evaluate: received 2 results and 0 failures
[92mINFO [0m:      
[92mINFO [0m:      [ROUND 3]
[92mINFO [0m:      configure_fit: strategy sampled 2 clients (out of 2)
[36m(ClientAppActor pid=122885)[0m [93mWARNING [0m:   DEPRECATED FEATURE: `client_fn` now expects a signature `def client_fn(context: Context)`.The provided `client_fn` has signature: {'cid': <Parameter "cid: str">}. You can import the `Context` like this: `from flwr.common import Context`
[36m(ClientAppActor pid=122885)[0m 
[36m(ClientAppActor pid=122885)[0m             This is a deprecated feature. It will be removed
[36m(ClientAppActor pid=122885)[0m             entirely in future versions of Flower.
[36m(ClientAppActor pid=122885)[0m         
[36m(ClientAppActor pid=122885)[0m [93mWARNING [0m:   Deprecation Warning: The `client_fn` function must return an instance of `Client`, but an instance of `NumpyClient` was returned. Please use `NumPyClient.to_client()` method to convert it to `Client`.
[36m(ClientAppActor pid=122885)[0m [93mWARNING [0m:   DEPRECATED FEATURE: `client_fn` now expects a signature `def client_fn(context: Context)`.The provided `client_fn` has signature: {'cid': <Parameter "cid: str">}. You can import the `Context` like this: `from flwr.common import Context`
[36m(ClientAppActor pid=122885)[0m 
[36m(ClientAppActor pid=122885)[0m             This is a deprecated feature. It will be removed
[36m(ClientAppActor pid=122885)[0m             entirely in future versions of Flower.
[36m(ClientAppActor pid=122885)[0m         
[36m(ClientAppActor pid=122885)[0m [93mWARNING [0m:   Deprecation Warning: The `client_fn` function must return an instance of `Client`, but an instance of `NumpyClient` was returned. Please use `NumPyClient.to_client()` method to convert it to `Client`.
[92mINFO [0m:      aggregate_fit: received 2 results and 0 failures
[92mINFO [0m:      fit progress: (3, 0.20498470589518547, {'client0_meanDice': 0.8345951437950134, 'client0_WT': 0.8587883710861206, 'client0_TC': 0.8121328353881836, 'client0_ET': 0.8328642249107361, 'client1_meanDice': 0.8124017715454102, 'client1_WT': 0.8662722706794739, 'client1_TC': 0.7717812657356262, 'client1_ET': 0.7991518974304199, 'global_meanDice': 0.8172975182533264, 'global_WT': 0.8627445101737976, 'global_TC': 0.7842424511909485, 'global_ET': 0.8049057126045227}, 925.4536759559996)
[92mINFO [0m:      configure_evaluate: strategy sampled 2 clients (out of 2)
[36m(ClientAppActor pid=122885)[0m [93mWARNING [0m:   DEPRECATED FEATURE: `client_fn` now expects a signature `def client_fn(context: Context)`.The provided `client_fn` has signature: {'cid': <Parameter "cid: str">}. You can import the `Context` like this: `from flwr.common import Context`
[36m(ClientAppActor pid=122885)[0m 
[36m(ClientAppActor pid=122885)[0m             This is a deprecated feature. It will be removed
[36m(ClientAppActor pid=122885)[0m             entirely in future versions of Flower.
[36m(ClientAppActor pid=122885)[0m         
[36m(ClientAppActor pid=122885)[0m [93mWARNING [0m:   Deprecation Warning: The `client_fn` function must return an instance of `Client`, but an instance of `NumpyClient` was returned. Please use `NumPyClient.to_client()` method to convert it to `Client`.
[36m(ClientAppActor pid=122885)[0m [93mWARNING [0m:   DEPRECATED FEATURE: `client_fn` now expects a signature `def client_fn(context: Context)`.The provided `client_fn` has signature: {'cid': <Parameter "cid: str">}. You can import the `Context` like this: `from flwr.common import Context`
[36m(ClientAppActor pid=122885)[0m 
[36m(ClientAppActor pid=122885)[0m             This is a deprecated feature. It will be removed
[36m(ClientAppActor pid=122885)[0m             entirely in future versions of Flower.
[36m(ClientAppActor pid=122885)[0m         
[36m(ClientAppActor pid=122885)[0m [93mWARNING [0m:   Deprecation Warning: The `client_fn` function must return an instance of `Client`, but an instance of `NumpyClient` was returned. Please use `NumPyClient.to_client()` method to convert it to `Client`.
[92mINFO [0m:      aggregate_evaluate: received 2 results and 0 failures
[92mINFO [0m:      
[92mINFO [0m:      [ROUND 4]
[92mINFO [0m:      configure_fit: strategy sampled 2 clients (out of 2)
[36m(ClientAppActor pid=122885)[0m [93mWARNING [0m:   DEPRECATED FEATURE: `client_fn` now expects a signature `def client_fn(context: Context)`.The provided `client_fn` has signature: {'cid': <Parameter "cid: str">}. You can import the `Context` like this: `from flwr.common import Context`
[36m(ClientAppActor pid=122885)[0m 
[36m(ClientAppActor pid=122885)[0m             This is a deprecated feature. It will be removed
[36m(ClientAppActor pid=122885)[0m             entirely in future versions of Flower.
[36m(ClientAppActor pid=122885)[0m         
[36m(ClientAppActor pid=122885)[0m [93mWARNING [0m:   Deprecation Warning: The `client_fn` function must return an instance of `Client`, but an instance of `NumpyClient` was returned. Please use `NumPyClient.to_client()` method to convert it to `Client`.
[36m(ClientAppActor pid=122885)[0m [93mWARNING [0m:   DEPRECATED FEATURE: `client_fn` now expects a signature `def client_fn(context: Context)`.The provided `client_fn` has signature: {'cid': <Parameter "cid: str">}. You can import the `Context` like this: `from flwr.common import Context`
[36m(ClientAppActor pid=122885)[0m 
[36m(ClientAppActor pid=122885)[0m             This is a deprecated feature. It will be removed
[36m(ClientAppActor pid=122885)[0m             entirely in future versions of Flower.
[36m(ClientAppActor pid=122885)[0m         
[36m(ClientAppActor pid=122885)[0m [93mWARNING [0m:   Deprecation Warning: The `client_fn` function must return an instance of `Client`, but an instance of `NumpyClient` was returned. Please use `NumPyClient.to_client()` method to convert it to `Client`.
[92mINFO [0m:      aggregate_fit: received 2 results and 0 failures
[92mINFO [0m:      fit progress: (4, 0.2052122637629509, {'client0_meanDice': 0.8398072123527527, 'client0_WT': 0.9094334244728088, 'client0_TC': 0.8048334717750549, 'client0_ET': 0.8051546216011047, 'client1_meanDice': 0.8323452472686768, 'client1_WT': 0.9105280041694641, 'client1_TC': 0.8416233062744141, 'client1_ET': 0.7448844909667969, 'global_meanDice': 0.8215057253837585, 'global_WT': 0.9079793691635132, 'global_TC': 0.8071443438529968, 'global_ET': 0.7493935823440552}, 1148.7697069081478)
[92mINFO [0m:      configure_evaluate: strategy sampled 2 clients (out of 2)
[36m(ClientAppActor pid=122885)[0m [93mWARNING [0m:   DEPRECATED FEATURE: `client_fn` now expects a signature `def client_fn(context: Context)`.The provided `client_fn` has signature: {'cid': <Parameter "cid: str">}. You can import the `Context` like this: `from flwr.common import Context`
[36m(ClientAppActor pid=122885)[0m 
[36m(ClientAppActor pid=122885)[0m             This is a deprecated feature. It will be removed
[36m(ClientAppActor pid=122885)[0m             entirely in future versions of Flower.
[36m(ClientAppActor pid=122885)[0m         
[36m(ClientAppActor pid=122885)[0m [93mWARNING [0m:   Deprecation Warning: The `client_fn` function must return an instance of `Client`, but an instance of `NumpyClient` was returned. Please use `NumPyClient.to_client()` method to convert it to `Client`.
[36m(ClientAppActor pid=122885)[0m [93mWARNING [0m:   DEPRECATED FEATURE: `client_fn` now expects a signature `def client_fn(context: Context)`.The provided `client_fn` has signature: {'cid': <Parameter "cid: str">}. You can import the `Context` like this: `from flwr.common import Context`
[36m(ClientAppActor pid=122885)[0m 
[36m(ClientAppActor pid=122885)[0m             This is a deprecated feature. It will be removed
[36m(ClientAppActor pid=122885)[0m             entirely in future versions of Flower.
[36m(ClientAppActor pid=122885)[0m         
[36m(ClientAppActor pid=122885)[0m [93mWARNING [0m:   Deprecation Warning: The `client_fn` function must return an instance of `Client`, but an instance of `NumpyClient` was returned. Please use `NumPyClient.to_client()` method to convert it to `Client`.
[92mINFO [0m:      aggregate_evaluate: received 2 results and 0 failures
[92mINFO [0m:      
[92mINFO [0m:      [ROUND 5]
[92mINFO [0m:      configure_fit: strategy sampled 2 clients (out of 2)
[36m(ClientAppActor pid=122885)[0m [93mWARNING [0m:   DEPRECATED FEATURE: `client_fn` now expects a signature `def client_fn(context: Context)`.The provided `client_fn` has signature: {'cid': <Parameter "cid: str">}. You can import the `Context` like this: `from flwr.common import Context`
[36m(ClientAppActor pid=122885)[0m 
[36m(ClientAppActor pid=122885)[0m             This is a deprecated feature. It will be removed
[36m(ClientAppActor pid=122885)[0m             entirely in future versions of Flower.
[36m(ClientAppActor pid=122885)[0m         
[36m(ClientAppActor pid=122885)[0m [93mWARNING [0m:   Deprecation Warning: The `client_fn` function must return an instance of `Client`, but an instance of `NumpyClient` was returned. Please use `NumPyClient.to_client()` method to convert it to `Client`.
[36m(ClientAppActor pid=122885)[0m [93mWARNING [0m:   DEPRECATED FEATURE: `client_fn` now expects a signature `def client_fn(context: Context)`.The provided `client_fn` has signature: {'cid': <Parameter "cid: str">}. You can import the `Context` like this: `from flwr.common import Context`
[36m(ClientAppActor pid=122885)[0m 
[36m(ClientAppActor pid=122885)[0m             This is a deprecated feature. It will be removed
[36m(ClientAppActor pid=122885)[0m             entirely in future versions of Flower.
[36m(ClientAppActor pid=122885)[0m         
[36m(ClientAppActor pid=122885)[0m [93mWARNING [0m:   Deprecation Warning: The `client_fn` function must return an instance of `Client`, but an instance of `NumpyClient` was returned. Please use `NumPyClient.to_client()` method to convert it to `Client`.
[92mINFO [0m:      aggregate_fit: received 2 results and 0 failures
[92mINFO [0m:      fit progress: (5, 0.14210159070789813, {'client0_meanDice': 0.8972662091255188, 'client0_WT': 0.917930006980896, 'client0_TC': 0.8816351294517517, 'client0_ET': 0.8922334909439087, 'client1_meanDice': 0.8740858435630798, 'client1_WT': 0.9274015426635742, 'client1_TC': 0.8615497946739197, 'client1_ET': 0.8333061337471008, 'global_meanDice': 0.8762795329093933, 'global_WT': 0.9204161763191223, 'global_TC': 0.8628683090209961, 'global_ET': 0.8455540537834167}, 1492.0928880739957)
[92mINFO [0m:      configure_evaluate: strategy sampled 2 clients (out of 2)
[36m(ClientAppActor pid=122885)[0m [93mWARNING [0m:   DEPRECATED FEATURE: `client_fn` now expects a signature `def client_fn(context: Context)`.The provided `client_fn` has signature: {'cid': <Parameter "cid: str">}. You can import the `Context` like this: `from flwr.common import Context`
[36m(ClientAppActor pid=122885)[0m 
[36m(ClientAppActor pid=122885)[0m             This is a deprecated feature. It will be removed
[36m(ClientAppActor pid=122885)[0m             entirely in future versions of Flower.
[36m(ClientAppActor pid=122885)[0m         
[36m(ClientAppActor pid=122885)[0m [93mWARNING [0m:   Deprecation Warning: The `client_fn` function must return an instance of `Client`, but an instance of `NumpyClient` was returned. Please use `NumPyClient.to_client()` method to convert it to `Client`.
[36m(ClientAppActor pid=122885)[0m [93mWARNING [0m:   DEPRECATED FEATURE: `client_fn` now expects a signature `def client_fn(context: Context)`.The provided `client_fn` has signature: {'cid': <Parameter "cid: str">}. You can import the `Context` like this: `from flwr.common import Context`
[36m(ClientAppActor pid=122885)[0m 
[36m(ClientAppActor pid=122885)[0m             This is a deprecated feature. It will be removed
[36m(ClientAppActor pid=122885)[0m             entirely in future versions of Flower.
[36m(ClientAppActor pid=122885)[0m         
[36m(ClientAppActor pid=122885)[0m [93mWARNING [0m:   Deprecation Warning: The `client_fn` function must return an instance of `Client`, but an instance of `NumpyClient` was returned. Please use `NumPyClient.to_client()` method to convert it to `Client`.
[92mINFO [0m:      aggregate_evaluate: received 2 results and 0 failures
[92mINFO [0m:      
[92mINFO [0m:      [ROUND 6]
[92mINFO [0m:      configure_fit: strategy sampled 2 clients (out of 2)
[36m(ClientAppActor pid=122885)[0m [93mWARNING [0m:   DEPRECATED FEATURE: `client_fn` now expects a signature `def client_fn(context: Context)`.The provided `client_fn` has signature: {'cid': <Parameter "cid: str">}. You can import the `Context` like this: `from flwr.common import Context`
[36m(ClientAppActor pid=122885)[0m 
[36m(ClientAppActor pid=122885)[0m             This is a deprecated feature. It will be removed
[36m(ClientAppActor pid=122885)[0m             entirely in future versions of Flower.
[36m(ClientAppActor pid=122885)[0m         
[36m(ClientAppActor pid=122885)[0m [93mWARNING [0m:   Deprecation Warning: The `client_fn` function must return an instance of `Client`, but an instance of `NumpyClient` was returned. Please use `NumPyClient.to_client()` method to convert it to `Client`.
[36m(ClientAppActor pid=122885)[0m [93mWARNING [0m:   DEPRECATED FEATURE: `client_fn` now expects a signature `def client_fn(context: Context)`.The provided `client_fn` has signature: {'cid': <Parameter "cid: str">}. You can import the `Context` like this: `from flwr.common import Context`
[36m(ClientAppActor pid=122885)[0m 
[36m(ClientAppActor pid=122885)[0m             This is a deprecated feature. It will be removed
[36m(ClientAppActor pid=122885)[0m             entirely in future versions of Flower.
[36m(ClientAppActor pid=122885)[0m         
[36m(ClientAppActor pid=122885)[0m [93mWARNING [0m:   Deprecation Warning: The `client_fn` function must return an instance of `Client`, but an instance of `NumpyClient` was returned. Please use `NumPyClient.to_client()` method to convert it to `Client`.
[92mINFO [0m:      aggregate_fit: received 2 results and 0 failures
[92mINFO [0m:      fit progress: (6, 0.14937556460499762, {'client0_meanDice': 0.8958504796028137, 'client0_WT': 0.9206140637397766, 'client0_TC': 0.901055634021759, 'client0_ET': 0.8658819198608398, 'client1_meanDice': 0.8459331393241882, 'client1_WT': 0.917639970779419, 'client1_TC': 0.816551148891449, 'client1_ET': 0.8036081790924072, 'global_meanDice': 0.870482861995697, 'global_WT': 0.9203411340713501, 'global_TC': 0.8562019467353821, 'global_ET': 0.8349054455757141}, 1766.4956258120947)
[92mINFO [0m:      configure_evaluate: strategy sampled 2 clients (out of 2)
[36m(ClientAppActor pid=122885)[0m [93mWARNING [0m:   DEPRECATED FEATURE: `client_fn` now expects a signature `def client_fn(context: Context)`.The provided `client_fn` has signature: {'cid': <Parameter "cid: str">}. You can import the `Context` like this: `from flwr.common import Context`
[36m(ClientAppActor pid=122885)[0m 
[36m(ClientAppActor pid=122885)[0m             This is a deprecated feature. It will be removed
[36m(ClientAppActor pid=122885)[0m             entirely in future versions of Flower.
[36m(ClientAppActor pid=122885)[0m         
[36m(ClientAppActor pid=122885)[0m [93mWARNING [0m:   Deprecation Warning: The `client_fn` function must return an instance of `Client`, but an instance of `NumpyClient` was returned. Please use `NumPyClient.to_client()` method to convert it to `Client`.
[36m(ClientAppActor pid=122885)[0m [93mWARNING [0m:   DEPRECATED FEATURE: `client_fn` now expects a signature `def client_fn(context: Context)`.The provided `client_fn` has signature: {'cid': <Parameter "cid: str">}. You can import the `Context` like this: `from flwr.common import Context`
[36m(ClientAppActor pid=122885)[0m 
[36m(ClientAppActor pid=122885)[0m             This is a deprecated feature. It will be removed
[36m(ClientAppActor pid=122885)[0m             entirely in future versions of Flower.
[36m(ClientAppActor pid=122885)[0m         
[36m(ClientAppActor pid=122885)[0m [93mWARNING [0m:   Deprecation Warning: The `client_fn` function must return an instance of `Client`, but an instance of `NumpyClient` was returned. Please use `NumPyClient.to_client()` method to convert it to `Client`.
[92mINFO [0m:      aggregate_evaluate: received 2 results and 0 failures
[92mINFO [0m:      
[92mINFO [0m:      [ROUND 7]
[92mINFO [0m:      configure_fit: strategy sampled 2 clients (out of 2)
[36m(ClientAppActor pid=122885)[0m [93mWARNING [0m:   DEPRECATED FEATURE: `client_fn` now expects a signature `def client_fn(context: Context)`.The provided `client_fn` has signature: {'cid': <Parameter "cid: str">}. You can import the `Context` like this: `from flwr.common import Context`
[36m(ClientAppActor pid=122885)[0m 
[36m(ClientAppActor pid=122885)[0m             This is a deprecated feature. It will be removed
[36m(ClientAppActor pid=122885)[0m             entirely in future versions of Flower.
[36m(ClientAppActor pid=122885)[0m         
[36m(ClientAppActor pid=122885)[0m [93mWARNING [0m:   Deprecation Warning: The `client_fn` function must return an instance of `Client`, but an instance of `NumpyClient` was returned. Please use `NumPyClient.to_client()` method to convert it to `Client`.
[36m(ClientAppActor pid=122885)[0m [93mWARNING [0m:   DEPRECATED FEATURE: `client_fn` now expects a signature `def client_fn(context: Context)`.The provided `client_fn` has signature: {'cid': <Parameter "cid: str">}. You can import the `Context` like this: `from flwr.common import Context`
[36m(ClientAppActor pid=122885)[0m 
[36m(ClientAppActor pid=122885)[0m             This is a deprecated feature. It will be removed
[36m(ClientAppActor pid=122885)[0m             entirely in future versions of Flower.
[36m(ClientAppActor pid=122885)[0m         
[36m(ClientAppActor pid=122885)[0m [93mWARNING [0m:   Deprecation Warning: The `client_fn` function must return an instance of `Client`, but an instance of `NumpyClient` was returned. Please use `NumPyClient.to_client()` method to convert it to `Client`.
[92mINFO [0m:      aggregate_fit: received 2 results and 0 failures
[92mINFO [0m:      fit progress: (7, 0.13931658491492271, {'client0_meanDice': 0.9130001664161682, 'client0_WT': 0.9208264350891113, 'client0_TC': 0.9311874508857727, 'client0_ET': 0.8869867324829102, 'client1_meanDice': 0.8649947643280029, 'client1_WT': 0.9281797409057617, 'client1_TC': 0.8390607833862305, 'client1_ET': 0.8277438282966614, 'global_meanDice': 0.8807074427604675, 'global_WT': 0.9222127795219421, 'global_TC': 0.8826518058776855, 'global_ET': 0.8372576832771301}, 2011.8146720412187)
[92mINFO [0m:      configure_evaluate: strategy sampled 2 clients (out of 2)
[36m(ClientAppActor pid=122885)[0m [93mWARNING [0m:   DEPRECATED FEATURE: `client_fn` now expects a signature `def client_fn(context: Context)`.The provided `client_fn` has signature: {'cid': <Parameter "cid: str">}. You can import the `Context` like this: `from flwr.common import Context`
[36m(ClientAppActor pid=122885)[0m 
[36m(ClientAppActor pid=122885)[0m             This is a deprecated feature. It will be removed
[36m(ClientAppActor pid=122885)[0m             entirely in future versions of Flower.
[36m(ClientAppActor pid=122885)[0m         
[36m(ClientAppActor pid=122885)[0m [93mWARNING [0m:   Deprecation Warning: The `client_fn` function must return an instance of `Client`, but an instance of `NumpyClient` was returned. Please use `NumPyClient.to_client()` method to convert it to `Client`.
[36m(ClientAppActor pid=122885)[0m [93mWARNING [0m:   DEPRECATED FEATURE: `client_fn` now expects a signature `def client_fn(context: Context)`.The provided `client_fn` has signature: {'cid': <Parameter "cid: str">}. You can import the `Context` like this: `from flwr.common import Context`
[36m(ClientAppActor pid=122885)[0m 
[36m(ClientAppActor pid=122885)[0m             This is a deprecated feature. It will be removed
[36m(ClientAppActor pid=122885)[0m             entirely in future versions of Flower.
[36m(ClientAppActor pid=122885)[0m         
[36m(ClientAppActor pid=122885)[0m [93mWARNING [0m:   Deprecation Warning: The `client_fn` function must return an instance of `Client`, but an instance of `NumpyClient` was returned. Please use `NumPyClient.to_client()` method to convert it to `Client`.
[92mINFO [0m:      aggregate_evaluate: received 2 results and 0 failures
[92mINFO [0m:      
[92mINFO [0m:      [ROUND 8]
[92mINFO [0m:      configure_fit: strategy sampled 2 clients (out of 2)
[36m(ClientAppActor pid=122885)[0m [93mWARNING [0m:   DEPRECATED FEATURE: `client_fn` now expects a signature `def client_fn(context: Context)`.The provided `client_fn` has signature: {'cid': <Parameter "cid: str">}. You can import the `Context` like this: `from flwr.common import Context`
[36m(ClientAppActor pid=122885)[0m 
[36m(ClientAppActor pid=122885)[0m             This is a deprecated feature. It will be removed
[36m(ClientAppActor pid=122885)[0m             entirely in future versions of Flower.
[36m(ClientAppActor pid=122885)[0m         
[36m(ClientAppActor pid=122885)[0m [93mWARNING [0m:   Deprecation Warning: The `client_fn` function must return an instance of `Client`, but an instance of `NumpyClient` was returned. Please use `NumPyClient.to_client()` method to convert it to `Client`.
[36m(ClientAppActor pid=122885)[0m [93mWARNING [0m:   DEPRECATED FEATURE: `client_fn` now expects a signature `def client_fn(context: Context)`.The provided `client_fn` has signature: {'cid': <Parameter "cid: str">}. You can import the `Context` like this: `from flwr.common import Context`
[36m(ClientAppActor pid=122885)[0m 
[36m(ClientAppActor pid=122885)[0m             This is a deprecated feature. It will be removed
[36m(ClientAppActor pid=122885)[0m             entirely in future versions of Flower.
[36m(ClientAppActor pid=122885)[0m         
[36m(ClientAppActor pid=122885)[0m [93mWARNING [0m:   Deprecation Warning: The `client_fn` function must return an instance of `Client`, but an instance of `NumpyClient` was returned. Please use `NumPyClient.to_client()` method to convert it to `Client`.
[92mINFO [0m:      aggregate_fit: received 2 results and 0 failures
[92mINFO [0m:      fit progress: (8, 0.13783046044409275, {'client0_meanDice': 0.9078299403190613, 'client0_WT': 0.9194017052650452, 'client0_TC': 0.9162548780441284, 'client0_ET': 0.8878331780433655, 'client1_meanDice': 0.8697385191917419, 'client1_WT': 0.9289363026618958, 'client1_TC': 0.8255017399787903, 'client1_ET': 0.8547773957252502, 'global_meanDice': 0.8826050758361816, 'global_WT': 0.9217421412467957, 'global_TC': 0.8571925163269043, 'global_ET': 0.8688806295394897}, 2315.6747007630765)
[92mINFO [0m:      configure_evaluate: strategy sampled 2 clients (out of 2)
[36m(ClientAppActor pid=122885)[0m [93mWARNING [0m:   DEPRECATED FEATURE: `client_fn` now expects a signature `def client_fn(context: Context)`.The provided `client_fn` has signature: {'cid': <Parameter "cid: str">}. You can import the `Context` like this: `from flwr.common import Context`
[36m(ClientAppActor pid=122885)[0m 
[36m(ClientAppActor pid=122885)[0m             This is a deprecated feature. It will be removed
[36m(ClientAppActor pid=122885)[0m             entirely in future versions of Flower.
[36m(ClientAppActor pid=122885)[0m         
[36m(ClientAppActor pid=122885)[0m [93mWARNING [0m:   Deprecation Warning: The `client_fn` function must return an instance of `Client`, but an instance of `NumpyClient` was returned. Please use `NumPyClient.to_client()` method to convert it to `Client`.
[36m(ClientAppActor pid=122885)[0m [93mWARNING [0m:   DEPRECATED FEATURE: `client_fn` now expects a signature `def client_fn(context: Context)`.The provided `client_fn` has signature: {'cid': <Parameter "cid: str">}. You can import the `Context` like this: `from flwr.common import Context`
[36m(ClientAppActor pid=122885)[0m 
[36m(ClientAppActor pid=122885)[0m             This is a deprecated feature. It will be removed
[36m(ClientAppActor pid=122885)[0m             entirely in future versions of Flower.
[36m(ClientAppActor pid=122885)[0m         
[36m(ClientAppActor pid=122885)[0m [93mWARNING [0m:   Deprecation Warning: The `client_fn` function must return an instance of `Client`, but an instance of `NumpyClient` was returned. Please use `NumPyClient.to_client()` method to convert it to `Client`.
[92mINFO [0m:      aggregate_evaluate: received 2 results and 0 failures
[92mINFO [0m:      
[92mINFO [0m:      [ROUND 9]
[92mINFO [0m:      configure_fit: strategy sampled 2 clients (out of 2)
[36m(ClientAppActor pid=122885)[0m [93mWARNING [0m:   DEPRECATED FEATURE: `client_fn` now expects a signature `def client_fn(context: Context)`.The provided `client_fn` has signature: {'cid': <Parameter "cid: str">}. You can import the `Context` like this: `from flwr.common import Context`
[36m(ClientAppActor pid=122885)[0m 
[36m(ClientAppActor pid=122885)[0m             This is a deprecated feature. It will be removed
[36m(ClientAppActor pid=122885)[0m             entirely in future versions of Flower.
[36m(ClientAppActor pid=122885)[0m         
[36m(ClientAppActor pid=122885)[0m [93mWARNING [0m:   Deprecation Warning: The `client_fn` function must return an instance of `Client`, but an instance of `NumpyClient` was returned. Please use `NumPyClient.to_client()` method to convert it to `Client`.
[36m(ClientAppActor pid=122885)[0m [93mWARNING [0m:   DEPRECATED FEATURE: `client_fn` now expects a signature `def client_fn(context: Context)`.The provided `client_fn` has signature: {'cid': <Parameter "cid: str">}. You can import the `Context` like this: `from flwr.common import Context`
[36m(ClientAppActor pid=122885)[0m 
[36m(ClientAppActor pid=122885)[0m             This is a deprecated feature. It will be removed
[36m(ClientAppActor pid=122885)[0m             entirely in future versions of Flower.
[36m(ClientAppActor pid=122885)[0m         
[36m(ClientAppActor pid=122885)[0m [93mWARNING [0m:   Deprecation Warning: The `client_fn` function must return an instance of `Client`, but an instance of `NumpyClient` was returned. Please use `NumPyClient.to_client()` method to convert it to `Client`.
[92mINFO [0m:      aggregate_fit: received 2 results and 0 failures
[92mINFO [0m:      fit progress: (9, 0.14003265649080276, {'client0_meanDice': 0.8969795107841492, 'client0_WT': 0.9152848124504089, 'client0_TC': 0.8926392793655396, 'client0_ET': 0.8830143213272095, 'client1_meanDice': 0.8792105317115784, 'client1_WT': 0.9278197288513184, 'client1_TC': 0.859610378742218, 'client1_ET': 0.8502015471458435, 'global_meanDice': 0.8801343441009521, 'global_WT': 0.9180803298950195, 'global_TC': 0.8694432973861694, 'global_ET': 0.8528794050216675}, 2586.17676777998)
[92mINFO [0m:      configure_evaluate: strategy sampled 2 clients (out of 2)
[36m(ClientAppActor pid=122885)[0m [93mWARNING [0m:   DEPRECATED FEATURE: `client_fn` now expects a signature `def client_fn(context: Context)`.The provided `client_fn` has signature: {'cid': <Parameter "cid: str">}. You can import the `Context` like this: `from flwr.common import Context`
[36m(ClientAppActor pid=122885)[0m 
[36m(ClientAppActor pid=122885)[0m             This is a deprecated feature. It will be removed
[36m(ClientAppActor pid=122885)[0m             entirely in future versions of Flower.
[36m(ClientAppActor pid=122885)[0m         
[36m(ClientAppActor pid=122885)[0m [93mWARNING [0m:   Deprecation Warning: The `client_fn` function must return an instance of `Client`, but an instance of `NumpyClient` was returned. Please use `NumPyClient.to_client()` method to convert it to `Client`.
[36m(ClientAppActor pid=122885)[0m [93mWARNING [0m:   DEPRECATED FEATURE: `client_fn` now expects a signature `def client_fn(context: Context)`.The provided `client_fn` has signature: {'cid': <Parameter "cid: str">}. You can import the `Context` like this: `from flwr.common import Context`
[36m(ClientAppActor pid=122885)[0m 
[36m(ClientAppActor pid=122885)[0m             This is a deprecated feature. It will be removed
[36m(ClientAppActor pid=122885)[0m             entirely in future versions of Flower.
[36m(ClientAppActor pid=122885)[0m         
[36m(ClientAppActor pid=122885)[0m [93mWARNING [0m:   Deprecation Warning: The `client_fn` function must return an instance of `Client`, but an instance of `NumpyClient` was returned. Please use `NumPyClient.to_client()` method to convert it to `Client`.
[92mINFO [0m:      aggregate_evaluate: received 2 results and 0 failures
[92mINFO [0m:      
[92mINFO [0m:      [ROUND 10]
[92mINFO [0m:      configure_fit: strategy sampled 2 clients (out of 2)
[36m(ClientAppActor pid=122885)[0m [93mWARNING [0m:   DEPRECATED FEATURE: `client_fn` now expects a signature `def client_fn(context: Context)`.The provided `client_fn` has signature: {'cid': <Parameter "cid: str">}. You can import the `Context` like this: `from flwr.common import Context`
[36m(ClientAppActor pid=122885)[0m 
[36m(ClientAppActor pid=122885)[0m             This is a deprecated feature. It will be removed
[36m(ClientAppActor pid=122885)[0m             entirely in future versions of Flower.
[36m(ClientAppActor pid=122885)[0m         
[36m(ClientAppActor pid=122885)[0m [93mWARNING [0m:   Deprecation Warning: The `client_fn` function must return an instance of `Client`, but an instance of `NumpyClient` was returned. Please use `NumPyClient.to_client()` method to convert it to `Client`.
[36m(ClientAppActor pid=122885)[0m [93mWARNING [0m:   DEPRECATED FEATURE: `client_fn` now expects a signature `def client_fn(context: Context)`.The provided `client_fn` has signature: {'cid': <Parameter "cid: str">}. You can import the `Context` like this: `from flwr.common import Context`
[36m(ClientAppActor pid=122885)[0m 
[36m(ClientAppActor pid=122885)[0m             This is a deprecated feature. It will be removed
[36m(ClientAppActor pid=122885)[0m             entirely in future versions of Flower.
[36m(ClientAppActor pid=122885)[0m         
[36m(ClientAppActor pid=122885)[0m [93mWARNING [0m:   Deprecation Warning: The `client_fn` function must return an instance of `Client`, but an instance of `NumpyClient` was returned. Please use `NumPyClient.to_client()` method to convert it to `Client`.
[92mINFO [0m:      aggregate_fit: received 2 results and 0 failures
[92mINFO [0m:      fit progress: (10, 0.12939419262111188, {'client0_meanDice': 0.9125843644142151, 'client0_WT': 0.9290667176246643, 'client0_TC': 0.9215318560600281, 'client0_ET': 0.8871545195579529, 'client1_meanDice': 0.8743718266487122, 'client1_WT': 0.9336631894111633, 'client1_TC': 0.8357958197593689, 'client1_ET': 0.853656530380249, 'global_meanDice': 0.8907185196876526, 'global_WT': 0.9291677474975586, 'global_TC': 0.8730965852737427, 'global_ET': 0.8698912858963013}, 2837.740809468087)
[92mINFO [0m:      configure_evaluate: strategy sampled 2 clients (out of 2)
[36m(ClientAppActor pid=122885)[0m [93mWARNING [0m:   DEPRECATED FEATURE: `client_fn` now expects a signature `def client_fn(context: Context)`.The provided `client_fn` has signature: {'cid': <Parameter "cid: str">}. You can import the `Context` like this: `from flwr.common import Context`
[36m(ClientAppActor pid=122885)[0m 
[36m(ClientAppActor pid=122885)[0m             This is a deprecated feature. It will be removed
[36m(ClientAppActor pid=122885)[0m             entirely in future versions of Flower.
[36m(ClientAppActor pid=122885)[0m         
[36m(ClientAppActor pid=122885)[0m [93mWARNING [0m:   Deprecation Warning: The `client_fn` function must return an instance of `Client`, but an instance of `NumpyClient` was returned. Please use `NumPyClient.to_client()` method to convert it to `Client`.
[36m(ClientAppActor pid=122885)[0m [93mWARNING [0m:   DEPRECATED FEATURE: `client_fn` now expects a signature `def client_fn(context: Context)`.The provided `client_fn` has signature: {'cid': <Parameter "cid: str">}. You can import the `Context` like this: `from flwr.common import Context`
[36m(ClientAppActor pid=122885)[0m 
[36m(ClientAppActor pid=122885)[0m             This is a deprecated feature. It will be removed
[36m(ClientAppActor pid=122885)[0m             entirely in future versions of Flower.
[36m(ClientAppActor pid=122885)[0m         
[36m(ClientAppActor pid=122885)[0m [93mWARNING [0m:   Deprecation Warning: The `client_fn` function must return an instance of `Client`, but an instance of `NumpyClient` was returned. Please use `NumPyClient.to_client()` method to convert it to `Client`.
[92mINFO [0m:      aggregate_evaluate: received 2 results and 0 failures
[92mINFO [0m:      
[92mINFO [0m:      [SUMMARY]
[92mINFO [0m:      Run finished 10 round(s) in 2856.09s
[92mINFO [0m:      	History (loss, distributed):
[92mINFO [0m:      		round 1: 1.0234134197235107
[92mINFO [0m:      		round 2: 0.4291545271873474
[92mINFO [0m:      		round 3: 0.1927412308752537
[92mINFO [0m:      		round 4: 0.18567248582839965
[92mINFO [0m:      		round 5: 0.12597530521452427
[92mINFO [0m:      		round 6: 0.13733979761600495
[92mINFO [0m:      		round 7: 0.11857730597257614
[92mINFO [0m:      		round 8: 0.12155495174229144
[92mINFO [0m:      		round 9: 0.12674530893564223
[92mINFO [0m:      		round 10: 0.1167427260428667
[92mINFO [0m:      	History (loss, centralized):
[92mINFO [0m:      		round 0: 1.6693330883979798
[92mINFO [0m:      		round 1: 1.0254210174083709
[92mINFO [0m:      		round 2: 0.43674416840076447
[92mINFO [0m:      		round 3: 0.20498470589518547
[92mINFO [0m:      		round 4: 0.2052122637629509
[92mINFO [0m:      		round 5: 0.14210159070789813
[92mINFO [0m:      		round 6: 0.14937556460499762
[92mINFO [0m:      		round 7: 0.13931658491492271
[92mINFO [0m:      		round 8: 0.13783046044409275
[92mINFO [0m:      		round 9: 0.14003265649080276
[92mINFO [0m:      		round 10: 0.12939419262111188
[92mINFO [0m:      	History (metrics, centralized):
[92mINFO [0m:      	{'client0_ET': [(0, 0.015935571864247322),
[92mINFO [0m:      	                (1, 0.08998442441225052),
[92mINFO [0m:      	                (2, 0.5656770467758179),
[92mINFO [0m:      	                (3, 0.8328642249107361),
[92mINFO [0m:      	                (4, 0.8051546216011047),
[92mINFO [0m:      	                (5, 0.8922334909439087),
[92mINFO [0m:      	                (6, 0.8658819198608398),
[92mINFO [0m:      	                (7, 0.8869867324829102),
[92mINFO [0m:      	                (8, 0.8878331780433655),
[92mINFO [0m:      	                (9, 0.8830143213272095),
[92mINFO [0m:      	                (10, 0.8871545195579529)],
[92mINFO [0m:      	 'client0_TC': [(0, 0.028696298599243164),
[92mINFO [0m:      	                (1, 0.1182742789387703),
[92mINFO [0m:      	                (2, 0.5004019141197205),
[92mINFO [0m:      	                (3, 0.8121328353881836),
[92mINFO [0m:      	                (4, 0.8048334717750549),
[92mINFO [0m:      	                (5, 0.8816351294517517),
[92mINFO [0m:      	                (6, 0.901055634021759),
[92mINFO [0m:      	                (7, 0.9311874508857727),
[92mINFO [0m:      	                (8, 0.9162548780441284),
[92mINFO [0m:      	                (9, 0.8926392793655396),
[92mINFO [0m:      	                (10, 0.9215318560600281)],
[92mINFO [0m:      	 'client0_WT': [(0, 0.06847331672906876),
[92mINFO [0m:      	                (1, 0.30150702595710754),
[92mINFO [0m:      	                (2, 0.7403184771537781),
[92mINFO [0m:      	                (3, 0.8587883710861206),
[92mINFO [0m:      	                (4, 0.9094334244728088),
[92mINFO [0m:      	                (5, 0.917930006980896),
[92mINFO [0m:      	                (6, 0.9206140637397766),
[92mINFO [0m:      	                (7, 0.9208264350891113),
[92mINFO [0m:      	                (8, 0.9194017052650452),
[92mINFO [0m:      	                (9, 0.9152848124504089),
[92mINFO [0m:      	                (10, 0.9290667176246643)],
[92mINFO [0m:      	 'client0_meanDice': [(0, 0.03770172968506813),
[92mINFO [0m:      	                      (1, 0.16992191970348358),
[92mINFO [0m:      	                      (2, 0.6021324992179871),
[92mINFO [0m:      	                      (3, 0.8345951437950134),
[92mINFO [0m:      	                      (4, 0.8398072123527527),
[92mINFO [0m:      	                      (5, 0.8972662091255188),
[92mINFO [0m:      	                      (6, 0.8958504796028137),
[92mINFO [0m:      	                      (7, 0.9130001664161682),
[92mINFO [0m:      	                      (8, 0.9078299403190613),
[92mINFO [0m:      	                      (9, 0.8969795107841492),
[92mINFO [0m:      	                      (10, 0.9125843644142151)],
[92mINFO [0m:      	 'client1_ET': [(0, 0.02012268267571926),
[92mINFO [0m:      	                (1, 0.10205801576375961),
[92mINFO [0m:      	                (2, 0.5352919101715088),
[92mINFO [0m:      	                (3, 0.7991518974304199),
[92mINFO [0m:      	                (4, 0.7448844909667969),
[92mINFO [0m:      	                (5, 0.8333061337471008),
[92mINFO [0m:      	                (6, 0.8036081790924072),
[92mINFO [0m:      	                (7, 0.8277438282966614),
[92mINFO [0m:      	                (8, 0.8547773957252502),
[92mINFO [0m:      	                (9, 0.8502015471458435),
[92mINFO [0m:      	                (10, 0.853656530380249)],
[92mINFO [0m:      	 'client1_TC': [(0, 0.048327118158340454),
[92mINFO [0m:      	                (1, 0.17453937232494354),
[92mINFO [0m:      	                (2, 0.5012823939323425),
[92mINFO [0m:      	                (3, 0.7717812657356262),
[92mINFO [0m:      	                (4, 0.8416233062744141),
[92mINFO [0m:      	                (5, 0.8615497946739197),
[92mINFO [0m:      	                (6, 0.816551148891449),
[92mINFO [0m:      	                (7, 0.8390607833862305),
[92mINFO [0m:      	                (8, 0.8255017399787903),
[92mINFO [0m:      	                (9, 0.859610378742218),
[92mINFO [0m:      	                (10, 0.8357958197593689)],
[92mINFO [0m:      	 'client1_WT': [(0, 0.07979560643434525),
[92mINFO [0m:      	                (1, 0.3274894058704376),
[92mINFO [0m:      	                (2, 0.7520084381103516),
[92mINFO [0m:      	                (3, 0.8662722706794739),
[92mINFO [0m:      	                (4, 0.9105280041694641),
[92mINFO [0m:      	                (5, 0.9274015426635742),
[92mINFO [0m:      	                (6, 0.917639970779419),
[92mINFO [0m:      	                (7, 0.9281797409057617),
[92mINFO [0m:      	                (8, 0.9289363026618958),
[92mINFO [0m:      	                (9, 0.9278197288513184),
[92mINFO [0m:      	                (10, 0.9336631894111633)],
[92mINFO [0m:      	 'client1_meanDice': [(0, 0.04941513016819954),
[92mINFO [0m:      	                      (1, 0.2013622522354126),
[92mINFO [0m:      	                      (2, 0.5961942672729492),
[92mINFO [0m:      	                      (3, 0.8124017715454102),
[92mINFO [0m:      	                      (4, 0.8323452472686768),
[92mINFO [0m:      	                      (5, 0.8740858435630798),
[92mINFO [0m:      	                      (6, 0.8459331393241882),
[92mINFO [0m:      	                      (7, 0.8649947643280029),
[92mINFO [0m:      	                      (8, 0.8697385191917419),
[92mINFO [0m:      	                      (9, 0.8792105317115784),
[92mINFO [0m:      	                      (10, 0.8743718266487122)],
[92mINFO [0m:      	 'global_ET': [(0, 0.016745518893003464),
[92mINFO [0m:      	               (1, 0.09069283306598663),
[92mINFO [0m:      	               (2, 0.537828266620636),
[92mINFO [0m:      	               (3, 0.8049057126045227),
[92mINFO [0m:      	               (4, 0.7493935823440552),
[92mINFO [0m:      	               (5, 0.8455540537834167),
[92mINFO [0m:      	               (6, 0.8349054455757141),
[92mINFO [0m:      	               (7, 0.8372576832771301),
[92mINFO [0m:      	               (8, 0.8688806295394897),
[92mINFO [0m:      	               (9, 0.8528794050216675),
[92mINFO [0m:      	               (10, 0.8698912858963013)],
[92mINFO [0m:      	 'global_TC': [(0, 0.03626931086182594),
[92mINFO [0m:      	               (1, 0.1393047273159027),
[92mINFO [0m:      	               (2, 0.49901366233825684),
[92mINFO [0m:      	               (3, 0.7842424511909485),
[92mINFO [0m:      	               (4, 0.8071443438529968),
[92mINFO [0m:      	               (5, 0.8628683090209961),
[92mINFO [0m:      	               (6, 0.8562019467353821),
[92mINFO [0m:      	               (7, 0.8826518058776855),
[92mINFO [0m:      	               (8, 0.8571925163269043),
[92mINFO [0m:      	               (9, 0.8694432973861694),
[92mINFO [0m:      	               (10, 0.8730965852737427)],
[92mINFO [0m:      	 'global_WT': [(0, 0.07310128211975098),
[92mINFO [0m:      	               (1, 0.3118525445461273),
[92mINFO [0m:      	               (2, 0.7466453313827515),
[92mINFO [0m:      	               (3, 0.8627445101737976),
[92mINFO [0m:      	               (4, 0.9079793691635132),
[92mINFO [0m:      	               (5, 0.9204161763191223),
[92mINFO [0m:      	               (6, 0.9203411340713501),
[92mINFO [0m:      	               (7, 0.9222127795219421),
[92mINFO [0m:      	               (8, 0.9217421412467957),
[92mINFO [0m:      	               (9, 0.9180803298950195),
[92mINFO [0m:      	               (10, 0.9291677474975586)],
[92mINFO [0m:      	 'global_meanDice': [(0, 0.042038705199956894),
[92mINFO [0m:      	                     (1, 0.18061669170856476),
[92mINFO [0m:      	                     (2, 0.5944957733154297),
[92mINFO [0m:      	                     (3, 0.8172975182533264),
[92mINFO [0m:      	                     (4, 0.8215057253837585),
[92mINFO [0m:      	                     (5, 0.8762795329093933),
[92mINFO [0m:      	                     (6, 0.870482861995697),
[92mINFO [0m:      	                     (7, 0.8807074427604675),
[92mINFO [0m:      	                     (8, 0.8826050758361816),
[92mINFO [0m:      	                     (9, 0.8801343441009521),
[92mINFO [0m:      	                     (10, 0.8907185196876526)]}
[92mINFO [0m:      
