==============================================
BraTS 2D U-Net FEDERATED (70/30) training
Job ID: 21311819
Node(s): gpu-q-8
Workdir: /home/bk489/federated/federated-thesis
Script:  /home/bk489/federated/federated-thesis/federated_unet/unet/unet_flower_train_70_30.py
Parts:   /home/bk489/federated/federated-thesis/data/partitions/federated_clients_2_70_30/client_data
Out:     /home/bk489/federated/federated-thesis/results/federated/clients_2_70_30
Strategy: fedprox | MU: 0.1
Rounds: 20 | LocalEpochs: 1
Batch: 4 | LR: 1e-3 | Seed: 42
Python:  /home/bk489/.conda/envs/fed/bin/python
Python 3.9.16 | packaged by conda-forge | (main, Feb  1 2023, 21:39:03) 
[GCC 11.3.0]
PyTorch 2.8.0+cu128 CUDA available: True CUDA: 12.8
Device count: 1
Flower 1.23.0
Mon Jan 26 20:35:32 2026       
+-----------------------------------------------------------------------------------------+
| NVIDIA-SMI 570.195.03             Driver Version: 570.195.03     CUDA Version: 12.8     |
|-----------------------------------------+------------------------+----------------------+
| GPU  Name                 Persistence-M | Bus-Id          Disp.A | Volatile Uncorr. ECC |
| Fan  Temp   Perf          Pwr:Usage/Cap |           Memory-Usage | GPU-Util  Compute M. |
|                                         |                        |               MIG M. |
|=========================================+========================+======================|
|   0  NVIDIA A100-SXM4-80GB          On  |   00000000:81:00.0 Off |                    0 |
| N/A   34C    P0             65W /  500W |       0MiB /  81920MiB |      0%      Default |
|                                         |                        |             Disabled |
+-----------------------------------------+------------------------+----------------------+
                                                                                         
+-----------------------------------------------------------------------------------------+
| Processes:                                                                              |
|  GPU   GI   CI              PID   Type   Process name                        GPU Memory |
|        ID   ID                                                               Usage      |
|=========================================================================================|
|  No running processes found                                                             |
+-----------------------------------------------------------------------------------------+
==============================================
Client partition sanity check (train/val/test must exist):
  client_0: train=1640 val=210 test=210 slices
  client_1: train=700 val=90 test=90 slices

----------------------------------------------
Running Federated Training (fedprox)
----------------------------------------------
[Round 0] Client0 Mean=0.0370 | Client1 Mean=0.0473 | Pooled Mean=0.0402
[Round 1] Client0 Mean=0.3346 | Client1 Mean=0.3689 | Pooled Mean=0.3456
[Round 2] Client0 Mean=0.6259 | Client1 Mean=0.6129 | Pooled Mean=0.6214
[Round 3] Client0 Mean=0.7296 | Client1 Mean=0.6632 | Pooled Mean=0.7106
[Round 4] Client0 Mean=0.7338 | Client1 Mean=0.6649 | Pooled Mean=0.7103
[Round 5] Client0 Mean=0.7735 | Client1 Mean=0.7068 | Pooled Mean=0.7498
[Round 6] Client0 Mean=0.7842 | Client1 Mean=0.7136 | Pooled Mean=0.7613
[Round 7] Client0 Mean=0.7747 | Client1 Mean=0.7018 | Pooled Mean=0.7508
[Round 8] Client0 Mean=0.7793 | Client1 Mean=0.7435 | Pooled Mean=0.7664
[Round 9] Client0 Mean=0.6463 | Client1 Mean=0.6373 | Pooled Mean=0.6412
[Round 10] Client0 Mean=0.8062 | Client1 Mean=0.7064 | Pooled Mean=0.7743
[Round 11] Client0 Mean=0.7472 | Client1 Mean=0.7284 | Pooled Mean=0.7408
[Round 12] Client0 Mean=0.8132 | Client1 Mean=0.7321 | Pooled Mean=0.7851
[Round 13] Client0 Mean=0.8010 | Client1 Mean=0.7240 | Pooled Mean=0.7750
[Round 14] Client0 Mean=0.8048 | Client1 Mean=0.7459 | Pooled Mean=0.7856
[Round 15] Client0 Mean=0.7081 | Client1 Mean=0.6651 | Pooled Mean=0.6959
[Round 16] Client0 Mean=0.7969 | Client1 Mean=0.7331 | Pooled Mean=0.7743
[Round 17] Client0 Mean=0.7722 | Client1 Mean=0.7476 | Pooled Mean=0.7626
[Round 18] Client0 Mean=0.8039 | Client1 Mean=0.7398 | Pooled Mean=0.7821
[Round 19] Client0 Mean=0.8004 | Client1 Mean=0.7309 | Pooled Mean=0.7756
[Round 20] Client0 Mean=0.7951 | Client1 Mean=0.7544 | Pooled Mean=0.7796

============================================================
FEDERATED TRAINING COMPLETE - Per-Client Results
============================================================
Client 0 (global model): Final Mean Dice = 0.7951, Best = 0.8132
Client 1 (global model): Final Mean Dice = 0.7544, Best = 0.7544
Pooled (global model):   Final Mean Dice = 0.7796, Best = 0.7856
============================================================

Saved: /home/bk489/federated/federated-thesis/results/federated/clients_2_70_30/fedprox_mu0.1_R20_E1_20260126_203536/results.json

Job completed!
Results saved to: /home/bk489/federated/federated-thesis/results/federated/clients_2_70_30
